#
# There is insufficient memory for the Java Runtime Environment to continue.
# Native memory allocation (malloc) failed to allocate 2110432 bytes. Error detail: Chunk::new
# Possible reasons:
#   The system is out of physical RAM or swap space
#   This process is running with CompressedOops enabled, and the Java Heap may be blocking the growth of the native heap
# Possible solutions:
#   Reduce memory load on the system
#   Increase physical memory or swap space
#   Check if swap backing store is full
#   Decrease Java heap size (-Xmx/-Xms)
#   Decrease number of Java threads
#   Decrease Java thread stack sizes (-Xss)
#   Set larger code cache with -XX:ReservedCodeCacheSize=
#   JVM is running with Unscaled Compressed Oops mode in which the Java heap is
#     placed in the first 4GB address space. The Java Heap base address is the
#     maximum limit for the native heap growth. Please use -XX:HeapBaseMinAddress
#     to set the Java Heap base and to place the Java Heap above 4GB virtual address.
# This output file may be truncated or incomplete.
#
#  Out of Memory Error (arena.cpp:168), pid=2532, tid=8868
#
# JRE version: OpenJDK Runtime Environment (21.0.6) (build 21.0.6+-13355223-b631.42)
# Java VM: OpenJDK 64-Bit Server VM (21.0.6+-13355223-b631.42, mixed mode, tiered, compressed oops, compressed class ptrs, g1 gc, windows-amd64)
# No core dump will be written. Minidumps are not enabled by default on client versions of Windows
#

---------------  S U M M A R Y ------------

Command Line: --add-opens=java.base/java.lang=ALL-UNNAMED --add-opens=java.base/java.lang.invoke=ALL-UNNAMED --add-opens=java.base/java.util=ALL-UNNAMED --add-opens=java.prefs/java.util.prefs=ALL-UNNAMED --add-exports=jdk.compiler/com.sun.tools.javac.api=ALL-UNNAMED --add-exports=jdk.compiler/com.sun.tools.javac.util=ALL-UNNAMED --add-opens=java.base/java.util=ALL-UNNAMED --add-opens=java.prefs/java.util.prefs=ALL-UNNAMED --add-opens=java.base/java.nio.charset=ALL-UNNAMED --add-opens=java.base/java.net=ALL-UNNAMED --add-opens=java.base/java.util.concurrent.atomic=ALL-UNNAMED --add-opens=java.xml/javax.xml.namespace=ALL-UNNAMED -Xmx2048m -Dfile.encoding=UTF-8 -Duser.country=GR -Duser.language=el -Duser.variant -javaagent:C:\Users\Efi\.gradle\wrapper\dists\gradle-8.11.1-bin\bpt9gzteqjrbo1mjrsomdt32c\gradle-8.11.1\lib\agents\gradle-instrumentation-agent-8.11.1.jar org.gradle.launcher.daemon.bootstrap.GradleDaemon 8.11.1

Host: AMD Ryzen 5 3500U with Radeon Vega Mobile Gfx  , 8 cores, 5G,  Windows 10 , 64 bit Build 19041 (10.0.19041.5794)
Time: Fri May 30 22:32:23 2025  Windows 10 , 64 bit Build 19041 (10.0.19041.5794) elapsed time: 12.238026 seconds (0d 0h 0m 12s)

---------------  T H R E A D  ---------------

Current thread (0x00000229a2b0ed00):  JavaThread "C2 CompilerThread1" daemon [_thread_in_native, id=8868, stack(0x00000033cba00000,0x00000033cbb00000) (1024K)]


Current CompileTask:
C2:12238 4746   !   4       java.net.URLClassLoader$1::run (81 bytes)

Stack: [0x00000033cba00000,0x00000033cbb00000]
Native frames: (J=compiled Java code, j=interpreted, Vv=VM code, C=native code)
V  [jvm.dll+0x6d05a9]
V  [jvm.dll+0x85ea73]
V  [jvm.dll+0x860fce]
V  [jvm.dll+0x8616b3]
V  [jvm.dll+0x27e6e6]
V  [jvm.dll+0xbff6d]
V  [jvm.dll+0xc04a3]
V  [jvm.dll+0x3b616b]
V  [jvm.dll+0x382097]
V  [jvm.dll+0x38150a]
V  [jvm.dll+0x247c82]
V  [jvm.dll+0x247251]
V  [jvm.dll+0x1c5f04]
V  [jvm.dll+0x2569ac]
V  [jvm.dll+0x254ef6]
V  [jvm.dll+0x3f0e56]
V  [jvm.dll+0x806e48]
V  [jvm.dll+0x6cee7d]
C  [ucrtbase.dll+0x21bb2]
C  [KERNEL32.DLL+0x17374]
C  [ntdll.dll+0x4cc91]


---------------  P R O C E S S  ---------------

Threads class SMR info:
_java_thread_list=0x00000229a1d00df0, length=34, elements={
0x0000022981683660, 0x000002299b1eee80, 0x000002299b1f17b0, 0x000002299b20c2b0,
0x000002299b20c910, 0x000002299b1dbd30, 0x000002299b1dcb30, 0x000002299b214f80,
0x000002299b1d0bf0, 0x000002299afced00, 0x000002299b4bcb70, 0x00000229a126f1d0,
0x00000229a1251230, 0x00000229a1130560, 0x00000229a13e2a70, 0x00000229a13e44d0,
0x00000229a13f30b0, 0x00000229a1127040, 0x00000229a13ef8e0, 0x00000229a13980c0,
0x00000229a1398750, 0x00000229a1399470, 0x000002299b5a7060, 0x000002299b5a0760,
0x000002299b5a5cb0, 0x000002299b5a5620, 0x000002299b5a69d0, 0x000002299b5a3be0,
0x000002299b5a4270, 0x000002299b5a2ec0, 0x000002299b5a4900, 0x000002299b5a4f90,
0x00000229a2b0ed00, 0x00000229a41979d0
}

Java Threads: ( => current thread )
  0x0000022981683660 JavaThread "main"                              [_thread_blocked, id=19400, stack(0x00000033c8b00000,0x00000033c8c00000) (1024K)]
  0x000002299b1eee80 JavaThread "Reference Handler"          daemon [_thread_blocked, id=5144, stack(0x00000033c9300000,0x00000033c9400000) (1024K)]
  0x000002299b1f17b0 JavaThread "Finalizer"                  daemon [_thread_blocked, id=11864, stack(0x00000033c9400000,0x00000033c9500000) (1024K)]
  0x000002299b20c2b0 JavaThread "Signal Dispatcher"          daemon [_thread_blocked, id=18776, stack(0x00000033c9500000,0x00000033c9600000) (1024K)]
  0x000002299b20c910 JavaThread "Attach Listener"            daemon [_thread_blocked, id=1772, stack(0x00000033c9600000,0x00000033c9700000) (1024K)]
  0x000002299b1dbd30 JavaThread "Service Thread"             daemon [_thread_blocked, id=6676, stack(0x00000033c9700000,0x00000033c9800000) (1024K)]
  0x000002299b1dcb30 JavaThread "Monitor Deflation Thread"   daemon [_thread_blocked, id=6016, stack(0x00000033c9800000,0x00000033c9900000) (1024K)]
  0x000002299b214f80 JavaThread "C2 CompilerThread0"         daemon [_thread_in_native, id=11088, stack(0x00000033c9900000,0x00000033c9a00000) (1024K)]
  0x000002299b1d0bf0 JavaThread "C1 CompilerThread0"         daemon [_thread_blocked, id=3632, stack(0x00000033c9a00000,0x00000033c9b00000) (1024K)]
  0x000002299afced00 JavaThread "Common-Cleaner"             daemon [_thread_blocked, id=9412, stack(0x00000033c9b00000,0x00000033c9c00000) (1024K)]
  0x000002299b4bcb70 JavaThread "Notification Thread"        daemon [_thread_blocked, id=18320, stack(0x00000033c9c00000,0x00000033c9d00000) (1024K)]
  0x00000229a126f1d0 JavaThread "Daemon health stats"               [_thread_blocked, id=19364, stack(0x00000033c9d00000,0x00000033c9e00000) (1024K)]
  0x00000229a1251230 JavaThread "Incoming local TCP Connector on port 60902"        [_thread_in_native, id=16052, stack(0x00000033ca200000,0x00000033ca300000) (1024K)]
  0x00000229a1130560 JavaThread "Daemon periodic checks"            [_thread_blocked, id=8880, stack(0x00000033ca400000,0x00000033ca500000) (1024K)]
  0x00000229a13e2a70 JavaThread "Daemon"                            [_thread_blocked, id=17816, stack(0x00000033ca500000,0x00000033ca600000) (1024K)]
  0x00000229a13e44d0 JavaThread "Handler for socket connection from /127.0.0.1:60902 to /127.0.0.1:60903"        [_thread_in_native, id=3380, stack(0x00000033ca600000,0x00000033ca700000) (1024K)]
  0x00000229a13f30b0 JavaThread "Cancel handler"                    [_thread_blocked, id=14524, stack(0x00000033ca700000,0x00000033ca800000) (1024K)]
  0x00000229a1127040 JavaThread "Daemon worker"                     [_thread_in_vm, id=11600, stack(0x00000033ca800000,0x00000033ca900000) (1024K)]
  0x00000229a13ef8e0 JavaThread "Asynchronous log dispatcher for DefaultDaemonConnection: socket connection from /127.0.0.1:60902 to /127.0.0.1:60903"        [_thread_blocked, id=19672, stack(0x00000033ca900000,0x00000033caa00000) (1024K)]
  0x00000229a13980c0 JavaThread "Stdin handler"                     [_thread_blocked, id=10300, stack(0x00000033caa00000,0x00000033cab00000) (1024K)]
  0x00000229a1398750 JavaThread "Daemon client event forwarder"        [_thread_blocked, id=4492, stack(0x00000033cab00000,0x00000033cac00000) (1024K)]
  0x00000229a1399470 JavaThread "Cache worker for journal cache (C:\Users\Efi\.gradle\caches\journal-1)"        [_thread_blocked, id=18716, stack(0x00000033ca300000,0x00000033ca400000) (1024K)]
  0x000002299b5a7060 JavaThread "File lock request listener"        [_thread_in_native, id=12024, stack(0x00000033cb000000,0x00000033cb100000) (1024K)]
  0x000002299b5a0760 JavaThread "Cache worker for file hash cache (C:\Users\Efi\.gradle\caches\8.11.1\fileHashes)"        [_thread_blocked, id=8788, stack(0x00000033cb100000,0x00000033cb200000) (1024K)]
  0x000002299b5a5cb0 JavaThread "Cache worker for file content cache (C:\Users\Efi\.gradle\caches\8.11.1\fileContent)"        [_thread_blocked, id=21432, stack(0x00000033cb300000,0x00000033cb400000) (1024K)]
  0x000002299b5a5620 JavaThread "Cache worker for file hash cache (C:\Users\Efi\AndroidStudioProjects\JustInTimeApp\.gradle\8.11.1\fileHashes)"        [_thread_blocked, id=16120, stack(0x00000033cb400000,0x00000033cb500000) (1024K)]
  0x000002299b5a69d0 JavaThread "Cache worker for Build Output Cleanup Cache (C:\Users\Efi\AndroidStudioProjects\JustInTimeApp\.gradle\buildOutputCleanup)"        [_thread_blocked, id=3736, stack(0x00000033cb500000,0x00000033cb600000) (1024K)]
  0x000002299b5a3be0 JavaThread "File watcher server"        daemon [_thread_in_native, id=6332, stack(0x00000033cb600000,0x00000033cb700000) (1024K)]
  0x000002299b5a4270 JavaThread "File watcher consumer"      daemon [_thread_blocked, id=2648, stack(0x00000033cb700000,0x00000033cb800000) (1024K)]
  0x000002299b5a2ec0 JavaThread "Cache worker for checksums cache (C:\Users\Efi\AndroidStudioProjects\JustInTimeApp\.gradle\8.11.1\checksums)"        [_thread_blocked, id=8432, stack(0x00000033cb800000,0x00000033cb900000) (1024K)]
  0x000002299b5a4900 JavaThread "Cache worker for cache directory md-rule (C:\Users\Efi\.gradle\caches\8.11.1\md-rule)"        [_thread_blocked, id=18484, stack(0x00000033cb200000,0x00000033cb300000) (1024K)]
  0x000002299b5a4f90 JavaThread "Cache worker for cache directory md-supplier (C:\Users\Efi\.gradle\caches\8.11.1\md-supplier)"        [_thread_blocked, id=2156, stack(0x00000033cb900000,0x00000033cba00000) (1024K)]
=>0x00000229a2b0ed00 JavaThread "C2 CompilerThread1"         daemon [_thread_in_native, id=8868, stack(0x00000033cba00000,0x00000033cbb00000) (1024K)]
  0x00000229a41979d0 JavaThread "C2 CompilerThread2"         daemon [_thread_in_native, id=7920, stack(0x00000033cbb00000,0x00000033cbc00000) (1024K)]
Total: 34

Other Threads:
  0x000002299b060890 VMThread "VM Thread"                           [id=1944, stack(0x00000033c9200000,0x00000033c9300000) (1024K)]
  0x000002299afcdf10 WatcherThread "VM Periodic Task Thread"        [id=13500, stack(0x00000033c9100000,0x00000033c9200000) (1024K)]
  0x00000229839a8630 WorkerThread "GC Thread#0"                     [id=18732, stack(0x00000033c8c00000,0x00000033c8d00000) (1024K)]
  0x000002299bbbe5b0 WorkerThread "GC Thread#1"                     [id=3544, stack(0x00000033c9f00000,0x00000033ca000000) (1024K)]
  0x000002299bb73850 WorkerThread "GC Thread#2"                     [id=17376, stack(0x00000033ca000000,0x00000033ca100000) (1024K)]
  0x00000229a05482d0 WorkerThread "GC Thread#3"                     [id=16976, stack(0x00000033c9e00000,0x00000033c9f00000) (1024K)]
  0x00000229a0548670 WorkerThread "GC Thread#4"                     [id=1760, stack(0x00000033ca100000,0x00000033ca200000) (1024K)]
  0x00000229a1396f60 WorkerThread "GC Thread#5"                     [id=7448, stack(0x00000033cac00000,0x00000033cad00000) (1024K)]
  0x00000229a1397300 WorkerThread "GC Thread#6"                     [id=17356, stack(0x00000033cad00000,0x00000033cae00000) (1024K)]
  0x00000229a11ac9d0 WorkerThread "GC Thread#7"                     [id=20744, stack(0x00000033cae00000,0x00000033caf00000) (1024K)]
  0x00000229839b9520 ConcurrentGCThread "G1 Main Marker"            [id=13264, stack(0x00000033c8d00000,0x00000033c8e00000) (1024K)]
  0x00000229839ba0a0 WorkerThread "G1 Conc#0"                       [id=2764, stack(0x00000033c8e00000,0x00000033c8f00000) (1024K)]
  0x00000229a11eab50 WorkerThread "G1 Conc#1"                       [id=9724, stack(0x00000033caf00000,0x00000033cb000000) (1024K)]
  0x0000022983a1eb20 ConcurrentGCThread "G1 Refine#0"               [id=18736, stack(0x00000033c8f00000,0x00000033c9000000) (1024K)]
  0x000002299aea4730 ConcurrentGCThread "G1 Service"                [id=15972, stack(0x00000033c9000000,0x00000033c9100000) (1024K)]
Total: 15

Threads with active compile tasks:
C2 CompilerThread0  12286 4707   !   4       java.net.URLClassLoader::findClass (47 bytes)
C2 CompilerThread1  12286 4746   !   4       java.net.URLClassLoader$1::run (81 bytes)
C2 CompilerThread2  12286 4759       4       jdk.internal.loader.URLClassPath::getResource (74 bytes)
Total: 3

VM state: not at safepoint (normal execution)

VM Mutex/Monitor currently owned by a thread: None

Heap address: 0x0000000080000000, size: 2048 MB, Compressed Oops mode: 32-bit

CDS archive(s) not mapped
Compressed class space mapped at: 0x0000000100000000-0x0000000140000000, reserved size: 1073741824
Narrow klass base: 0x0000000000000000, Narrow klass shift: 3, Narrow klass range: 0x140000000

GC Precious Log:
 CardTable entry size: 512
 Card Set container configuration: InlinePtr #cards 5 size 8 Array Of Cards #cards 12 size 40 Howl #buckets 4 coarsen threshold 1843 Howl Bitmap #cards 512 size 80 coarsen threshold 460 Card regions per heap region 1 cards per card region 2048
 CPUs: 8 total, 8 available
 Memory: 6090M
 Large Page Support: Disabled
 NUMA Support: Disabled
 Compressed Oops: Enabled (32-bit)
 Heap Region Size: 1M
 Heap Min Capacity: 8M
 Heap Initial Capacity: 96M
 Heap Max Capacity: 2G
 Pre-touch: Disabled
 Parallel Workers: 8
 Concurrent Workers: 2
 Concurrent Refinement Workers: 8
 Periodic GC: Disabled

Heap:
 garbage-first heap   total 95232K, used 83275K [0x0000000080000000, 0x0000000100000000)
  region size 1024K, 50 young (51200K), 2 survivors (2048K)
 Metaspace       used 54633K, committed 56128K, reserved 1114112K
  class space    used 7352K, committed 8064K, reserved 1048576K

Heap Regions: E=young(eden), S=young(survivor), O=old, HS=humongous(starts), HC=humongous(continues), CS=collection set, F=free, TAMS=top-at-mark-start, PB=parsable bottom
|   0|0x0000000080000000, 0x0000000080100000, 0x0000000080100000|100%| O|  |TAMS 0x0000000080000000| PB 0x0000000080000000| Untracked 
|   1|0x0000000080100000, 0x0000000080200000, 0x0000000080200000|100%|HS|  |TAMS 0x0000000080100000| PB 0x0000000080100000| Complete 
|   2|0x0000000080200000, 0x0000000080300000, 0x0000000080300000|100%|HC|  |TAMS 0x0000000080200000| PB 0x0000000080200000| Complete 
|   3|0x0000000080300000, 0x0000000080400000, 0x0000000080400000|100%|HC|  |TAMS 0x0000000080300000| PB 0x0000000080300000| Complete 
|   4|0x0000000080400000, 0x0000000080500000, 0x0000000080500000|100%| O|  |TAMS 0x0000000080400000| PB 0x0000000080400000| Untracked 
|   5|0x0000000080500000, 0x0000000080600000, 0x0000000080600000|100%| O|  |TAMS 0x0000000080500000| PB 0x0000000080500000| Untracked 
|   6|0x0000000080600000, 0x0000000080700000, 0x0000000080700000|100%| O|  |TAMS 0x0000000080600000| PB 0x0000000080600000| Untracked 
|   7|0x0000000080700000, 0x0000000080800000, 0x0000000080800000|100%|HS|  |TAMS 0x0000000080700000| PB 0x0000000080700000| Complete 
|   8|0x0000000080800000, 0x0000000080900000, 0x0000000080900000|100%| O|  |TAMS 0x0000000080800000| PB 0x0000000080800000| Untracked 
|   9|0x0000000080900000, 0x0000000080a00000, 0x0000000080a00000|100%| O|  |TAMS 0x0000000080900000| PB 0x0000000080900000| Untracked 
|  10|0x0000000080a00000, 0x0000000080b00000, 0x0000000080b00000|100%| O|  |TAMS 0x0000000080a00000| PB 0x0000000080a00000| Untracked 
|  11|0x0000000080b00000, 0x0000000080c00000, 0x0000000080c00000|100%| O|  |TAMS 0x0000000080b00000| PB 0x0000000080b00000| Untracked 
|  12|0x0000000080c00000, 0x0000000080d00000, 0x0000000080d00000|100%| O|  |TAMS 0x0000000080c00000| PB 0x0000000080c00000| Untracked 
|  13|0x0000000080d00000, 0x0000000080e00000, 0x0000000080e00000|100%| O|  |TAMS 0x0000000080d00000| PB 0x0000000080d00000| Untracked 
|  14|0x0000000080e00000, 0x0000000080f00000, 0x0000000080f00000|100%| O|  |TAMS 0x0000000080e00000| PB 0x0000000080e00000| Untracked 
|  15|0x0000000080f00000, 0x0000000081000000, 0x0000000081000000|100%| O|  |TAMS 0x0000000080f00000| PB 0x0000000080f00000| Untracked 
|  16|0x0000000081000000, 0x0000000081100000, 0x0000000081100000|100%| O|  |TAMS 0x0000000081000000| PB 0x0000000081000000| Untracked 
|  17|0x0000000081100000, 0x0000000081200000, 0x0000000081200000|100%| O|  |TAMS 0x0000000081100000| PB 0x0000000081100000| Untracked 
|  18|0x0000000081200000, 0x0000000081300000, 0x0000000081300000|100%| O|  |TAMS 0x0000000081200000| PB 0x0000000081200000| Untracked 
|  19|0x0000000081300000, 0x0000000081400000, 0x0000000081400000|100%| O|  |TAMS 0x0000000081300000| PB 0x0000000081300000| Untracked 
|  20|0x0000000081400000, 0x0000000081500000, 0x0000000081500000|100%| O|  |TAMS 0x0000000081400000| PB 0x0000000081400000| Untracked 
|  21|0x0000000081500000, 0x0000000081600000, 0x0000000081600000|100%| O|  |TAMS 0x0000000081500000| PB 0x0000000081500000| Untracked 
|  22|0x0000000081600000, 0x0000000081700000, 0x0000000081700000|100%| O|  |TAMS 0x0000000081600000| PB 0x0000000081600000| Untracked 
|  23|0x0000000081700000, 0x0000000081800000, 0x0000000081800000|100%| O|  |TAMS 0x0000000081700000| PB 0x0000000081700000| Untracked 
|  24|0x0000000081800000, 0x0000000081900000, 0x0000000081900000|100%| O|  |TAMS 0x0000000081800000| PB 0x0000000081800000| Untracked 
|  25|0x0000000081900000, 0x0000000081a00000, 0x0000000081a00000|100%| O|  |TAMS 0x0000000081900000| PB 0x0000000081900000| Untracked 
|  26|0x0000000081a00000, 0x0000000081b00000, 0x0000000081b00000|100%| O|  |TAMS 0x0000000081a00000| PB 0x0000000081a00000| Untracked 
|  27|0x0000000081b00000, 0x0000000081c00000, 0x0000000081c00000|100%| O|  |TAMS 0x0000000081b00000| PB 0x0000000081b00000| Untracked 
|  28|0x0000000081c00000, 0x0000000081d00000, 0x0000000081d00000|100%| O|  |TAMS 0x0000000081c00000| PB 0x0000000081c00000| Untracked 
|  29|0x0000000081d00000, 0x0000000081e00000, 0x0000000081e00000|100%| O|  |TAMS 0x0000000081d00000| PB 0x0000000081d00000| Untracked 
|  30|0x0000000081e00000, 0x0000000081f00000, 0x0000000081f00000|100%| O|  |TAMS 0x0000000081e00000| PB 0x0000000081e00000| Untracked 
|  31|0x0000000081f00000, 0x0000000081f66800, 0x0000000082000000| 40%| O|  |TAMS 0x0000000081f00000| PB 0x0000000081f00000| Untracked 
|  32|0x0000000082000000, 0x0000000082100000, 0x0000000082100000|100%|HS|  |TAMS 0x0000000082000000| PB 0x0000000082000000| Complete 
|  33|0x0000000082100000, 0x0000000082200000, 0x0000000082200000|100%|HS|  |TAMS 0x0000000082100000| PB 0x0000000082100000| Complete 
|  34|0x0000000082200000, 0x0000000082200000, 0x0000000082300000|  0%| F|  |TAMS 0x0000000082200000| PB 0x0000000082200000| Untracked 
|  35|0x0000000082300000, 0x0000000082300000, 0x0000000082400000|  0%| F|  |TAMS 0x0000000082300000| PB 0x0000000082300000| Untracked 
|  36|0x0000000082400000, 0x0000000082400000, 0x0000000082500000|  0%| F|  |TAMS 0x0000000082400000| PB 0x0000000082400000| Untracked 
|  37|0x0000000082500000, 0x0000000082500000, 0x0000000082600000|  0%| F|  |TAMS 0x0000000082500000| PB 0x0000000082500000| Untracked 
|  38|0x0000000082600000, 0x0000000082600000, 0x0000000082700000|  0%| F|  |TAMS 0x0000000082600000| PB 0x0000000082600000| Untracked 
|  39|0x0000000082700000, 0x0000000082700000, 0x0000000082800000|  0%| F|  |TAMS 0x0000000082700000| PB 0x0000000082700000| Untracked 
|  40|0x0000000082800000, 0x0000000082800000, 0x0000000082900000|  0%| F|  |TAMS 0x0000000082800000| PB 0x0000000082800000| Untracked 
|  41|0x0000000082900000, 0x00000000829ec4a8, 0x0000000082a00000| 92%| S|CS|TAMS 0x0000000082900000| PB 0x0000000082900000| Complete 
|  42|0x0000000082a00000, 0x0000000082b00000, 0x0000000082b00000|100%| S|CS|TAMS 0x0000000082a00000| PB 0x0000000082a00000| Complete 
|  43|0x0000000082b00000, 0x0000000082b00000, 0x0000000082c00000|  0%| F|  |TAMS 0x0000000082b00000| PB 0x0000000082b00000| Untracked 
|  44|0x0000000082c00000, 0x0000000082c80000, 0x0000000082d00000| 50%| E|  |TAMS 0x0000000082c00000| PB 0x0000000082c00000| Complete 
|  45|0x0000000082d00000, 0x0000000082e00000, 0x0000000082e00000|100%| E|CS|TAMS 0x0000000082d00000| PB 0x0000000082d00000| Complete 
|  46|0x0000000082e00000, 0x0000000082f00000, 0x0000000082f00000|100%| E|CS|TAMS 0x0000000082e00000| PB 0x0000000082e00000| Complete 
|  47|0x0000000082f00000, 0x0000000083000000, 0x0000000083000000|100%| E|CS|TAMS 0x0000000082f00000| PB 0x0000000082f00000| Complete 
|  48|0x0000000083000000, 0x0000000083100000, 0x0000000083100000|100%| E|CS|TAMS 0x0000000083000000| PB 0x0000000083000000| Complete 
|  49|0x0000000083100000, 0x0000000083200000, 0x0000000083200000|100%| E|CS|TAMS 0x0000000083100000| PB 0x0000000083100000| Complete 
|  50|0x0000000083200000, 0x0000000083300000, 0x0000000083300000|100%| E|CS|TAMS 0x0000000083200000| PB 0x0000000083200000| Complete 
|  51|0x0000000083300000, 0x0000000083400000, 0x0000000083400000|100%| E|CS|TAMS 0x0000000083300000| PB 0x0000000083300000| Complete 
|  52|0x0000000083400000, 0x0000000083500000, 0x0000000083500000|100%| E|CS|TAMS 0x0000000083400000| PB 0x0000000083400000| Complete 
|  53|0x0000000083500000, 0x0000000083600000, 0x0000000083600000|100%| E|CS|TAMS 0x0000000083500000| PB 0x0000000083500000| Complete 
|  54|0x0000000083600000, 0x0000000083700000, 0x0000000083700000|100%| E|CS|TAMS 0x0000000083600000| PB 0x0000000083600000| Complete 
|  55|0x0000000083700000, 0x0000000083800000, 0x0000000083800000|100%| E|CS|TAMS 0x0000000083700000| PB 0x0000000083700000| Complete 
|  56|0x0000000083800000, 0x0000000083900000, 0x0000000083900000|100%| E|CS|TAMS 0x0000000083800000| PB 0x0000000083800000| Complete 
|  57|0x0000000083900000, 0x0000000083a00000, 0x0000000083a00000|100%| E|  |TAMS 0x0000000083900000| PB 0x0000000083900000| Complete 
|  58|0x0000000083a00000, 0x0000000083b00000, 0x0000000083b00000|100%| E|CS|TAMS 0x0000000083a00000| PB 0x0000000083a00000| Complete 
|  59|0x0000000083b00000, 0x0000000083c00000, 0x0000000083c00000|100%| E|CS|TAMS 0x0000000083b00000| PB 0x0000000083b00000| Complete 
|  60|0x0000000083c00000, 0x0000000083d00000, 0x0000000083d00000|100%| E|CS|TAMS 0x0000000083c00000| PB 0x0000000083c00000| Complete 
|  61|0x0000000083d00000, 0x0000000083e00000, 0x0000000083e00000|100%| E|CS|TAMS 0x0000000083d00000| PB 0x0000000083d00000| Complete 
|  62|0x0000000083e00000, 0x0000000083f00000, 0x0000000083f00000|100%| E|CS|TAMS 0x0000000083e00000| PB 0x0000000083e00000| Complete 
|  63|0x0000000083f00000, 0x0000000084000000, 0x0000000084000000|100%| E|CS|TAMS 0x0000000083f00000| PB 0x0000000083f00000| Complete 
|  64|0x0000000084000000, 0x0000000084100000, 0x0000000084100000|100%| E|CS|TAMS 0x0000000084000000| PB 0x0000000084000000| Complete 
|  65|0x0000000084100000, 0x0000000084200000, 0x0000000084200000|100%| E|CS|TAMS 0x0000000084100000| PB 0x0000000084100000| Complete 
|  66|0x0000000084200000, 0x0000000084300000, 0x0000000084300000|100%| E|CS|TAMS 0x0000000084200000| PB 0x0000000084200000| Complete 
|  67|0x0000000084300000, 0x0000000084400000, 0x0000000084400000|100%| E|CS|TAMS 0x0000000084300000| PB 0x0000000084300000| Complete 
|  68|0x0000000084400000, 0x0000000084500000, 0x0000000084500000|100%| E|CS|TAMS 0x0000000084400000| PB 0x0000000084400000| Complete 
|  69|0x0000000084500000, 0x0000000084600000, 0x0000000084600000|100%| E|CS|TAMS 0x0000000084500000| PB 0x0000000084500000| Complete 
|  70|0x0000000084600000, 0x0000000084700000, 0x0000000084700000|100%| E|CS|TAMS 0x0000000084600000| PB 0x0000000084600000| Complete 
|  71|0x0000000084700000, 0x0000000084800000, 0x0000000084800000|100%| E|CS|TAMS 0x0000000084700000| PB 0x0000000084700000| Complete 
|  72|0x0000000084800000, 0x0000000084900000, 0x0000000084900000|100%| E|CS|TAMS 0x0000000084800000| PB 0x0000000084800000| Complete 
|  73|0x0000000084900000, 0x0000000084a00000, 0x0000000084a00000|100%| E|CS|TAMS 0x0000000084900000| PB 0x0000000084900000| Complete 
|  74|0x0000000084a00000, 0x0000000084b00000, 0x0000000084b00000|100%| E|CS|TAMS 0x0000000084a00000| PB 0x0000000084a00000| Complete 
|  75|0x0000000084b00000, 0x0000000084c00000, 0x0000000084c00000|100%| E|CS|TAMS 0x0000000084b00000| PB 0x0000000084b00000| Complete 
|  76|0x0000000084c00000, 0x0000000084d00000, 0x0000000084d00000|100%| E|CS|TAMS 0x0000000084c00000| PB 0x0000000084c00000| Complete 
|  77|0x0000000084d00000, 0x0000000084e00000, 0x0000000084e00000|100%| E|CS|TAMS 0x0000000084d00000| PB 0x0000000084d00000| Complete 
|  78|0x0000000084e00000, 0x0000000084f00000, 0x0000000084f00000|100%| E|CS|TAMS 0x0000000084e00000| PB 0x0000000084e00000| Complete 
|  79|0x0000000084f00000, 0x0000000085000000, 0x0000000085000000|100%| E|CS|TAMS 0x0000000084f00000| PB 0x0000000084f00000| Complete 
|  80|0x0000000085000000, 0x0000000085100000, 0x0000000085100000|100%| E|CS|TAMS 0x0000000085000000| PB 0x0000000085000000| Complete 
|  81|0x0000000085100000, 0x0000000085200000, 0x0000000085200000|100%| E|CS|TAMS 0x0000000085100000| PB 0x0000000085100000| Complete 
|  82|0x0000000085200000, 0x0000000085300000, 0x0000000085300000|100%| E|CS|TAMS 0x0000000085200000| PB 0x0000000085200000| Complete 
|  83|0x0000000085300000, 0x0000000085400000, 0x0000000085400000|100%| E|CS|TAMS 0x0000000085300000| PB 0x0000000085300000| Complete 
|  84|0x0000000085400000, 0x0000000085500000, 0x0000000085500000|100%| E|CS|TAMS 0x0000000085400000| PB 0x0000000085400000| Complete 
|  85|0x0000000085500000, 0x0000000085600000, 0x0000000085600000|100%| E|CS|TAMS 0x0000000085500000| PB 0x0000000085500000| Complete 
|  86|0x0000000085600000, 0x0000000085700000, 0x0000000085700000|100%| E|CS|TAMS 0x0000000085600000| PB 0x0000000085600000| Complete 
|  87|0x0000000085700000, 0x0000000085800000, 0x0000000085800000|100%| E|CS|TAMS 0x0000000085700000| PB 0x0000000085700000| Complete 
|  88|0x0000000085800000, 0x0000000085900000, 0x0000000085900000|100%| E|CS|TAMS 0x0000000085800000| PB 0x0000000085800000| Complete 
|  89|0x0000000085900000, 0x0000000085a00000, 0x0000000085a00000|100%| E|CS|TAMS 0x0000000085900000| PB 0x0000000085900000| Complete 
|  90|0x0000000085a00000, 0x0000000085b00000, 0x0000000085b00000|100%| E|CS|TAMS 0x0000000085a00000| PB 0x0000000085a00000| Complete 
|  91|0x0000000085b00000, 0x0000000085c00000, 0x0000000085c00000|100%| E|CS|TAMS 0x0000000085b00000| PB 0x0000000085b00000| Complete 
|  95|0x0000000085f00000, 0x0000000086000000, 0x0000000086000000|100%| E|CS|TAMS 0x0000000085f00000| PB 0x0000000085f00000| Complete 

Card table byte_map: [0x00000229961f0000,0x00000229965f0000] _byte_map_base: 0x0000022995df0000

Marking Bits: (CMBitMap*) 0x00000229839a8c40
 Bits: [0x00000229965f0000, 0x00000229985f0000)

Polling page: 0x0000022983120000

Metaspace:

Usage:
  Non-class:     46.20 MB used.
      Class:      7.19 MB used.
       Both:     53.39 MB used.

Virtual space:
  Non-class space:       64.00 MB reserved,      46.94 MB ( 73%) committed,  1 nodes.
      Class space:        1.00 GB reserved,       7.88 MB ( <1%) committed,  1 nodes.
             Both:        1.06 GB reserved,      54.81 MB (  5%) committed. 

Chunk freelists:
   Non-Class:  976.00 KB
       Class:  8.14 MB
        Both:  9.09 MB

MaxMetaspaceSize: unlimited
CompressedClassSpaceSize: 1.00 GB
Initial GC threshold: 21.00 MB
Current GC threshold: 59.00 MB
CDS: off
 - commit_granule_bytes: 65536.
 - commit_granule_words: 8192.
 - virtual_space_node_default_size: 8388608.
 - enlarge_chunks_in_place: 1.
 - use_allocation_guard: 0.


Internal statistics:

num_allocs_failed_limit: 6.
num_arena_births: 2712.
num_arena_deaths: 0.
num_vsnodes_births: 2.
num_vsnodes_deaths: 0.
num_space_committed: 877.
num_space_uncommitted: 0.
num_chunks_returned_to_freelist: 6.
num_chunks_taken_from_freelist: 4857.
num_chunk_merges: 6.
num_chunk_splits: 3140.
num_chunks_enlarged: 1942.
num_inconsistent_stats: 0.

CodeHeap 'non-profiled nmethods': size=120000Kb used=2630Kb max_used=2630Kb free=117369Kb
 bounds [0x000002298e580000, 0x000002298e820000, 0x0000022995ab0000]
CodeHeap 'profiled nmethods': size=120000Kb used=8348Kb max_used=8348Kb free=111651Kb
 bounds [0x0000022986ab0000, 0x00000229872e0000, 0x000002298dfe0000]
CodeHeap 'non-nmethods': size=5760Kb used=1940Kb max_used=1978Kb free=3819Kb
 bounds [0x000002298dfe0000, 0x000002298e250000, 0x000002298e580000]
 total_blobs=5089 nmethods=4367 adapters=626
 compilation: enabled
              stopped_count=0, restarted_count=0
 full_count=0

Compilation events (20 events):
Event: 11.927 Thread 0x000002299b1d0bf0 4757       3       kotlin.reflect.jvm.internal.impl.name.FqName::asString (16 bytes)
Event: 11.928 Thread 0x000002299b1d0bf0 nmethod 4757 0x00000229872cda10 code [0x00000229872cdbe0, 0x00000229872cde30]
Event: 11.928 Thread 0x000002299b1d0bf0 4758       3       kotlin.reflect.jvm.internal.impl.name.FqName::<init> (26 bytes)
Event: 11.929 Thread 0x000002299b1d0bf0 nmethod 4758 0x00000229872cdf10 code [0x00000229872ce100, 0x00000229872ce590]
Event: 11.940 Thread 0x000002299b1d0bf0 4761       3       java.util.jar.JarFile::getEntry (35 bytes)
Event: 11.940 Thread 0x000002299b1d0bf0 nmethod 4761 0x00000229872ce710 code [0x00000229872ce920, 0x00000229872ced90]
Event: 11.948 Thread 0x000002299b1d0bf0 4762       2       java.util.jar.JarFile::getVersionedEntry (133 bytes)
Event: 11.952 Thread 0x000002299b1d0bf0 nmethod 4762 0x00000229872cef10 code [0x00000229872cf160, 0x00000229872cf7b8]
Event: 12.124 Thread 0x000002299b1d0bf0 4764       3       jdk.internal.jimage.BasicImageReader::getLocationIndex (52 bytes)
Event: 12.125 Thread 0x000002299b1d0bf0 nmethod 4764 0x00000229872cfc10 code [0x00000229872cfe20, 0x00000229872d02a8]
Event: 12.126 Thread 0x000002299b1d0bf0 4765       3       java.lang.Character::isJavaIdentifierPart (9 bytes)
Event: 12.126 Thread 0x000002299b1d0bf0 nmethod 4765 0x00000229872d0510 code [0x00000229872d06c0, 0x00000229872d08b0]
Event: 12.126 Thread 0x000002299b1d0bf0 4766       3       java.lang.CharacterDataLatin1::isJavaIdentifierPart (20 bytes)
Event: 12.127 Thread 0x000002299b1d0bf0 nmethod 4766 0x00000229872d0990 code [0x00000229872d0b40, 0x00000229872d0d48]
Event: 12.135 Thread 0x000002299b1d0bf0 4767       3       jdk.internal.loader.URLClassPath$1::next (59 bytes)
Event: 12.136 Thread 0x000002299b1d0bf0 nmethod 4767 0x00000229872d0e90 code [0x00000229872d1080, 0x00000229872d1480]
Event: 12.162 Thread 0x00000229a41979d0 nmethod 4675 0x000002298e7fd310 code [0x000002298e7fdd80, 0x000002298e806ae0]
Event: 12.162 Thread 0x00000229a41979d0 4759       4       jdk.internal.loader.URLClassPath::getResource (74 bytes)
Event: 12.167 Thread 0x000002299b1d0bf0 4768       3       jdk.internal.loader.Resource::getByteBuffer (24 bytes)
Event: 12.168 Thread 0x000002299b1d0bf0 nmethod 4768 0x00000229872d1590 code [0x00000229872d1780, 0x00000229872d1e30]

GC Heap History (20 events):
Event: 1.055 GC heap before
{Heap before GC invocations=0 (full 0):
 garbage-first heap   total 98304K, used 22528K [0x0000000080000000, 0x0000000100000000)
  region size 1024K, 23 young (23552K), 0 survivors (0K)
 Metaspace       used 7994K, committed 8128K, reserved 1114112K
  class space    used 712K, committed 768K, reserved 1048576K
}
Event: 1.063 GC heap after
{Heap after GC invocations=1 (full 0):
 garbage-first heap   total 98304K, used 3504K [0x0000000080000000, 0x0000000100000000)
  region size 1024K, 3 young (3072K), 3 survivors (3072K)
 Metaspace       used 7994K, committed 8128K, reserved 1114112K
  class space    used 712K, committed 768K, reserved 1048576K
}
Event: 2.419 GC heap before
{Heap before GC invocations=1 (full 0):
 garbage-first heap   total 98304K, used 40368K [0x0000000080000000, 0x0000000100000000)
  region size 1024K, 36 young (36864K), 3 survivors (3072K)
 Metaspace       used 12165K, committed 12352K, reserved 1114112K
  class space    used 1278K, committed 1408K, reserved 1048576K
}
Event: 2.431 GC heap after
{Heap after GC invocations=2 (full 0):
 garbage-first heap   total 98304K, used 10676K [0x0000000080000000, 0x0000000100000000)
  region size 1024K, 5 young (5120K), 5 survivors (5120K)
 Metaspace       used 12165K, committed 12352K, reserved 1114112K
  class space    used 1278K, committed 1408K, reserved 1048576K
}
Event: 3.510 GC heap before
{Heap before GC invocations=2 (full 0):
 garbage-first heap   total 98304K, used 55732K [0x0000000080000000, 0x0000000100000000)
  region size 1024K, 47 young (48128K), 5 survivors (5120K)
 Metaspace       used 12508K, committed 12736K, reserved 1114112K
  class space    used 1333K, committed 1472K, reserved 1048576K
}
Event: 3.522 GC heap after
{Heap after GC invocations=3 (full 0):
 garbage-first heap   total 98304K, used 16827K [0x0000000080000000, 0x0000000100000000)
  region size 1024K, 5 young (5120K), 5 survivors (5120K)
 Metaspace       used 12508K, committed 12736K, reserved 1114112K
  class space    used 1333K, committed 1472K, reserved 1048576K
}
Event: 5.010 GC heap before
{Heap before GC invocations=3 (full 0):
 garbage-first heap   total 98304K, used 45499K [0x0000000080000000, 0x0000000100000000)
  region size 1024K, 34 young (34816K), 5 survivors (5120K)
 Metaspace       used 21138K, committed 21504K, reserved 1114112K
  class space    used 2439K, committed 2624K, reserved 1048576K
}
Event: 5.023 GC heap after
{Heap after GC invocations=4 (full 0):
 garbage-first heap   total 98304K, used 20355K [0x0000000080000000, 0x0000000100000000)
  region size 1024K, 4 young (4096K), 4 survivors (4096K)
 Metaspace       used 21138K, committed 21504K, reserved 1114112K
  class space    used 2439K, committed 2624K, reserved 1048576K
}
Event: 6.928 GC heap before
{Heap before GC invocations=5 (full 0):
 garbage-first heap   total 71680K, used 69507K [0x0000000080000000, 0x0000000100000000)
  region size 1024K, 53 young (54272K), 4 survivors (4096K)
 Metaspace       used 29439K, committed 30016K, reserved 1114112K
  class space    used 3754K, committed 4032K, reserved 1048576K
}
Event: 6.942 GC heap after
{Heap after GC invocations=6 (full 0):
 garbage-first heap   total 78848K, used 23373K [0x0000000080000000, 0x0000000100000000)
  region size 1024K, 7 young (7168K), 7 survivors (7168K)
 Metaspace       used 29439K, committed 30016K, reserved 1114112K
  class space    used 3754K, committed 4032K, reserved 1048576K
}
Event: 8.151 GC heap before
{Heap before GC invocations=6 (full 0):
 garbage-first heap   total 78848K, used 62285K [0x0000000080000000, 0x0000000100000000)
  region size 1024K, 46 young (47104K), 7 survivors (7168K)
 Metaspace       used 34898K, committed 35712K, reserved 1114112K
  class space    used 4644K, committed 5056K, reserved 1048576K
}
Event: 8.161 GC heap after
{Heap after GC invocations=7 (full 0):
 garbage-first heap   total 78848K, used 25766K [0x0000000080000000, 0x0000000100000000)
  region size 1024K, 6 young (6144K), 6 survivors (6144K)
 Metaspace       used 34898K, committed 35712K, reserved 1114112K
  class space    used 4644K, committed 5056K, reserved 1048576K
}
Event: 8.260 GC heap before
{Heap before GC invocations=7 (full 0):
 garbage-first heap   total 78848K, used 28838K [0x0000000080000000, 0x0000000100000000)
  region size 1024K, 10 young (10240K), 6 survivors (6144K)
 Metaspace       used 35235K, committed 36096K, reserved 1114112K
  class space    used 4712K, committed 5120K, reserved 1048576K
}
Event: 8.268 GC heap after
{Heap after GC invocations=8 (full 0):
 garbage-first heap   total 78848K, used 26160K [0x0000000080000000, 0x0000000100000000)
  region size 1024K, 3 young (3072K), 3 survivors (3072K)
 Metaspace       used 35235K, committed 36096K, reserved 1114112K
  class space    used 4712K, committed 5120K, reserved 1048576K
}
Event: 9.286 GC heap before
{Heap before GC invocations=9 (full 0):
 garbage-first heap   total 78848K, used 67120K [0x0000000080000000, 0x0000000100000000)
  region size 1024K, 43 young (44032K), 3 survivors (3072K)
 Metaspace       used 40907K, committed 42112K, reserved 1114112K
  class space    used 5608K, committed 6208K, reserved 1048576K
}
Event: 9.293 GC heap after
{Heap after GC invocations=10 (full 0):
 garbage-first heap   total 78848K, used 28371K [0x0000000080000000, 0x0000000100000000)
  region size 1024K, 6 young (6144K), 6 survivors (6144K)
 Metaspace       used 40907K, committed 42112K, reserved 1114112K
  class space    used 5608K, committed 6208K, reserved 1048576K
}
Event: 10.038 GC heap before
{Heap before GC invocations=10 (full 0):
 garbage-first heap   total 78848K, used 65235K [0x0000000080000000, 0x0000000100000000)
  region size 1024K, 43 young (44032K), 6 survivors (6144K)
 Metaspace       used 45788K, committed 46976K, reserved 1114112K
  class space    used 6086K, committed 6656K, reserved 1048576K
}
Event: 10.051 GC heap after
{Heap after GC invocations=11 (full 0):
 garbage-first heap   total 78848K, used 32216K [0x0000000080000000, 0x0000000100000000)
  region size 1024K, 6 young (6144K), 6 survivors (6144K)
 Metaspace       used 45788K, committed 46976K, reserved 1114112K
  class space    used 6086K, committed 6656K, reserved 1048576K
}
Event: 10.609 GC heap before
{Heap before GC invocations=11 (full 0):
 garbage-first heap   total 78848K, used 67032K [0x0000000080000000, 0x0000000100000000)
  region size 1024K, 40 young (40960K), 6 survivors (6144K)
 Metaspace       used 47600K, committed 48896K, reserved 1114112K
  class space    used 6372K, committed 6976K, reserved 1048576K
}
Event: 10.617 GC heap after
{Heap after GC invocations=12 (full 0):
 garbage-first heap   total 95232K, used 34123K [0x0000000080000000, 0x0000000100000000)
  region size 1024K, 2 young (2048K), 2 survivors (2048K)
 Metaspace       used 47600K, committed 48896K, reserved 1114112K
  class space    used 6372K, committed 6976K, reserved 1048576K
}

Dll operation events (3 events):
Event: 0.019 Loaded shared library C:\Program Files\Android\Android Studio\jbr\bin\java.dll
Event: 0.033 Loaded shared library C:\Program Files\Android\Android Studio\jbr\bin\zip.dll
Event: 1.244 Loaded shared library C:\Program Files\Android\Android Studio\jbr\bin\verify.dll

Deoptimization events (20 events):
Event: 11.708 Thread 0x00000229a1127040 Uncommon trap: trap_request=0xffffffde fr.pc=0x000002298e6f3808 relative=0x00000000000002c8
Event: 11.708 Thread 0x00000229a1127040 Uncommon trap: reason=class_check action=maybe_recompile pc=0x000002298e6f3808 method=java.util.Collections$SetFromMap.remove(Ljava/lang/Object;)Z @ 5 c2
Event: 11.708 Thread 0x00000229a1127040 DEOPT PACKING pc=0x000002298e6f3808 sp=0x00000033ca8f8f50
Event: 11.708 Thread 0x00000229a1127040 DEOPT UNPACKING pc=0x000002298e0346a2 sp=0x00000033ca8f8f38 mode 2
Event: 11.794 Thread 0x00000229a1127040 DEOPT PACKING pc=0x00000229872a907a sp=0x00000033ca8f8c00
Event: 11.794 Thread 0x00000229a1127040 DEOPT UNPACKING pc=0x000002298e034e42 sp=0x00000033ca8f8088 mode 0
Event: 11.936 Thread 0x00000229a1127040 DEOPT PACKING pc=0x00000229872a907a sp=0x00000033ca8f6e30
Event: 11.936 Thread 0x00000229a1127040 DEOPT UNPACKING pc=0x000002298e034e42 sp=0x00000033ca8f62b8 mode 0
Event: 11.939 Thread 0x00000229a1127040 Uncommon trap: trap_request=0xffffff54 fr.pc=0x000002298e63a924 relative=0x00000000000015a4
Event: 11.939 Thread 0x00000229a1127040 Uncommon trap: reason=speculate_null_assert action=make_not_entrant pc=0x000002298e63a924 method=java.util.jar.JarFile.getVersionedEntry(Ljava/lang/String;Ljava/util/jar/JarEntry;)Ljava/util/jar/JarEntry; @ 115 c2
Event: 11.939 Thread 0x00000229a1127040 DEOPT PACKING pc=0x000002298e63a924 sp=0x00000033ca8f8810
Event: 11.939 Thread 0x00000229a1127040 DEOPT UNPACKING pc=0x000002298e0346a2 sp=0x00000033ca8f8818 mode 2
Event: 11.939 Thread 0x00000229a1127040 Uncommon trap: trap_request=0xffffff45 fr.pc=0x000002298e5decf0 relative=0x0000000000000f90
Event: 11.939 Thread 0x00000229a1127040 Uncommon trap: reason=unstable_if action=reinterpret pc=0x000002298e5decf0 method=java.util.jar.JarFile.getEntry(Ljava/lang/String;)Ljava/util/zip/ZipEntry; @ 15 c2
Event: 11.939 Thread 0x00000229a1127040 DEOPT PACKING pc=0x000002298e5decf0 sp=0x00000033ca8f88e0
Event: 11.939 Thread 0x00000229a1127040 DEOPT UNPACKING pc=0x000002298e0346a2 sp=0x00000033ca8f88d8 mode 2
Event: 12.047 Thread 0x00000229a1127040 DEOPT PACKING pc=0x00000229872a907a sp=0x00000033ca8f87f0
Event: 12.047 Thread 0x00000229a1127040 DEOPT UNPACKING pc=0x000002298e034e42 sp=0x00000033ca8f7c78 mode 0
Event: 12.145 Thread 0x00000229a1127040 DEOPT PACKING pc=0x00000229872a907a sp=0x00000033ca8f8700
Event: 12.145 Thread 0x00000229a1127040 DEOPT UNPACKING pc=0x000002298e034e42 sp=0x00000033ca8f7b88 mode 0

Classes loaded (20 events):
Event: 11.331 Loading class java/util/concurrent/atomic/AtomicReferenceFieldUpdater$AtomicReferenceFieldUpdaterImpl$1
Event: 11.331 Loading class java/util/concurrent/atomic/AtomicReferenceFieldUpdater$AtomicReferenceFieldUpdaterImpl$1 done
Event: 11.632 Loading class java/lang/StringIndexOutOfBoundsException
Event: 11.633 Loading class java/lang/StringIndexOutOfBoundsException done
Event: 11.712 Loading class java/util/stream/DistinctOps
Event: 11.712 Loading class java/util/stream/DistinctOps done
Event: 11.712 Loading class java/util/stream/DistinctOps$1
Event: 11.713 Loading class java/util/stream/ReferencePipeline$StatefulOp
Event: 11.713 Loading class java/util/stream/ReferencePipeline$StatefulOp done
Event: 11.713 Loading class java/util/stream/DistinctOps$1 done
Event: 11.714 Loading class java/util/stream/DistinctOps$1$2
Event: 11.715 Loading class java/util/stream/DistinctOps$1$2 done
Event: 11.720 Loading class java/util/stream/SortedOps
Event: 11.721 Loading class java/util/stream/SortedOps done
Event: 11.721 Loading class java/util/stream/SortedOps$OfRef
Event: 11.722 Loading class java/util/stream/SortedOps$OfRef done
Event: 11.725 Loading class java/util/stream/SortedOps$SizedRefSortingSink
Event: 11.725 Loading class java/util/stream/SortedOps$AbstractRefSortingSink
Event: 11.725 Loading class java/util/stream/SortedOps$AbstractRefSortingSink done
Event: 11.725 Loading class java/util/stream/SortedOps$SizedRefSortingSink done

Classes unloaded (0 events):
No events

Classes redefined (0 events):
No events

Internal exceptions (20 events):
Event: 10.709 Thread 0x00000229a1127040 Exception <a 'java/lang/NoSuchMethodError'{0x0000000085bf01d8}: 'void java.lang.invoke.DirectMethodHandle$Holder.invokeInterface(java.lang.Object, java.lang.Object, java.lang.Object, java.lang.Object, java.lang.Object, java.lang.Object, java.lang.Object)'> (0x0000000085bf01d8) 
thrown [s\src\hotspot\share\interpreter\linkResolver.cpp, line 784]
Event: 10.710 Thread 0x00000229a1127040 Exception <a 'java/lang/NoSuchMethodError'{0x0000000085bf4b60}: 'void java.lang.invoke.DelegatingMethodHandle$Holder.reinvoke_L(java.lang.Object, java.lang.Object, java.lang.Object, java.lang.Object, java.lang.Object, java.lang.Object, java.lang.Object)'> (0x0000000085bf4b60) 
thrown [s\src\hotspot\share\interpreter\linkResolver.cpp, line 784]
Event: 10.742 Thread 0x00000229a1127040 Exception <a 'java/lang/NoSuchMethodError'{0x0000000085922fc8}: 'java.lang.Object java.lang.invoke.DirectMethodHandle$Holder.invokeVirtual(java.lang.Object, java.lang.Object, java.lang.Object, java.lang.Object, java.lang.Object, java.lang.Object, java.lang.Object, java.lang.Object, java.lang.Object, java.lang.Object, java.lang.Object, java.lang.Object, java.lang.Object, java.lang.Object, java.lang.Object)'> (0x0000000085922fc8) 
thrown [s\src\hotspot\share\interpreter\linkResolver.cpp, line 784]
Event: 10.766 Thread 0x00000229a1127040 Exception <a 'java/lang/NoSuchMethodError'{0x00000000859fc378}: 'java.lang.Object java.lang.invoke.DirectMethodHandle$Holder.newInvokeSpecial(java.lang.Object, java.lang.Object, java.lang.Object, java.lang.Object, java.lang.Object, java.lang.Object, java.lang.Object, java.lang.Object, java.lang.Object, java.lang.Object, java.lang.Object, java.lang.Object, java.lang.Object)'> (0x00000000859fc378) 
thrown [s\src\hotspot\share\interpreter\linkResolver.cpp, line 784]
Event: 10.867 Thread 0x00000229a1127040 Exception <a 'java/lang/NoSuchMethodError'{0x0000000085522758}: 'java.lang.Object java.lang.invoke.DirectMethodHandle$Holder.newInvokeSpecial(java.lang.Object, java.lang.Object, java.lang.Object, java.lang.Object, int)'> (0x0000000085522758) 
thrown [s\src\hotspot\share\interpreter\linkResolver.cpp, line 784]
Event: 10.868 Thread 0x00000229a1127040 Exception <a 'java/lang/NoSuchMethodError'{0x00000000855277c0}: 'java.lang.Object java.lang.invoke.DirectMethodHandle$Holder.invokeSpecial(java.lang.Object, java.lang.Object, java.lang.Object, java.lang.Object, java.lang.Object, int)'> (0x00000000855277c0) 
thrown [s\src\hotspot\share\interpreter\linkResolver.cpp, line 784]
Event: 10.868 Thread 0x00000229a1127040 Exception <a 'java/lang/NoSuchMethodError'{0x000000008552bfb0}: 'java.lang.Object java.lang.invoke.Invokers$Holder.linkToTargetMethod(java.lang.Object, java.lang.Object, java.lang.Object, int, java.lang.Object)'> (0x000000008552bfb0) 
thrown [s\src\hotspot\share\interpreter\linkResolver.cpp, line 784]
Event: 10.945 Thread 0x00000229a1127040 Exception <a 'java/lang/NoSuchMethodError'{0x000000008536ecf0}: 'int java.lang.invoke.DirectMethodHandle$Holder.invokeInterface(java.lang.Object, java.lang.Object, java.lang.Object, java.lang.Object)'> (0x000000008536ecf0) 
thrown [s\src\hotspot\share\interpreter\linkResolver.cpp, line 784]
Event: 11.022 Thread 0x00000229a1127040 Exception <a 'java/lang/NoSuchMethodError'{0x00000000851c9648}: 'java.lang.Object java.lang.invoke.DirectMethodHandle$Holder.invokeStatic(java.lang.Object, long, java.lang.Object)'> (0x00000000851c9648) 
thrown [s\src\hotspot\share\interpreter\linkResolver.cpp, line 784]
Event: 11.023 Thread 0x00000229a1127040 Exception <a 'java/lang/NoSuchMethodError'{0x00000000851d0840}: 'java.lang.Object java.lang.invoke.DirectMethodHandle$Holder.newInvokeSpecial(java.lang.Object, long)'> (0x00000000851d0840) 
thrown [s\src\hotspot\share\interpreter\linkResolver.cpp, line 784]
Event: 11.036 Thread 0x00000229a1127040 Exception <a 'java/lang/NoSuchMethodError'{0x000000008503a738}: 'java.lang.Object java.lang.invoke.Invokers$Holder.linkToTargetMethod(java.lang.Object, java.lang.Object, java.lang.Object, java.lang.Object, long, java.lang.Object, java.lang.Object)'> (0x000000008503a738) 
thrown [s\src\hotspot\share\interpreter\linkResolver.cpp, line 784]
Event: 11.045 Thread 0x00000229a1127040 Exception <a 'java/lang/NoSuchMethodError'{0x0000000085089838}: 'java.lang.Object java.lang.invoke.DirectMethodHandle$Holder.invokeSpecial(java.lang.Object, java.lang.Object, java.lang.Object, java.lang.Object, long, java.lang.Object)'> (0x0000000085089838) 
thrown [s\src\hotspot\share\interpreter\linkResolver.cpp, line 784]
Event: 11.045 Thread 0x00000229a1127040 Exception <a 'java/lang/NoSuchMethodError'{0x000000008508dac0}: 'java.lang.Object java.lang.invoke.Invokers$Holder.linkToTargetMethod(java.lang.Object, java.lang.Object, long, java.lang.Object, java.lang.Object)'> (0x000000008508dac0) 
thrown [s\src\hotspot\share\interpreter\linkResolver.cpp, line 784]
Event: 11.108 Thread 0x00000229a1127040 Exception <a 'java/lang/NoSuchMethodError'{0x0000000084efaf38}: 'java.lang.Object java.lang.invoke.DirectMethodHandle$Holder.newInvokeSpecial(java.lang.Object, java.lang.Object, java.lang.Object, java.lang.Object, java.lang.Object, java.lang.Object, java.lang.Object, java.lang.Object, java.lang.Object, java.lang.Object, java.lang.Object, java.lang.Object, java.lang.Object, java.lang.Object, java.lang.Object, java.lang.Object, java.lang.Object, java.lang.Object, java.lang.Object, java.lang.Object, java.lang
Event: 11.220 Thread 0x00000229a1127040 Implicit null exception at 0x000002298e5c317c to 0x000002298e5c322c
Event: 11.470 Thread 0x00000229a1127040 Exception <a 'java/lang/IncompatibleClassChangeError'{0x00000000843553e8}: Found class java.lang.Object, but interface was expected> (0x00000000843553e8) 
thrown [s\src\hotspot\share\interpreter\linkResolver.cpp, line 851]
Event: 11.566 Thread 0x00000229a1127040 Exception <a 'java/lang/NoSuchMethodError'{0x00000000840a01a8}: 'java.lang.Object java.lang.invoke.DirectMethodHandle$Holder.newInvokeSpecial(java.lang.Object, int, java.lang.Object)'> (0x00000000840a01a8) 
thrown [s\src\hotspot\share\interpreter\linkResolver.cpp, line 784]
Event: 11.652 Thread 0x00000229a1127040 Exception <a 'java/lang/NoSuchMethodError'{0x0000000083edcbe0}: 'java.lang.Object java.lang.invoke.DirectMethodHandle$Holder.invokeSpecial(java.lang.Object, java.lang.Object, long, java.lang.Object, java.lang.Object)'> (0x0000000083edcbe0) 
thrown [s\src\hotspot\share\interpreter\linkResolver.cpp, line 784]
Event: 11.680 Thread 0x00000229a1127040 Exception <a 'java/lang/NoSuchMethodError'{0x0000000083dad810}: 'java.lang.Object java.lang.invoke.DirectMethodHandle$Holder.newInvokeSpecial(java.lang.Object, java.lang.Object, int, java.lang.Object)'> (0x0000000083dad810) 
thrown [s\src\hotspot\share\interpreter\linkResolver.cpp, line 784]
Event: 11.681 Thread 0x00000229a1127040 Exception <a 'java/lang/NoSuchMethodError'{0x0000000083db2018}: 'java.lang.Object java.lang.invoke.DirectMethodHandle$Holder.invokeSpecial(java.lang.Object, java.lang.Object, java.lang.Object, int, java.lang.Object)'> (0x0000000083db2018) 
thrown [s\src\hotspot\share\interpreter\linkResolver.cpp, line 784]

ZGC Phase Switch (0 events):
No events

VM Operations (20 events):
Event: 9.861 Executing VM operation: HandshakeAllThreads (Deoptimize)
Event: 9.861 Executing VM operation: HandshakeAllThreads (Deoptimize) done
Event: 10.009 Executing VM operation: ICBufferFull
Event: 10.009 Executing VM operation: ICBufferFull done
Event: 10.038 Executing VM operation: G1CollectForAllocation (G1 Evacuation Pause)
Event: 10.051 Executing VM operation: G1CollectForAllocation (G1 Evacuation Pause) done
Event: 10.403 Executing VM operation: HandshakeAllThreads (Deoptimize)
Event: 10.403 Executing VM operation: HandshakeAllThreads (Deoptimize) done
Event: 10.458 Executing VM operation: HandshakeAllThreads (Deoptimize)
Event: 10.458 Executing VM operation: HandshakeAllThreads (Deoptimize) done
Event: 10.609 Executing VM operation: G1CollectForAllocation (G1 Evacuation Pause)
Event: 10.618 Executing VM operation: G1CollectForAllocation (G1 Evacuation Pause) done
Event: 10.848 Executing VM operation: HandshakeAllThreads (Deoptimize)
Event: 10.849 Executing VM operation: HandshakeAllThreads (Deoptimize) done
Event: 10.943 Executing VM operation: HandshakeAllThreads (Deoptimize)
Event: 10.944 Executing VM operation: HandshakeAllThreads (Deoptimize) done
Event: 11.472 Executing VM operation: ICBufferFull
Event: 11.472 Executing VM operation: ICBufferFull done
Event: 11.714 Executing VM operation: HandshakeAllThreads (Deoptimize)
Event: 11.714 Executing VM operation: HandshakeAllThreads (Deoptimize) done

Memory protections (0 events):
No events

Nmethod flushes (20 events):
Event: 8.289 Thread 0x000002299b060890 flushing  nmethod 0x0000022986c48c90
Event: 8.289 Thread 0x000002299b060890 flushing  nmethod 0x0000022986c49d90
Event: 8.289 Thread 0x000002299b060890 flushing  nmethod 0x0000022986c4a710
Event: 8.289 Thread 0x000002299b060890 flushing  nmethod 0x0000022986c4b310
Event: 8.289 Thread 0x000002299b060890 flushing  nmethod 0x0000022986c8f210
Event: 8.289 Thread 0x000002299b060890 flushing  nmethod 0x0000022986c91190
Event: 8.289 Thread 0x000002299b060890 flushing  nmethod 0x0000022986cd6f10
Event: 8.289 Thread 0x000002299b060890 flushing  nmethod 0x0000022986cd7510
Event: 8.289 Thread 0x000002299b060890 flushing  nmethod 0x0000022986cdc990
Event: 8.289 Thread 0x000002299b060890 flushing  nmethod 0x0000022986d30790
Event: 8.289 Thread 0x000002299b060890 flushing  nmethod 0x0000022986de6390
Event: 8.289 Thread 0x000002299b060890 flushing  nmethod 0x0000022986de9190
Event: 8.289 Thread 0x000002299b060890 flushing  nmethod 0x0000022986dea790
Event: 8.289 Thread 0x000002299b060890 flushing  nmethod 0x0000022986decc90
Event: 8.289 Thread 0x000002299b060890 flushing  nmethod 0x0000022986deda10
Event: 8.289 Thread 0x000002299b060890 flushing  nmethod 0x0000022986dee010
Event: 8.289 Thread 0x000002299b060890 flushing  nmethod 0x0000022986df2d10
Event: 8.289 Thread 0x000002299b060890 flushing  nmethod 0x0000022986ea5410
Event: 8.289 Thread 0x000002299b060890 flushing  nmethod 0x0000022986ea8610
Event: 8.289 Thread 0x000002299b060890 flushing  nmethod 0x0000022986eebe10

Events (20 events):
Event: 4.853 Thread 0x00000229a1127040 Thread added: 0x00000229a13980c0
Event: 4.858 Thread 0x00000229a1127040 Thread added: 0x00000229a1398750
Event: 5.096 Thread 0x00000229a1146290 Thread exited: 0x00000229a1146290
Event: 5.688 Thread 0x00000229a1127040 Thread added: 0x00000229a1399470
Event: 5.704 Thread 0x00000229a1127040 Thread added: 0x000002299b5a7060
Event: 5.750 Thread 0x00000229a1127040 Thread added: 0x000002299b5a0760
Event: 6.001 Thread 0x000002299b1d0bf0 Thread added: 0x000002299bbf00a0
Event: 7.088 Thread 0x00000229a1127040 Thread added: 0x000002299b5a5cb0
Event: 7.581 Thread 0x00000229a1127040 Thread added: 0x000002299b5a5620
Event: 7.606 Thread 0x00000229a1127040 Thread added: 0x000002299b5a69d0
Event: 7.920 Thread 0x00000229a1127040 Thread added: 0x000002299b5a3be0
Event: 7.933 Thread 0x00000229a1127040 Thread added: 0x000002299b5a4270
Event: 8.479 Thread 0x00000229a1127040 Thread added: 0x000002299b5a2ec0
Event: 8.584 Thread 0x000002299bbf00a0 Thread exited: 0x000002299bbf00a0
Event: 8.746 Thread 0x00000229a1127040 Thread added: 0x000002299b5a4900
Event: 8.927 Thread 0x00000229a1127040 Thread added: 0x000002299b5a4f90
Event: 9.193 Thread 0x000002299b1d0bf0 Thread added: 0x00000229a2b0ed00
Event: 9.332 Thread 0x000002299b1d0bf0 Thread added: 0x00000229a43191d0
Event: 9.547 Thread 0x00000229a43191d0 Thread exited: 0x00000229a43191d0
Event: 9.911 Thread 0x00000229a2b0ed00 Thread added: 0x00000229a41979d0


Dynamic libraries:
0x00007ff6f0550000 - 0x00007ff6f055a000 	C:\Program Files\Android\Android Studio\jbr\bin\java.exe
0x00007ffc605f0000 - 0x00007ffc607e8000 	C:\windows\SYSTEM32\ntdll.dll
0x00007ffc5ec00000 - 0x00007ffc5ecc2000 	C:\windows\System32\KERNEL32.DLL
0x00007ffc5e0d0000 - 0x00007ffc5e3c6000 	C:\windows\System32\KERNELBASE.dll
0x00007ffc5e520000 - 0x00007ffc5e620000 	C:\windows\System32\ucrtbase.dll
0x00007ffc4e620000 - 0x00007ffc4e63b000 	C:\Program Files\Android\Android Studio\jbr\bin\VCRUNTIME140.dll
0x00007ffc5a070000 - 0x00007ffc5a088000 	C:\Program Files\Android\Android Studio\jbr\bin\jli.dll
0x00007ffc60120000 - 0x00007ffc602bd000 	C:\windows\System32\USER32.dll
0x00007ffc46ce0000 - 0x00007ffc46f7a000 	C:\windows\WinSxS\amd64_microsoft.windows.common-controls_6595b64144ccf1df_6.0.19041.5794_none_60bcd33171f2783c\COMCTL32.dll
0x00007ffc5e4f0000 - 0x00007ffc5e512000 	C:\windows\System32\win32u.dll
0x00007ffc5e620000 - 0x00007ffc5e6be000 	C:\windows\System32\msvcrt.dll
0x00007ffc5e6c0000 - 0x00007ffc5e6eb000 	C:\windows\System32\GDI32.dll
0x00007ffc5e3d0000 - 0x00007ffc5e4ea000 	C:\windows\System32\gdi32full.dll
0x00007ffc5ddd0000 - 0x00007ffc5de6d000 	C:\windows\System32\msvcp_win.dll
0x00007ffc5f000000 - 0x00007ffc5f02f000 	C:\windows\System32\IMM32.DLL
0x00007ffc555f0000 - 0x00007ffc555fc000 	C:\Program Files\Android\Android Studio\jbr\bin\vcruntime140_1.dll
0x00007ffc2b6f0000 - 0x00007ffc2b77d000 	C:\Program Files\Android\Android Studio\jbr\bin\msvcp140.dll
0x00007ffc06b20000 - 0x00007ffc077ab000 	C:\Program Files\Android\Android Studio\jbr\bin\server\jvm.dll
0x00007ffc603e0000 - 0x00007ffc6048f000 	C:\windows\System32\ADVAPI32.dll
0x00007ffc602c0000 - 0x00007ffc6035f000 	C:\windows\System32\sechost.dll
0x00007ffc5ecd0000 - 0x00007ffc5edf3000 	C:\windows\System32\RPCRT4.dll
0x00007ffc5e0a0000 - 0x00007ffc5e0c7000 	C:\windows\System32\bcrypt.dll
0x00007ffc5f610000 - 0x00007ffc5f67b000 	C:\windows\System32\WS2_32.dll
0x00007ffc5daf0000 - 0x00007ffc5db3b000 	C:\windows\SYSTEM32\POWRPROF.dll
0x00007ffc540a0000 - 0x00007ffc540c7000 	C:\windows\SYSTEM32\WINMM.dll
0x00007ffc56080000 - 0x00007ffc5608a000 	C:\windows\SYSTEM32\VERSION.dll
0x00007ffc5dad0000 - 0x00007ffc5dae2000 	C:\windows\SYSTEM32\UMPDC.dll
0x00007ffc5bb10000 - 0x00007ffc5bb22000 	C:\windows\SYSTEM32\kernel.appcore.dll
0x00007ffc554b0000 - 0x00007ffc554ba000 	C:\Program Files\Android\Android Studio\jbr\bin\jimage.dll
0x00007ffc44400000 - 0x00007ffc44601000 	C:\windows\SYSTEM32\DBGHELP.DLL
0x00007ffc44af0000 - 0x00007ffc44b24000 	C:\windows\SYSTEM32\dbgcore.DLL
0x00007ffc5dc90000 - 0x00007ffc5dd12000 	C:\windows\System32\bcryptPrimitives.dll
0x00007ffc5b2e0000 - 0x00007ffc5b2ee000 	C:\Program Files\Android\Android Studio\jbr\bin\instrument.dll
0x00007ffc4e4c0000 - 0x00007ffc4e4e0000 	C:\Program Files\Android\Android Studio\jbr\bin\java.dll
0x00007ffc4e470000 - 0x00007ffc4e488000 	C:\Program Files\Android\Android Studio\jbr\bin\zip.dll
0x00007ffc5f6f0000 - 0x00007ffc5fe5e000 	C:\windows\System32\SHELL32.dll
0x00007ffc5bd10000 - 0x00007ffc5c4b3000 	C:\windows\SYSTEM32\windows.storage.dll
0x00007ffc5e6f0000 - 0x00007ffc5ea43000 	C:\windows\System32\combase.dll
0x00007ffc5d5f0000 - 0x00007ffc5d61b000 	C:\windows\SYSTEM32\Wldp.dll
0x00007ffc5fe70000 - 0x00007ffc5ff3d000 	C:\windows\System32\OLEAUT32.dll
0x00007ffc60500000 - 0x00007ffc605ad000 	C:\windows\System32\SHCORE.dll
0x00007ffc5f690000 - 0x00007ffc5f6e5000 	C:\windows\System32\shlwapi.dll
0x00007ffc5dbc0000 - 0x00007ffc5dbe5000 	C:\windows\SYSTEM32\profapi.dll
0x00007ffc55330000 - 0x00007ffc55340000 	C:\Program Files\Android\Android Studio\jbr\bin\net.dll
0x00007ffc56850000 - 0x00007ffc5695a000 	C:\windows\SYSTEM32\WINHTTP.dll
0x00007ffc5d350000 - 0x00007ffc5d3bc000 	C:\windows\system32\mswsock.dll
0x00007ffc4df80000 - 0x00007ffc4df96000 	C:\Program Files\Android\Android Studio\jbr\bin\nio.dll
0x00007ffc54ad0000 - 0x00007ffc54ae0000 	C:\Program Files\Android\Android Studio\jbr\bin\verify.dll
0x00007ffc3f3b0000 - 0x00007ffc3f3d7000 	C:\Users\Efi\.gradle\native\c067742578af261105cb4f569cf0c3c89f3d7b1fecec35dd04571415982c5e48\windows-amd64\native-platform.dll
0x00007ffc2b5a0000 - 0x00007ffc2b6e4000 	C:\Users\Efi\.gradle\native\100fb08df4bc3b14c8652ba06237920a3bd2aa13389f12d3474272988ae205f9\windows-amd64\native-platform-file-events.dll
0x00007ffc4e150000 - 0x00007ffc4e159000 	C:\Program Files\Android\Android Studio\jbr\bin\management.dll
0x00007ffc4df70000 - 0x00007ffc4df7b000 	C:\Program Files\Android\Android Studio\jbr\bin\management_ext.dll
0x00007ffc604f0000 - 0x00007ffc604f8000 	C:\windows\System32\PSAPI.DLL
0x00007ffc5d550000 - 0x00007ffc5d568000 	C:\windows\SYSTEM32\CRYPTSP.dll
0x00007ffc5cc70000 - 0x00007ffc5cca8000 	C:\windows\system32\rsaenh.dll
0x00007ffc5db80000 - 0x00007ffc5dbae000 	C:\windows\SYSTEM32\USERENV.dll
0x00007ffc5d540000 - 0x00007ffc5d54c000 	C:\windows\SYSTEM32\CRYPTBASE.dll
0x00007ffc5d030000 - 0x00007ffc5d06b000 	C:\windows\SYSTEM32\IPHLPAPI.DLL
0x00007ffc5fe60000 - 0x00007ffc5fe68000 	C:\windows\System32\NSI.dll
0x00007ffc4e510000 - 0x00007ffc4e519000 	C:\Program Files\Android\Android Studio\jbr\bin\extnet.dll
0x00007ffc4e5a0000 - 0x00007ffc4e5a7000 	C:\windows\system32\wshunix.dll

dbghelp: loaded successfully - version: 4.0.5 - missing functions: none
symbol engine: initialized successfully - sym options: 0x614 - pdb path: .;C:\Program Files\Android\Android Studio\jbr\bin;C:\windows\SYSTEM32;C:\windows\WinSxS\amd64_microsoft.windows.common-controls_6595b64144ccf1df_6.0.19041.5794_none_60bcd33171f2783c;C:\Program Files\Android\Android Studio\jbr\bin\server;C:\Users\Efi\.gradle\native\c067742578af261105cb4f569cf0c3c89f3d7b1fecec35dd04571415982c5e48\windows-amd64;C:\Users\Efi\.gradle\native\100fb08df4bc3b14c8652ba06237920a3bd2aa13389f12d3474272988ae205f9\windows-amd64

VM Arguments:
jvm_args: --add-opens=java.base/java.lang=ALL-UNNAMED --add-opens=java.base/java.lang.invoke=ALL-UNNAMED --add-opens=java.base/java.util=ALL-UNNAMED --add-opens=java.prefs/java.util.prefs=ALL-UNNAMED --add-exports=jdk.compiler/com.sun.tools.javac.api=ALL-UNNAMED --add-exports=jdk.compiler/com.sun.tools.javac.util=ALL-UNNAMED --add-opens=java.base/java.util=ALL-UNNAMED --add-opens=java.prefs/java.util.prefs=ALL-UNNAMED --add-opens=java.base/java.nio.charset=ALL-UNNAMED --add-opens=java.base/java.net=ALL-UNNAMED --add-opens=java.base/java.util.concurrent.atomic=ALL-UNNAMED --add-opens=java.xml/javax.xml.namespace=ALL-UNNAMED -Xmx2048m -Dfile.encoding=UTF-8 -Duser.country=GR -Duser.language=el -Duser.variant -javaagent:C:\Users\Efi\.gradle\wrapper\dists\gradle-8.11.1-bin\bpt9gzteqjrbo1mjrsomdt32c\gradle-8.11.1\lib\agents\gradle-instrumentation-agent-8.11.1.jar 
java_command: org.gradle.launcher.daemon.bootstrap.GradleDaemon 8.11.1
java_class_path (initial): C:\Users\Efi\.gradle\wrapper\dists\gradle-8.11.1-bin\bpt9gzteqjrbo1mjrsomdt32c\gradle-8.11.1\lib\gradle-daemon-main-8.11.1.jar
Launcher Type: SUN_STANDARD

[Global flags]
     intx CICompilerCount                          = 4                                         {product} {ergonomic}
     uint ConcGCThreads                            = 2                                         {product} {ergonomic}
     uint G1ConcRefinementThreads                  = 8                                         {product} {ergonomic}
   size_t G1HeapRegionSize                         = 1048576                                   {product} {ergonomic}
    uintx GCDrainStackTargetSize                   = 64                                        {product} {ergonomic}
   size_t InitialHeapSize                          = 100663296                                 {product} {ergonomic}
   size_t MarkStackSize                            = 4194304                                   {product} {ergonomic}
   size_t MaxHeapSize                              = 2147483648                                {product} {command line}
   size_t MaxNewSize                               = 1287651328                                {product} {ergonomic}
   size_t MinHeapDeltaBytes                        = 1048576                                   {product} {ergonomic}
   size_t MinHeapSize                              = 8388608                                   {product} {ergonomic}
    uintx NonNMethodCodeHeapSize                   = 5839372                                {pd product} {ergonomic}
    uintx NonProfiledCodeHeapSize                  = 122909434                              {pd product} {ergonomic}
    uintx ProfiledCodeHeapSize                     = 122909434                              {pd product} {ergonomic}
    uintx ReservedCodeCacheSize                    = 251658240                              {pd product} {ergonomic}
     bool SegmentedCodeCache                       = true                                      {product} {ergonomic}
   size_t SoftMaxHeapSize                          = 2147483648                             {manageable} {ergonomic}
     bool UseCompressedOops                        = true                           {product lp64_product} {ergonomic}
     bool UseG1GC                                  = true                                      {product} {ergonomic}
     bool UseLargePagesIndividualAllocation        = false                                  {pd product} {ergonomic}

Logging:
Log output configuration:
 #0: stdout all=warning uptime,level,tags foldmultilines=false
 #1: stderr all=off uptime,level,tags foldmultilines=false

Environment Variables:
JAVA_HOME=C:\Program Files\Java\jdk-20
PATH=C:\Program Files\Common Files\Oracle\Java\javapath;C:\Program Files (x86)\Common Files\Oracle\Java\javapath;C:\windows\system32;C:\windows;C:\windows\System32\Wbem;C:\windows\System32\WindowsPowerShell\v1.0\;C:\windows\System32\OpenSSH\;C:\Program Files\PuTTY\;C:\Program Files\Common Files\Autodesk Shared\;C:\Program Files\Microsoft SQL Server\120\Tools\Binn\;C:\Program Files\Java\jdk-17.0.3.1\bin;C:\Program Files\Java\jdk-17.0.3.1\bin;C:\Program Files\Java\jdk-17\bin;C:\Program Files\Microsoft SQL Server\150\Tools\Binn\;C:\Program Files\Microsoft SQL Server\Client SDK\ODBC\170\Tools\Binn\;C:\Program Files\dotnet\;C:\Program Files\Java\jdk-20\bin;;C:\Program Files\HP\HP One Agent;C:\Users\Efi\AppData\Local\Microsoft\WindowsApps;
USERNAME=Efi
OS=Windows_NT
PROCESSOR_IDENTIFIER=AMD64 Family 23 Model 24 Stepping 1, AuthenticAMD
TMP=C:\Users\Efi\AppData\Local\Temp
TEMP=C:\Users\Efi\AppData\Local\Temp




Periodic native trim disabled

JNI global refs:
JNI global refs: 26, weak refs: 0

JNI global refs memory usage: 835, weak refs: 833

Process memory usage:
Resident Set Size: 299192K (4% of 6236300K total physical memory with 1181152K free physical memory)

OOME stack traces (most recent first):
Classloader memory used:
Loader org.gradle.internal.classloader.VisitableURLClassLoader                         : 26935K
Loader bootstrap                                                                       : 21606K
Loader org.gradle.initialization.MixInLegacyTypesClassLoader                           : 5454K
Loader jdk.internal.loader.ClassLoaders$PlatformClassLoader                            : 529K
Loader jdk.internal.loader.ClassLoaders$AppClassLoader                                 : 234K
Loader org.gradle.internal.classloader.VisitableURLClassLoader                         : 19120B

Classes loaded by more than one classloader:
Class org.gradle.internal.classloader.FilteringClassLoader                            : loaded 2 times (x 101B)
Class org.gradle.internal.classloader.ClassLoaderHierarchy                            : loaded 2 times (x 66B)
Class org.gradle.api.internal.classpath.ManifestUtil                                  : loaded 2 times (x 67B)
Class org.gradle.internal.classloader.DefaultClassLoaderFactory                       : loaded 2 times (x 78B)
Class org.gradle.internal.classloader.ClassLoaderVisitor                              : loaded 2 times (x 72B)
Class org.gradle.api.internal.classpath.EffectiveClassPath                            : loaded 2 times (x 86B)
Class org.gradle.api.internal.DefaultClassPathProvider                                : loaded 2 times (x 72B)
Class [Lorg.gradle.api.internal.ClassPathProvider;                                    : loaded 2 times (x 65B)
Class org.gradle.api.internal.ClassPathProvider                                       : loaded 2 times (x 66B)
Class org.gradle.internal.service.UnknownServiceException                             : loaded 2 times (x 79B)
Class org.gradle.internal.classpath.TransformedClassPath                              : loaded 2 times (x 92B)
Class org.gradle.internal.classloader.InstrumentingClassLoader                        : loaded 2 times (x 66B)
Class org.gradle.internal.service.ServiceLocator                                      : loaded 2 times (x 66B)
Class org.gradle.internal.InternalTransformer                                         : loaded 2 times (x 66B)
Class org.gradle.internal.classloader.ClasspathUtil$1                                 : loaded 2 times (x 72B)
Class org.gradle.api.internal.classpath.DefaultModuleRegistry$DefaultModule           : loaded 2 times (x 82B)
Class org.gradle.api.internal.classpath.Module                                        : loaded 2 times (x 66B)
Class org.gradle.api.internal.classpath.UnknownModuleException                        : loaded 2 times (x 78B)
Class org.gradle.api.internal.DefaultClassPathRegistry                                : loaded 2 times (x 72B)
Class org.gradle.api.internal.ClassPathRegistry                                       : loaded 2 times (x 66B)
Class org.gradle.internal.classpath.DefaultClassPath$ImmutableUniqueList              : loaded 2 times (x 195B)
Class org.gradle.internal.classpath.ClassPath                                         : loaded 2 times (x 66B)
Class org.gradle.api.UncheckedIOException                                             : loaded 2 times (x 78B)
Class org.gradle.internal.installation.GradleInstallation$1                           : loaded 2 times (x 71B)
Class org.gradle.api.internal.classpath.ModuleRegistry                                : loaded 2 times (x 66B)
Class org.gradle.api.internal.classpath.DefaultModuleRegistry                         : loaded 2 times (x 82B)
Class org.gradle.internal.service.ServiceLookupException                              : loaded 2 times (x 78B)
Class org.gradle.internal.classloader.ClassLoaderFactory                              : loaded 2 times (x 66B)
Class org.gradle.internal.service.CachingServiceLocator                               : loaded 2 times (x 78B)
Class org.gradle.internal.classloader.ClasspathUtil                                   : loaded 2 times (x 67B)
Class org.gradle.api.specs.Spec                                                       : loaded 2 times (x 66B)
Class org.gradle.internal.classloader.VisitableURLClassLoader$InstrumentingVisitableURLClassLoader: loaded 2 times (x 119B)
Class org.gradle.internal.classloader.VisitableURLClassLoader$Spec                    : loaded 2 times (x 70B)
Class org.gradle.internal.classpath.DefaultClassPath                                  : loaded 2 times (x 86B)
Class org.gradle.internal.classloader.ClassLoaderSpec                                 : loaded 2 times (x 67B)
Class org.gradle.internal.classloader.VisitableURLClassLoader                         : loaded 2 times (x 113B)
Class org.gradle.internal.Cast                                                        : loaded 2 times (x 67B)
Class org.gradle.api.Action                                                           : loaded 2 times (x 66B)
Class org.gradle.internal.classpath.DefaultClassPath$ImmutableUniqueList$Builder      : loaded 2 times (x 71B)
Class org.gradle.api.GradleException                                                  : loaded 2 times (x 78B)
Class org.gradle.internal.IoActions                                                   : loaded 2 times (x 67B)
Class org.gradle.internal.classloader.SystemClassLoaderSpec                           : loaded 2 times (x 67B)
Class org.gradle.api.internal.classpath.GlobalCacheRootsProvider                      : loaded 2 times (x 66B)
Class org.gradle.internal.installation.CurrentGradleInstallationLocator               : loaded 2 times (x 67B)
Class org.gradle.internal.service.DefaultServiceLocator                               : loaded 2 times (x 79B)
Class org.gradle.internal.installation.CurrentGradleInstallation                      : loaded 2 times (x 69B)
Class org.gradle.util.internal.GUtil                                                  : loaded 2 times (x 67B)
Class org.gradle.internal.installation.GradleInstallation                             : loaded 2 times (x 71B)

---------------  S Y S T E M  ---------------

OS:
 Windows 10 , 64 bit Build 19041 (10.0.19041.5794)
OS uptime: 1 days 0:46 hours

CPU: total 8 (initial active 8) (8 cores per cpu, 2 threads per core) family 23 model 24 stepping 1 microcode 0x0, cx8, cmov, fxsr, ht, mmx, 3dnowpref, sse, sse2, sse3, ssse3, sse4a, sse4.1, sse4.2, popcnt, lzcnt, tsc, tscinvbit, avx, avx2, aes, clmul, bmi1, bmi2, adx, sha, fma, vzeroupper, clflush, clflushopt, rdtscp, f16c
Processor Information for the first 8 processors :
  Max Mhz: 2100, Current Mhz: 2100, Mhz Limit: 2100

Memory: 4k page, system-wide physical 6090M (1153M free)
TotalPageFile size 24522M (AvailPageFile size 9M)
current process WorkingSet (physical memory assigned to process): 289M, peak: 293M
current process commit charge ("private bytes"): 327M, peak: 333M

vm_info: OpenJDK 64-Bit Server VM (21.0.6+-13355223-b631.42) for windows-amd64 JRE (21.0.6+-13355223-b631.42), built on 2025-04-14T18:21:23Z by "builder" with MS VC++ 16.10 / 16.11 (VS2019)

END.
