#
# There is insufficient memory for the Java Runtime Environment to continue.
# Native memory allocation (mmap) failed to map 16777216 bytes. Error detail: G1 virtual space
# Possible reasons:
#   The system is out of physical RAM or swap space
#   This process is running with CompressedOops enabled, and the Java Heap may be blocking the growth of the native heap
# Possible solutions:
#   Reduce memory load on the system
#   Increase physical memory or swap space
#   Check if swap backing store is full
#   Decrease Java heap size (-Xmx/-Xms)
#   Decrease number of Java threads
#   Decrease Java thread stack sizes (-Xss)
#   Set larger code cache with -XX:ReservedCodeCacheSize=
#   JVM is running with Unscaled Compressed Oops mode in which the Java heap is
#     placed in the first 4GB address space. The Java Heap base address is the
#     maximum limit for the native heap growth. Please use -XX:HeapBaseMinAddress
#     to set the Java Heap base and to place the Java Heap above 4GB virtual address.
# This output file may be truncated or incomplete.
#
#  Out of Memory Error (os_windows.cpp:3898), pid=7428, tid=2060
#
# JRE version: OpenJDK Runtime Environment (21.0.6) (build 21.0.6+-13355223-b631.42)
# Java VM: OpenJDK 64-Bit Server VM (21.0.6+-13355223-b631.42, mixed mode, tiered, compressed oops, compressed class ptrs, g1 gc, windows-amd64)
# No core dump will be written. Minidumps are not enabled by default on client versions of Windows
#

---------------  S U M M A R Y ------------

Command Line: --add-opens=java.base/java.lang=ALL-UNNAMED --add-opens=java.base/java.lang.invoke=ALL-UNNAMED --add-opens=java.base/java.util=ALL-UNNAMED --add-opens=java.prefs/java.util.prefs=ALL-UNNAMED --add-exports=jdk.compiler/com.sun.tools.javac.api=ALL-UNNAMED --add-exports=jdk.compiler/com.sun.tools.javac.util=ALL-UNNAMED --add-opens=java.base/java.util=ALL-UNNAMED --add-opens=java.prefs/java.util.prefs=ALL-UNNAMED --add-opens=java.base/java.nio.charset=ALL-UNNAMED --add-opens=java.base/java.net=ALL-UNNAMED --add-opens=java.base/java.util.concurrent.atomic=ALL-UNNAMED --add-opens=java.xml/javax.xml.namespace=ALL-UNNAMED -Xmx2048m -Dfile.encoding=UTF-8 -Duser.country=GR -Duser.language=el -Duser.variant -javaagent:C:\Users\Efi\.gradle\wrapper\dists\gradle-8.11.1-bin\bpt9gzteqjrbo1mjrsomdt32c\gradle-8.11.1\lib\agents\gradle-instrumentation-agent-8.11.1.jar org.gradle.launcher.daemon.bootstrap.GradleDaemon 8.11.1

Host: AMD Ryzen 5 3500U with Radeon Vega Mobile Gfx  , 8 cores, 5G,  Windows 10 , 64 bit Build 19041 (10.0.19041.5794)
Time: Fri May 30 22:33:41 2025  Windows 10 , 64 bit Build 19041 (10.0.19041.5794) elapsed time: 14.666135 seconds (0d 0h 0m 14s)

---------------  T H R E A D  ---------------

Current thread (0x0000015663b9dde0):  VMThread "VM Thread"          [id=2060, stack(0x0000003638a00000,0x0000003638b00000) (1024K)]

Stack: [0x0000003638a00000,0x0000003638b00000]
Native frames: (J=compiled Java code, j=interpreted, Vv=VM code, C=native code)
V  [jvm.dll+0x6d05a9]
V  [jvm.dll+0x85ea73]
V  [jvm.dll+0x860fce]
V  [jvm.dll+0x8616b3]
V  [jvm.dll+0x27e6e6]
V  [jvm.dll+0x6ccf45]
V  [jvm.dll+0x6c09fa]
V  [jvm.dll+0x35535b]
V  [jvm.dll+0x35cfb6]
V  [jvm.dll+0x3aef46]
V  [jvm.dll+0x3af218]
V  [jvm.dll+0x327a2c]
V  [jvm.dll+0x327ab7]
V  [jvm.dll+0x36d90c]
V  [jvm.dll+0x36c0be]
V  [jvm.dll+0x327181]
V  [jvm.dll+0x36b7d0]
V  [jvm.dll+0x867438]
V  [jvm.dll+0x8687b4]
V  [jvm.dll+0x868cf0]
V  [jvm.dll+0x868f83]
V  [jvm.dll+0x806e48]
V  [jvm.dll+0x6cee7d]
C  [ucrtbase.dll+0x21bb2]
C  [KERNEL32.DLL+0x17374]
C  [ntdll.dll+0x4cc91]

VM_Operation (0x0000003639ff3eb0): G1CollectForAllocation, mode: safepoint, requested by thread 0x000001567ec55f70


---------------  P R O C E S S  ---------------

Threads class SMR info:
_java_thread_list=0x0000015604f7da80, length=32, elements={
0x0000015665ea3cc0, 0x000001567d740ec0, 0x000001567d7214b0, 0x000001567d72a160,
0x000001567d72c780, 0x000001567d72d580, 0x000001567d749fb0, 0x000001567d75b3d0,
0x000001567d750a30, 0x000001567d522d10, 0x000001567da4cb00, 0x000001560440abd0,
0x000001567ec55250, 0x000001567ec54bc0, 0x000001567ec56600, 0x000001567ec558e0,
0x000001567ec57320, 0x000001567ec55f70, 0x000001567ec56c90, 0x000001567ec579b0,
0x000001567ec54530, 0x000001567ea4f910, 0x000001567ea51350, 0x000001567ea53ab0,
0x000001567ea4e560, 0x000001567ea52070, 0x000001567ea519e0, 0x000001567ea54140,
0x000001567ea4d1b0, 0x000001567ea4ffa0, 0x000001567ea4ebf0, 0x000001567ea53420
}

Java Threads: ( => current thread )
  0x0000015665ea3cc0 JavaThread "main"                              [_thread_blocked, id=16796, stack(0x0000003638300000,0x0000003638400000) (1024K)]
  0x000001567d740ec0 JavaThread "Reference Handler"          daemon [_thread_blocked, id=14876, stack(0x0000003638b00000,0x0000003638c00000) (1024K)]
  0x000001567d7214b0 JavaThread "Finalizer"                  daemon [_thread_blocked, id=8100, stack(0x0000003638c00000,0x0000003638d00000) (1024K)]
  0x000001567d72a160 JavaThread "Signal Dispatcher"          daemon [_thread_blocked, id=2308, stack(0x0000003638d00000,0x0000003638e00000) (1024K)]
  0x000001567d72c780 JavaThread "Attach Listener"            daemon [_thread_blocked, id=14312, stack(0x0000003638e00000,0x0000003638f00000) (1024K)]
  0x000001567d72d580 JavaThread "Service Thread"             daemon [_thread_blocked, id=17112, stack(0x0000003638f00000,0x0000003639000000) (1024K)]
  0x000001567d749fb0 JavaThread "Monitor Deflation Thread"   daemon [_thread_blocked, id=16776, stack(0x0000003639000000,0x0000003639100000) (1024K)]
  0x000001567d75b3d0 JavaThread "C2 CompilerThread0"         daemon [_thread_in_native, id=11880, stack(0x0000003639100000,0x0000003639200000) (1024K)]
  0x000001567d750a30 JavaThread "C1 CompilerThread0"         daemon [_thread_blocked, id=5224, stack(0x0000003639200000,0x0000003639300000) (1024K)]
  0x000001567d522d10 JavaThread "Common-Cleaner"             daemon [_thread_blocked, id=7668, stack(0x0000003639300000,0x0000003639400000) (1024K)]
  0x000001567da4cb00 JavaThread "Notification Thread"        daemon [_thread_blocked, id=17396, stack(0x0000003639400000,0x0000003639500000) (1024K)]
  0x000001560440abd0 JavaThread "Daemon health stats"               [_thread_blocked, id=16476, stack(0x0000003639900000,0x0000003639a00000) (1024K)]
  0x000001567ec55250 JavaThread "Incoming local TCP Connector on port 60984"        [_thread_in_native, id=18516, stack(0x0000003639a00000,0x0000003639b00000) (1024K)]
  0x000001567ec54bc0 JavaThread "Daemon periodic checks"            [_thread_blocked, id=12420, stack(0x0000003639b00000,0x0000003639c00000) (1024K)]
  0x000001567ec56600 JavaThread "Daemon"                            [_thread_blocked, id=19800, stack(0x0000003639d00000,0x0000003639e00000) (1024K)]
  0x000001567ec558e0 JavaThread "Handler for socket connection from /127.0.0.1:60984 to /127.0.0.1:60987"        [_thread_in_native, id=5168, stack(0x0000003639e00000,0x0000003639f00000) (1024K)]
  0x000001567ec57320 JavaThread "Cancel handler"                    [_thread_blocked, id=13904, stack(0x0000003639c00000,0x0000003639d00000) (1024K)]
  0x000001567ec55f70 JavaThread "Daemon worker"                     [_thread_blocked, id=13644, stack(0x0000003639f00000,0x000000363a000000) (1024K)]
  0x000001567ec56c90 JavaThread "Asynchronous log dispatcher for DefaultDaemonConnection: socket connection from /127.0.0.1:60984 to /127.0.0.1:60987"        [_thread_blocked, id=10572, stack(0x000000363a000000,0x000000363a100000) (1024K)]
  0x000001567ec579b0 JavaThread "Stdin handler"                     [_thread_blocked, id=16568, stack(0x000000363a100000,0x000000363a200000) (1024K)]
  0x000001567ec54530 JavaThread "Daemon client event forwarder"        [_thread_blocked, id=12468, stack(0x000000363a200000,0x000000363a300000) (1024K)]
  0x000001567ea4f910 JavaThread "Cache worker for journal cache (C:\Users\Efi\.gradle\caches\journal-1)"        [_thread_blocked, id=16772, stack(0x000000363a700000,0x000000363a800000) (1024K)]
  0x000001567ea51350 JavaThread "File lock request listener"        [_thread_in_native, id=6060, stack(0x000000363a800000,0x000000363a900000) (1024K)]
  0x000001567ea53ab0 JavaThread "Cache worker for file hash cache (C:\Users\Efi\.gradle\caches\8.11.1\fileHashes)"        [_thread_blocked, id=14520, stack(0x000000363a900000,0x000000363aa00000) (1024K)]
  0x000001567ea4e560 JavaThread "Cache worker for file content cache (C:\Users\Efi\.gradle\caches\8.11.1\fileContent)"        [_thread_blocked, id=12784, stack(0x000000363ab00000,0x000000363ac00000) (1024K)]
  0x000001567ea52070 JavaThread "Cache worker for file hash cache (C:\Users\Efi\AndroidStudioProjects\JustInTimeApp\.gradle\8.11.1\fileHashes)"        [_thread_blocked, id=15892, stack(0x000000363ac00000,0x000000363ad00000) (1024K)]
  0x000001567ea519e0 JavaThread "Cache worker for Build Output Cleanup Cache (C:\Users\Efi\AndroidStudioProjects\JustInTimeApp\.gradle\buildOutputCleanup)"        [_thread_blocked, id=17044, stack(0x000000363ad00000,0x000000363ae00000) (1024K)]
  0x000001567ea54140 JavaThread "File watcher server"        daemon [_thread_in_native, id=2652, stack(0x000000363ae00000,0x000000363af00000) (1024K)]
  0x000001567ea4d1b0 JavaThread "File watcher consumer"      daemon [_thread_blocked, id=16132, stack(0x000000363af00000,0x000000363b000000) (1024K)]
  0x000001567ea4ffa0 JavaThread "Cache worker for checksums cache (C:\Users\Efi\AndroidStudioProjects\JustInTimeApp\.gradle\8.11.1\checksums)"        [_thread_blocked, id=21208, stack(0x000000363b000000,0x000000363b100000) (1024K)]
  0x000001567ea4ebf0 JavaThread "Cache worker for cache directory md-rule (C:\Users\Efi\.gradle\caches\8.11.1\md-rule)"        [_thread_blocked, id=21356, stack(0x000000363b100000,0x000000363b200000) (1024K)]
  0x000001567ea53420 JavaThread "Cache worker for cache directory md-supplier (C:\Users\Efi\.gradle\caches\8.11.1\md-supplier)"        [_thread_blocked, id=20932, stack(0x000000363b200000,0x000000363b300000) (1024K)]
Total: 32

Other Threads:
=>0x0000015663b9dde0 VMThread "VM Thread"                           [id=2060, stack(0x0000003638a00000,0x0000003638b00000) (1024K)]
  0x000001567d521db0 WatcherThread "VM Periodic Task Thread"        [id=15528, stack(0x0000003638900000,0x0000003638a00000) (1024K)]
  0x0000015663b9e520 WorkerThread "GC Thread#0"                     [id=5032, stack(0x0000003638400000,0x0000003638500000) (1024K)]
  0x0000015663b9d300 WorkerThread "GC Thread#1"                     [id=3332, stack(0x0000003639600000,0x0000003639700000) (1024K)]
  0x0000015663b9e180 WorkerThread "GC Thread#2"                     [id=2176, stack(0x0000003639700000,0x0000003639800000) (1024K)]
  0x0000015663b9e8c0 WorkerThread "GC Thread#3"                     [id=3288, stack(0x0000003639500000,0x0000003639600000) (1024K)]
  0x0000015663b9cf60 WorkerThread "GC Thread#4"                     [id=16768, stack(0x0000003639800000,0x0000003639900000) (1024K)]
  0x000001567e8681d0 WorkerThread "GC Thread#5"                     [id=7436, stack(0x000000363a300000,0x000000363a400000) (1024K)]
  0x000001567e869790 WorkerThread "GC Thread#6"                     [id=6832, stack(0x000000363a400000,0x000000363a500000) (1024K)]
  0x000001567e867a90 WorkerThread "GC Thread#7"                     [id=20456, stack(0x000000363a500000,0x000000363a600000) (1024K)]
  0x0000015665f0b3c0 ConcurrentGCThread "G1 Main Marker"            [id=4392, stack(0x0000003638500000,0x0000003638600000) (1024K)]
  0x0000015663b9da40 WorkerThread "G1 Conc#0"                       [id=12316, stack(0x0000003638600000,0x0000003638700000) (1024K)]
  0x000001567e868570 WorkerThread "G1 Conc#1"                       [id=17280, stack(0x000000363a600000,0x000000363a700000) (1024K)]
  0x0000015665f6eac0 ConcurrentGCThread "G1 Refine#0"               [id=8380, stack(0x0000003638700000,0x0000003638800000) (1024K)]
  0x000001567d3f8410 ConcurrentGCThread "G1 Service"                [id=13508, stack(0x0000003638800000,0x0000003638900000) (1024K)]
Total: 15

Threads with active compile tasks:
C2 CompilerThread0  14713 4631       4       java.net.URLClassLoader$1::run (5 bytes)
Total: 1

VM state: at safepoint (normal execution)

VM Mutex/Monitor currently owned by a thread:  ([mutex/lock_event])
[0x00007ffc076ce3a0] Threads_lock - owner thread: 0x0000015663b9dde0
[0x00007ffc076ce4a0] Heap_lock - owner thread: 0x000001567ec55f70

Heap address: 0x0000000080000000, size: 2048 MB, Compressed Oops mode: 32-bit

CDS archive(s) not mapped
Compressed class space mapped at: 0x0000000100000000-0x0000000140000000, reserved size: 1073741824
Narrow klass base: 0x0000000000000000, Narrow klass shift: 3, Narrow klass range: 0x140000000

GC Precious Log:
 CardTable entry size: 512
 Card Set container configuration: InlinePtr #cards 5 size 8 Array Of Cards #cards 12 size 40 Howl #buckets 4 coarsen threshold 1843 Howl Bitmap #cards 512 size 80 coarsen threshold 460 Card regions per heap region 1 cards per card region 2048
 CPUs: 8 total, 8 available
 Memory: 6090M
 Large Page Support: Disabled
 NUMA Support: Disabled
 Compressed Oops: Enabled (32-bit)
 Heap Region Size: 1M
 Heap Min Capacity: 8M
 Heap Initial Capacity: 96M
 Heap Max Capacity: 2G
 Pre-touch: Disabled
 Parallel Workers: 8
 Concurrent Workers: 2
 Concurrent Refinement Workers: 8
 Periodic GC: Disabled

Heap:
 garbage-first heap   total 80896K, used 35320K [0x0000000080000000, 0x0000000100000000)
  region size 1024K, 4 young (4096K), 4 survivors (4096K)
 Metaspace       used 53913K, committed 55360K, reserved 1114112K
  class space    used 7257K, committed 7936K, reserved 1048576K

Heap Regions: E=young(eden), S=young(survivor), O=old, HS=humongous(starts), HC=humongous(continues), CS=collection set, F=free, TAMS=top-at-mark-start, PB=parsable bottom
|   0|0x0000000080000000, 0x0000000080100000, 0x0000000080100000|100%| O|  |TAMS 0x0000000080000000| PB 0x0000000080000000| Untracked 
|   1|0x0000000080100000, 0x0000000080200000, 0x0000000080200000|100%|HS|  |TAMS 0x0000000080100000| PB 0x0000000080100000| Complete 
|   2|0x0000000080200000, 0x0000000080300000, 0x0000000080300000|100%|HC|  |TAMS 0x0000000080200000| PB 0x0000000080200000| Complete 
|   3|0x0000000080300000, 0x0000000080400000, 0x0000000080400000|100%|HC|  |TAMS 0x0000000080300000| PB 0x0000000080300000| Complete 
|   4|0x0000000080400000, 0x0000000080500000, 0x0000000080500000|100%| O|  |TAMS 0x0000000080400000| PB 0x0000000080400000| Untracked 
|   5|0x0000000080500000, 0x0000000080600000, 0x0000000080600000|100%| O|  |TAMS 0x0000000080500000| PB 0x0000000080500000| Untracked 
|   6|0x0000000080600000, 0x0000000080700000, 0x0000000080700000|100%| O|  |TAMS 0x0000000080600000| PB 0x0000000080600000| Untracked 
|   7|0x0000000080700000, 0x0000000080800000, 0x0000000080800000|100%|HS|  |TAMS 0x0000000080700000| PB 0x0000000080700000| Complete 
|   8|0x0000000080800000, 0x0000000080900000, 0x0000000080900000|100%| O|  |TAMS 0x0000000080800000| PB 0x0000000080800000| Untracked 
|   9|0x0000000080900000, 0x0000000080a00000, 0x0000000080a00000|100%| O|  |TAMS 0x0000000080900000| PB 0x0000000080900000| Untracked 
|  10|0x0000000080a00000, 0x0000000080b00000, 0x0000000080b00000|100%| O|  |TAMS 0x0000000080a00000| PB 0x0000000080a00000| Untracked 
|  11|0x0000000080b00000, 0x0000000080c00000, 0x0000000080c00000|100%| O|  |TAMS 0x0000000080b00000| PB 0x0000000080b00000| Untracked 
|  12|0x0000000080c00000, 0x0000000080d00000, 0x0000000080d00000|100%| O|  |TAMS 0x0000000080c00000| PB 0x0000000080c00000| Untracked 
|  13|0x0000000080d00000, 0x0000000080e00000, 0x0000000080e00000|100%| O|  |TAMS 0x0000000080d00000| PB 0x0000000080d00000| Untracked 
|  14|0x0000000080e00000, 0x0000000080f00000, 0x0000000080f00000|100%| O|  |TAMS 0x0000000080e00000| PB 0x0000000080e00000| Untracked 
|  15|0x0000000080f00000, 0x0000000081000000, 0x0000000081000000|100%| O|  |TAMS 0x0000000080f00000| PB 0x0000000080f00000| Untracked 
|  16|0x0000000081000000, 0x0000000081100000, 0x0000000081100000|100%| O|  |TAMS 0x0000000081000000| PB 0x0000000081000000| Untracked 
|  17|0x0000000081100000, 0x0000000081200000, 0x0000000081200000|100%| O|  |TAMS 0x0000000081100000| PB 0x0000000081100000| Untracked 
|  18|0x0000000081200000, 0x0000000081300000, 0x0000000081300000|100%| O|  |TAMS 0x0000000081200000| PB 0x0000000081200000| Untracked 
|  19|0x0000000081300000, 0x0000000081400000, 0x0000000081400000|100%| O|  |TAMS 0x0000000081300000| PB 0x0000000081300000| Untracked 
|  20|0x0000000081400000, 0x0000000081500000, 0x0000000081500000|100%| O|  |TAMS 0x0000000081400000| PB 0x0000000081400000| Untracked 
|  21|0x0000000081500000, 0x0000000081600000, 0x0000000081600000|100%| O|  |TAMS 0x0000000081500000| PB 0x0000000081500000| Untracked 
|  22|0x0000000081600000, 0x0000000081700000, 0x0000000081700000|100%| O|  |TAMS 0x0000000081600000| PB 0x0000000081600000| Untracked 
|  23|0x0000000081700000, 0x0000000081800000, 0x0000000081800000|100%| O|  |TAMS 0x0000000081700000| PB 0x0000000081700000| Untracked 
|  24|0x0000000081800000, 0x0000000081900000, 0x0000000081900000|100%| O|  |TAMS 0x0000000081800000| PB 0x0000000081800000| Untracked 
|  25|0x0000000081900000, 0x0000000081a00000, 0x0000000081a00000|100%| O|  |TAMS 0x0000000081900000| PB 0x0000000081900000| Untracked 
|  26|0x0000000081a00000, 0x0000000081a00000, 0x0000000081b00000|  0%| F|  |TAMS 0x0000000081a00000| PB 0x0000000081a00000| Untracked 
|  27|0x0000000081b00000, 0x0000000081b00000, 0x0000000081c00000|  0%| F|  |TAMS 0x0000000081b00000| PB 0x0000000081b00000| Untracked 
|  28|0x0000000081c00000, 0x0000000081c00000, 0x0000000081d00000|  0%| F|  |TAMS 0x0000000081c00000| PB 0x0000000081c00000| Untracked 
|  29|0x0000000081d00000, 0x0000000081d00000, 0x0000000081e00000|  0%| F|  |TAMS 0x0000000081d00000| PB 0x0000000081d00000| Untracked 
|  30|0x0000000081e00000, 0x0000000081e00000, 0x0000000081f00000|  0%| F|  |TAMS 0x0000000081e00000| PB 0x0000000081e00000| Untracked 
|  31|0x0000000081f00000, 0x0000000081f00000, 0x0000000082000000|  0%| F|  |TAMS 0x0000000081f00000| PB 0x0000000081f00000| Untracked 
|  32|0x0000000082000000, 0x000000008207e150, 0x0000000082100000| 49%| S|CS|TAMS 0x0000000082000000| PB 0x0000000082000000| Complete 
|  33|0x0000000082100000, 0x0000000082200000, 0x0000000082200000|100%| S|CS|TAMS 0x0000000082100000| PB 0x0000000082100000| Complete 
|  34|0x0000000082200000, 0x0000000082200000, 0x0000000082300000|  0%| F|  |TAMS 0x0000000082200000| PB 0x0000000082200000| Untracked 
|  35|0x0000000082300000, 0x0000000082300000, 0x0000000082400000|  0%| F|  |TAMS 0x0000000082300000| PB 0x0000000082300000| Untracked 
|  36|0x0000000082400000, 0x0000000082400000, 0x0000000082500000|  0%| F|  |TAMS 0x0000000082400000| PB 0x0000000082400000| Untracked 
|  37|0x0000000082500000, 0x0000000082600000, 0x0000000082600000|100%| S|CS|TAMS 0x0000000082500000| PB 0x0000000082500000| Complete 
|  38|0x0000000082600000, 0x0000000082700000, 0x0000000082700000|100%| S|CS|TAMS 0x0000000082600000| PB 0x0000000082600000| Complete 
|  39|0x0000000082700000, 0x0000000082700000, 0x0000000082800000|  0%| F|  |TAMS 0x0000000082700000| PB 0x0000000082700000| Untracked 
|  40|0x0000000082800000, 0x0000000082800000, 0x0000000082900000|  0%| F|  |TAMS 0x0000000082800000| PB 0x0000000082800000| Untracked 
|  41|0x0000000082900000, 0x0000000082900000, 0x0000000082a00000|  0%| F|  |TAMS 0x0000000082900000| PB 0x0000000082900000| Untracked 
|  42|0x0000000082a00000, 0x0000000082a00000, 0x0000000082b00000|  0%| F|  |TAMS 0x0000000082a00000| PB 0x0000000082a00000| Untracked 
|  43|0x0000000082b00000, 0x0000000082b00000, 0x0000000082c00000|  0%| F|  |TAMS 0x0000000082b00000| PB 0x0000000082b00000| Untracked 
|  44|0x0000000082c00000, 0x0000000082c00000, 0x0000000082d00000|  0%| F|  |TAMS 0x0000000082c00000| PB 0x0000000082c00000| Untracked 
|  45|0x0000000082d00000, 0x0000000082d00000, 0x0000000082e00000|  0%| F|  |TAMS 0x0000000082d00000| PB 0x0000000082d00000| Untracked 
|  46|0x0000000082e00000, 0x0000000082e00000, 0x0000000082f00000|  0%| F|  |TAMS 0x0000000082e00000| PB 0x0000000082e00000| Untracked 
|  47|0x0000000082f00000, 0x0000000082f00000, 0x0000000083000000|  0%| F|  |TAMS 0x0000000082f00000| PB 0x0000000082f00000| Untracked 
|  48|0x0000000083000000, 0x0000000083000000, 0x0000000083100000|  0%| F|  |TAMS 0x0000000083000000| PB 0x0000000083000000| Untracked 
|  49|0x0000000083100000, 0x0000000083100000, 0x0000000083200000|  0%| F|  |TAMS 0x0000000083100000| PB 0x0000000083100000| Untracked 
|  50|0x0000000083200000, 0x0000000083200000, 0x0000000083300000|  0%| F|  |TAMS 0x0000000083200000| PB 0x0000000083200000| Untracked 
|  51|0x0000000083300000, 0x0000000083300000, 0x0000000083400000|  0%| F|  |TAMS 0x0000000083300000| PB 0x0000000083300000| Untracked 
|  52|0x0000000083400000, 0x0000000083400000, 0x0000000083500000|  0%| F|  |TAMS 0x0000000083400000| PB 0x0000000083400000| Untracked 
|  53|0x0000000083500000, 0x0000000083500000, 0x0000000083600000|  0%| F|  |TAMS 0x0000000083500000| PB 0x0000000083500000| Untracked 
|  54|0x0000000083600000, 0x0000000083600000, 0x0000000083700000|  0%| F|  |TAMS 0x0000000083600000| PB 0x0000000083600000| Untracked 
|  55|0x0000000083700000, 0x0000000083700000, 0x0000000083800000|  0%| F|  |TAMS 0x0000000083700000| PB 0x0000000083700000| Untracked 
|  56|0x0000000083800000, 0x0000000083800000, 0x0000000083900000|  0%| F|  |TAMS 0x0000000083800000| PB 0x0000000083800000| Untracked 
|  57|0x0000000083900000, 0x0000000083900000, 0x0000000083a00000|  0%| F|  |TAMS 0x0000000083900000| PB 0x0000000083900000| Untracked 
|  58|0x0000000083a00000, 0x0000000083a00000, 0x0000000083b00000|  0%| F|  |TAMS 0x0000000083a00000| PB 0x0000000083a00000| Untracked 
|  59|0x0000000083b00000, 0x0000000083b00000, 0x0000000083c00000|  0%| F|  |TAMS 0x0000000083b00000| PB 0x0000000083b00000| Untracked 
|  60|0x0000000083c00000, 0x0000000083c00000, 0x0000000083d00000|  0%| F|  |TAMS 0x0000000083c00000| PB 0x0000000083c00000| Untracked 
|  61|0x0000000083d00000, 0x0000000083d00000, 0x0000000083e00000|  0%| F|  |TAMS 0x0000000083d00000| PB 0x0000000083d00000| Untracked 
|  62|0x0000000083e00000, 0x0000000083e00000, 0x0000000083f00000|  0%| F|  |TAMS 0x0000000083e00000| PB 0x0000000083e00000| Untracked 
|  63|0x0000000083f00000, 0x0000000083f00000, 0x0000000084000000|  0%| F|  |TAMS 0x0000000083f00000| PB 0x0000000083f00000| Untracked 
|  64|0x0000000084000000, 0x0000000084000000, 0x0000000084100000|  0%| F|  |TAMS 0x0000000084000000| PB 0x0000000084000000| Untracked 
|  65|0x0000000084100000, 0x0000000084100000, 0x0000000084200000|  0%| F|  |TAMS 0x0000000084100000| PB 0x0000000084100000| Untracked 
|  66|0x0000000084200000, 0x0000000084200000, 0x0000000084300000|  0%| F|  |TAMS 0x0000000084200000| PB 0x0000000084200000| Untracked 
|  67|0x0000000084300000, 0x0000000084300000, 0x0000000084400000|  0%| F|  |TAMS 0x0000000084300000| PB 0x0000000084300000| Untracked 
|  68|0x0000000084400000, 0x0000000084400000, 0x0000000084500000|  0%| F|  |TAMS 0x0000000084400000| PB 0x0000000084400000| Untracked 
|  69|0x0000000084500000, 0x0000000084500000, 0x0000000084600000|  0%| F|  |TAMS 0x0000000084500000| PB 0x0000000084500000| Untracked 
|  70|0x0000000084600000, 0x0000000084600000, 0x0000000084700000|  0%| F|  |TAMS 0x0000000084600000| PB 0x0000000084600000| Untracked 
|  71|0x0000000084700000, 0x0000000084700000, 0x0000000084800000|  0%| F|  |TAMS 0x0000000084700000| PB 0x0000000084700000| Untracked 
|  72|0x0000000084800000, 0x0000000084800000, 0x0000000084900000|  0%| F|  |TAMS 0x0000000084800000| PB 0x0000000084800000| Untracked 
|  95|0x0000000085f00000, 0x0000000085f00000, 0x0000000086000000|  0%| F|  |TAMS 0x0000000085f00000| PB 0x0000000085f00000| Untracked 
|2043|0x00000000ffb00000, 0x00000000ffc00000, 0x00000000ffc00000|100%| O|  |TAMS 0x00000000ffb00000| PB 0x00000000ffb00000| Untracked 
|2044|0x00000000ffc00000, 0x00000000ffd00000, 0x00000000ffd00000|100%| O|  |TAMS 0x00000000ffc00000| PB 0x00000000ffc00000| Untracked 
|2045|0x00000000ffd00000, 0x00000000ffe00000, 0x00000000ffe00000|100%| O|  |TAMS 0x00000000ffd00000| PB 0x00000000ffd00000| Untracked 
|2046|0x00000000ffe00000, 0x00000000fff00000, 0x00000000fff00000|100%| O|  |TAMS 0x00000000ffe00000| PB 0x00000000ffe00000| Untracked 
|2047|0x00000000fff00000, 0x0000000100000000, 0x0000000100000000|100%| O|  |TAMS 0x00000000fff00000| PB 0x00000000fff00000| Untracked 

Card table byte_map: [0x0000015678730000,0x0000015678b30000] _byte_map_base: 0x0000015678330000

Marking Bits: (CMBitMap*) 0x0000015665efa970
 Bits: [0x0000015678b30000, 0x000001567ab30000)

Polling page: 0x0000015665670000

Metaspace:

Usage:
  Non-class:     45.56 MB used.
      Class:      7.09 MB used.
       Both:     52.65 MB used.

Virtual space:
  Non-class space:       64.00 MB reserved,      46.31 MB ( 72%) committed,  1 nodes.
      Class space:        1.00 GB reserved,       7.75 MB ( <1%) committed,  1 nodes.
             Both:        1.06 GB reserved,      54.06 MB (  5%) committed. 

Chunk freelists:
   Non-Class:  1.55 MB
       Class:  8.25 MB
        Both:  9.80 MB

MaxMetaspaceSize: unlimited
CompressedClassSpaceSize: 1.00 GB
Initial GC threshold: 21.00 MB
Current GC threshold: 59.06 MB
CDS: off
 - commit_granule_bytes: 65536.
 - commit_granule_words: 8192.
 - virtual_space_node_default_size: 8388608.
 - enlarge_chunks_in_place: 1.
 - use_allocation_guard: 0.


Internal statistics:

num_allocs_failed_limit: 6.
num_arena_births: 2656.
num_arena_deaths: 0.
num_vsnodes_births: 2.
num_vsnodes_deaths: 0.
num_space_committed: 865.
num_space_uncommitted: 0.
num_chunks_returned_to_freelist: 6.
num_chunks_taken_from_freelist: 4777.
num_chunk_merges: 6.
num_chunk_splits: 3076.
num_chunks_enlarged: 1892.
num_inconsistent_stats: 0.

CodeHeap 'non-profiled nmethods': size=120000Kb used=2348Kb max_used=2348Kb free=117652Kb
 bounds [0x0000015670ad0000, 0x0000015670d40000, 0x0000015678000000]
CodeHeap 'profiled nmethods': size=120000Kb used=8375Kb max_used=8375Kb free=111624Kb
 bounds [0x0000015669000000, 0x0000015669830000, 0x0000015670530000]
CodeHeap 'non-nmethods': size=5760Kb used=1932Kb max_used=1941Kb free=3827Kb
 bounds [0x0000015670530000, 0x00000156707a0000, 0x0000015670ad0000]
 total_blobs=5021 nmethods=4302 adapters=622
 compilation: enabled
              stopped_count=0, restarted_count=0
 full_count=0

Compilation events (20 events):
Event: 14.500 Thread 0x000001567d750a30 4696       3       java.util.concurrent.locks.AbstractQueuedSynchronizer$ConditionObject::unlinkCancelledWaiters (91 bytes)
Event: 14.500 Thread 0x000001567d750a30 nmethod 4696 0x0000015669829910 code [0x0000015669829ae0, 0x0000015669829f40]
Event: 14.502 Thread 0x000001567d750a30 4697       3       kotlin.reflect.jvm.internal.impl.name.FqName::isRoot (8 bytes)
Event: 14.502 Thread 0x000001567d750a30 nmethod 4697 0x000001566982a090 code [0x000001566982a240, 0x000001566982a480]
Event: 14.502 Thread 0x000001567d750a30 4698       3       kotlin.reflect.jvm.internal.impl.name.FqNameUnsafe::<init> (28 bytes)
Event: 14.503 Thread 0x000001567d750a30 nmethod 4698 0x000001566982a590 code [0x000001566982a760, 0x000001566982aa60]
Event: 14.503 Thread 0x000001567d750a30 4699       3       kotlin.reflect.jvm.internal.impl.name.FqName::toUnsafe (13 bytes)
Event: 14.503 Thread 0x000001567d750a30 nmethod 4699 0x000001566982ab90 code [0x000001566982ad40, 0x000001566982aec0]
Event: 14.507 Thread 0x000001567d750a30 4700       3       kotlin.reflect.jvm.internal.impl.name.Name::<init> (23 bytes)
Event: 14.507 Thread 0x000001567d750a30 nmethod 4700 0x000001566982af90 code [0x000001566982b140, 0x000001566982b380]
Event: 14.507 Thread 0x000001567d750a30 4701       3       kotlin.reflect.jvm.internal.impl.name.Name::identifier (18 bytes)
Event: 14.508 Thread 0x000001567d750a30 nmethod 4701 0x000001566982b490 code [0x000001566982b660, 0x000001566982b998]
Event: 14.508 Thread 0x000001567d750a30 4702       3       kotlin.reflect.jvm.internal.impl.name.FqName::asString (16 bytes)
Event: 14.508 Thread 0x000001567d750a30 nmethod 4702 0x000001566982bb10 code [0x000001566982bce0, 0x000001566982bf30]
Event: 14.508 Thread 0x000001567d750a30 4703       3       kotlin.reflect.jvm.internal.impl.name.FqName::<init> (26 bytes)
Event: 14.508 Thread 0x000001567d750a30 nmethod 4703 0x000001566982c010 code [0x000001566982c200, 0x000001566982c690]
Event: 14.516 Thread 0x000001567d750a30 4704       3       java.util.jar.JarFile::getEntry (35 bytes)
Event: 14.517 Thread 0x000001567d750a30 nmethod 4704 0x000001566982c810 code [0x000001566982ca20, 0x000001566982ce90]
Event: 14.527 Thread 0x000001567d750a30 4705       2       java.util.jar.JarFile::getVersionedEntry (133 bytes)
Event: 14.528 Thread 0x000001567d750a30 nmethod 4705 0x000001566982d010 code [0x000001566982d260, 0x000001566982d8b8]

GC Heap History (20 events):
Event: 1.418 GC heap after
{Heap after GC invocations=1 (full 0):
 garbage-first heap   total 98304K, used 3568K [0x0000000080000000, 0x0000000100000000)
  region size 1024K, 3 young (3072K), 3 survivors (3072K)
 Metaspace       used 7993K, committed 8128K, reserved 1114112K
  class space    used 712K, committed 768K, reserved 1048576K
}
Event: 3.049 GC heap before
{Heap before GC invocations=1 (full 0):
 garbage-first heap   total 98304K, used 39408K [0x0000000080000000, 0x0000000100000000)
  region size 1024K, 35 young (35840K), 3 survivors (3072K)
 Metaspace       used 12159K, committed 12352K, reserved 1114112K
  class space    used 1278K, committed 1408K, reserved 1048576K
}
Event: 3.064 GC heap after
{Heap after GC invocations=2 (full 0):
 garbage-first heap   total 98304K, used 10737K [0x0000000080000000, 0x0000000100000000)
  region size 1024K, 5 young (5120K), 5 survivors (5120K)
 Metaspace       used 12159K, committed 12352K, reserved 1114112K
  class space    used 1278K, committed 1408K, reserved 1048576K
}
Event: 4.707 GC heap before
{Heap before GC invocations=2 (full 0):
 garbage-first heap   total 98304K, used 54769K [0x0000000080000000, 0x0000000100000000)
  region size 1024K, 46 young (47104K), 5 survivors (5120K)
 Metaspace       used 12403K, committed 12608K, reserved 1114112K
  class space    used 1308K, committed 1408K, reserved 1048576K
}
Event: 4.722 GC heap after
{Heap after GC invocations=3 (full 0):
 garbage-first heap   total 98304K, used 15767K [0x0000000080000000, 0x0000000100000000)
  region size 1024K, 5 young (5120K), 5 survivors (5120K)
 Metaspace       used 12403K, committed 12608K, reserved 1114112K
  class space    used 1308K, committed 1408K, reserved 1048576K
}
Event: 6.642 GC heap before
{Heap before GC invocations=3 (full 0):
 garbage-first heap   total 98304K, used 46487K [0x0000000080000000, 0x0000000100000000)
  region size 1024K, 36 young (36864K), 5 survivors (5120K)
 Metaspace       used 21155K, committed 21504K, reserved 1114112K
  class space    used 2441K, committed 2624K, reserved 1048576K
}
Event: 6.651 GC heap after
{Heap after GC invocations=4 (full 0):
 garbage-first heap   total 98304K, used 19751K [0x0000000080000000, 0x0000000100000000)
  region size 1024K, 8 young (8192K), 8 survivors (8192K)
 Metaspace       used 21155K, committed 21504K, reserved 1114112K
  class space    used 2441K, committed 2624K, reserved 1048576K
}
Event: 8.767 GC heap before
{Heap before GC invocations=5 (full 0):
 garbage-first heap   total 68608K, used 67879K [0x0000000080000000, 0x0000000100000000)
  region size 1024K, 55 young (56320K), 8 survivors (8192K)
 Metaspace       used 29104K, committed 29760K, reserved 1114112K
  class space    used 3704K, committed 4032K, reserved 1048576K
}
Event: 8.779 GC heap after
{Heap after GC invocations=6 (full 0):
 garbage-first heap   total 80896K, used 22978K [0x0000000080000000, 0x0000000100000000)
  region size 1024K, 7 young (7168K), 7 survivors (7168K)
 Metaspace       used 29104K, committed 29760K, reserved 1114112K
  class space    used 3704K, committed 4032K, reserved 1048576K
}
Event: 10.681 GC heap before
{Heap before GC invocations=6 (full 0):
 garbage-first heap   total 80896K, used 62914K [0x0000000080000000, 0x0000000100000000)
  region size 1024K, 47 young (48128K), 7 survivors (7168K)
 Metaspace       used 34799K, committed 35712K, reserved 1114112K
  class space    used 4626K, committed 5056K, reserved 1048576K
}
Event: 10.689 GC heap after
{Heap after GC invocations=7 (full 0):
 garbage-first heap   total 80896K, used 25164K [0x0000000080000000, 0x0000000100000000)
  region size 1024K, 6 young (6144K), 6 survivors (6144K)
 Metaspace       used 34799K, committed 35712K, reserved 1114112K
  class space    used 4626K, committed 5056K, reserved 1048576K
}
Event: 10.810 GC heap before
{Heap before GC invocations=7 (full 0):
 garbage-first heap   total 80896K, used 29260K [0x0000000080000000, 0x0000000100000000)
  region size 1024K, 11 young (11264K), 6 survivors (6144K)
 Metaspace       used 35271K, committed 36096K, reserved 1114112K
  class space    used 4710K, committed 5120K, reserved 1048576K
}
Event: 10.814 GC heap after
{Heap after GC invocations=8 (full 0):
 garbage-first heap   total 80896K, used 25486K [0x0000000080000000, 0x0000000100000000)
  region size 1024K, 4 young (4096K), 4 survivors (4096K)
 Metaspace       used 35271K, committed 36096K, reserved 1114112K
  class space    used 4710K, committed 5120K, reserved 1048576K
}
Event: 11.874 GC heap before
{Heap before GC invocations=9 (full 0):
 garbage-first heap   total 80896K, used 68494K [0x0000000080000000, 0x0000000100000000)
  region size 1024K, 46 young (47104K), 4 survivors (4096K)
 Metaspace       used 41114K, committed 42368K, reserved 1114112K
  class space    used 5631K, committed 6272K, reserved 1048576K
}
Event: 11.882 GC heap after
{Heap after GC invocations=10 (full 0):
 garbage-first heap   total 80896K, used 28543K [0x0000000080000000, 0x0000000100000000)
  region size 1024K, 6 young (6144K), 6 survivors (6144K)
 Metaspace       used 41114K, committed 42368K, reserved 1114112K
  class space    used 5631K, committed 6272K, reserved 1048576K
}
Event: 12.794 GC heap before
{Heap before GC invocations=10 (full 0):
 garbage-first heap   total 80896K, used 68479K [0x0000000080000000, 0x0000000100000000)
  region size 1024K, 46 young (47104K), 6 survivors (6144K)
 Metaspace       used 46627K, committed 47872K, reserved 1114112K
  class space    used 6220K, committed 6848K, reserved 1048576K
}
Event: 12.806 GC heap after
{Heap after GC invocations=11 (full 0):
 garbage-first heap   total 80896K, used 31620K [0x0000000080000000, 0x0000000100000000)
  region size 1024K, 6 young (6144K), 6 survivors (6144K)
 Metaspace       used 46627K, committed 47872K, reserved 1114112K
  class space    used 6220K, committed 6848K, reserved 1048576K
}
Event: 13.475 GC heap before
{Heap before GC invocations=11 (full 0):
 garbage-first heap   total 80896K, used 69508K [0x0000000080000000, 0x0000000100000000)
  region size 1024K, 43 young (44032K), 6 survivors (6144K)
 Metaspace       used 48590K, committed 49920K, reserved 1114112K
  class space    used 6542K, committed 7232K, reserved 1048576K
}
Event: 13.485 GC heap after
{Heap after GC invocations=12 (full 0):
 garbage-first heap   total 80896K, used 34215K [0x0000000080000000, 0x0000000100000000)
  region size 1024K, 3 young (3072K), 3 survivors (3072K)
 Metaspace       used 48590K, committed 49920K, reserved 1114112K
  class space    used 6542K, committed 7232K, reserved 1048576K
}
Event: 14.657 GC heap before
{Heap before GC invocations=12 (full 0):
 garbage-first heap   total 80896K, used 71079K [0x0000000080000000, 0x0000000100000000)
  region size 1024K, 38 young (38912K), 3 survivors (3072K)
 Metaspace       used 53913K, committed 55360K, reserved 1114112K
  class space    used 7257K, committed 7936K, reserved 1048576K
}

Dll operation events (3 events):
Event: 0.021 Loaded shared library C:\Program Files\Android\Android Studio\jbr\bin\java.dll
Event: 0.036 Loaded shared library C:\Program Files\Android\Android Studio\jbr\bin\zip.dll
Event: 1.608 Loaded shared library C:\Program Files\Android\Android Studio\jbr\bin\verify.dll

Deoptimization events (20 events):
Event: 13.942 Thread 0x000001567ec55f70 Uncommon trap: trap_request=0xffffffde fr.pc=0x0000015670ca1548 relative=0x0000000000000c88
Event: 13.942 Thread 0x000001567ec55f70 Uncommon trap: reason=class_check action=maybe_recompile pc=0x0000015670ca1548 method=jdk.internal.loader.URLClassPath.getLoader(I)Ljdk/internal/loader/URLClassPath$Loader; @ 190 c2
Event: 13.942 Thread 0x000001567ec55f70 DEOPT PACKING pc=0x0000015670ca1548 sp=0x0000003639ff8df0
Event: 13.942 Thread 0x000001567ec55f70 DEOPT UNPACKING pc=0x00000156705846a2 sp=0x0000003639ff8dc0 mode 2
Event: 13.942 Thread 0x000001567ec55f70 Uncommon trap: trap_request=0xffffffde fr.pc=0x0000015670ce85a0 relative=0x0000000000000200
Event: 13.942 Thread 0x000001567ec55f70 Uncommon trap: reason=class_check action=maybe_recompile pc=0x0000015670ce85a0 method=jdk.internal.loader.URLClassPath.getResource(Ljava/lang/String;Z)Ljdk/internal/loader/Resource; @ 53 c2
Event: 13.942 Thread 0x000001567ec55f70 DEOPT PACKING pc=0x0000015670ce85a0 sp=0x0000003639ff8e90
Event: 13.943 Thread 0x000001567ec55f70 DEOPT UNPACKING pc=0x00000156705846a2 sp=0x0000003639ff8e20 mode 2
Event: 14.306 Thread 0x000001567ec55f70 Uncommon trap: trap_request=0xffffffde fr.pc=0x0000015670b91288 relative=0x00000000000002c8
Event: 14.306 Thread 0x000001567ec55f70 Uncommon trap: reason=class_check action=maybe_recompile pc=0x0000015670b91288 method=java.util.Collections$SetFromMap.remove(Ljava/lang/Object;)Z @ 5 c2
Event: 14.306 Thread 0x000001567ec55f70 DEOPT PACKING pc=0x0000015670b91288 sp=0x0000003639ff8990
Event: 14.306 Thread 0x000001567ec55f70 DEOPT UNPACKING pc=0x00000156705846a2 sp=0x0000003639ff8978 mode 2
Event: 14.515 Thread 0x000001567ec55f70 Uncommon trap: trap_request=0xffffff54 fr.pc=0x0000015670b8cd30 relative=0x00000000000015b0
Event: 14.515 Thread 0x000001567ec55f70 Uncommon trap: reason=speculate_null_assert action=make_not_entrant pc=0x0000015670b8cd30 method=java.util.jar.JarFile.getVersionedEntry(Ljava/lang/String;Ljava/util/jar/JarEntry;)Ljava/util/jar/JarEntry; @ 115 c2
Event: 14.515 Thread 0x000001567ec55f70 DEOPT PACKING pc=0x0000015670b8cd30 sp=0x0000003639ff82c0
Event: 14.515 Thread 0x000001567ec55f70 DEOPT UNPACKING pc=0x00000156705846a2 sp=0x0000003639ff82c8 mode 2
Event: 14.515 Thread 0x000001567ec55f70 Uncommon trap: trap_request=0xffffff45 fr.pc=0x0000015670b2f870 relative=0x0000000000000f90
Event: 14.515 Thread 0x000001567ec55f70 Uncommon trap: reason=unstable_if action=reinterpret pc=0x0000015670b2f870 method=java.util.jar.JarFile.getEntry(Ljava/lang/String;)Ljava/util/zip/ZipEntry; @ 15 c2
Event: 14.515 Thread 0x000001567ec55f70 DEOPT PACKING pc=0x0000015670b2f870 sp=0x0000003639ff8390
Event: 14.515 Thread 0x000001567ec55f70 DEOPT UNPACKING pc=0x00000156705846a2 sp=0x0000003639ff8388 mode 2

Classes loaded (20 events):
Event: 13.903 Loading class java/util/concurrent/atomic/AtomicReferenceFieldUpdater$AtomicReferenceFieldUpdaterImpl$1
Event: 13.903 Loading class java/util/concurrent/atomic/AtomicReferenceFieldUpdater$AtomicReferenceFieldUpdaterImpl$1 done
Event: 14.233 Loading class java/lang/StringIndexOutOfBoundsException
Event: 14.233 Loading class java/lang/StringIndexOutOfBoundsException done
Event: 14.310 Loading class java/util/stream/DistinctOps
Event: 14.311 Loading class java/util/stream/DistinctOps done
Event: 14.311 Loading class java/util/stream/DistinctOps$1
Event: 14.311 Loading class java/util/stream/ReferencePipeline$StatefulOp
Event: 14.311 Loading class java/util/stream/ReferencePipeline$StatefulOp done
Event: 14.311 Loading class java/util/stream/DistinctOps$1 done
Event: 14.313 Loading class java/util/stream/DistinctOps$1$2
Event: 14.313 Loading class java/util/stream/DistinctOps$1$2 done
Event: 14.319 Loading class java/util/stream/SortedOps
Event: 14.320 Loading class java/util/stream/SortedOps done
Event: 14.320 Loading class java/util/stream/SortedOps$OfRef
Event: 14.320 Loading class java/util/stream/SortedOps$OfRef done
Event: 14.323 Loading class java/util/stream/SortedOps$SizedRefSortingSink
Event: 14.323 Loading class java/util/stream/SortedOps$AbstractRefSortingSink
Event: 14.324 Loading class java/util/stream/SortedOps$AbstractRefSortingSink done
Event: 14.324 Loading class java/util/stream/SortedOps$SizedRefSortingSink done

Classes unloaded (0 events):
No events

Classes redefined (0 events):
No events

Internal exceptions (20 events):
Event: 13.290 Thread 0x000001567ec55f70 Exception <a 'java/lang/NoSuchMethodError'{0x0000000082bae670}: 'void java.lang.invoke.DirectMethodHandle$Holder.invokeInterface(java.lang.Object, java.lang.Object, java.lang.Object, java.lang.Object, java.lang.Object, java.lang.Object, java.lang.Object)'> (0x0000000082bae670) 
thrown [s\src\hotspot\share\interpreter\linkResolver.cpp, line 784]
Event: 13.291 Thread 0x000001567ec55f70 Exception <a 'java/lang/NoSuchMethodError'{0x0000000082bb2f88}: 'void java.lang.invoke.DelegatingMethodHandle$Holder.reinvoke_L(java.lang.Object, java.lang.Object, java.lang.Object, java.lang.Object, java.lang.Object, java.lang.Object, java.lang.Object)'> (0x0000000082bb2f88) 
thrown [s\src\hotspot\share\interpreter\linkResolver.cpp, line 784]
Event: 13.320 Thread 0x000001567ec55f70 Exception <a 'java/lang/NoSuchMethodError'{0x0000000082aa0d38}: 'java.lang.Object java.lang.invoke.DirectMethodHandle$Holder.invokeVirtual(java.lang.Object, java.lang.Object, java.lang.Object, java.lang.Object, java.lang.Object, java.lang.Object, java.lang.Object, java.lang.Object, java.lang.Object, java.lang.Object, java.lang.Object, java.lang.Object, java.lang.Object, java.lang.Object, java.lang.Object)'> (0x0000000082aa0d38) 
thrown [s\src\hotspot\share\interpreter\linkResolver.cpp, line 784]
Event: 13.338 Thread 0x000001567ec55f70 Exception <a 'java/lang/NoSuchMethodError'{0x00000000829792a8}: 'java.lang.Object java.lang.invoke.DirectMethodHandle$Holder.newInvokeSpecial(java.lang.Object, java.lang.Object, java.lang.Object, java.lang.Object, java.lang.Object, java.lang.Object, java.lang.Object, java.lang.Object, java.lang.Object, java.lang.Object, java.lang.Object, java.lang.Object, java.lang.Object)'> (0x00000000829792a8) 
thrown [s\src\hotspot\share\interpreter\linkResolver.cpp, line 784]
Event: 13.430 Thread 0x000001567ec55f70 Exception <a 'java/lang/NoSuchMethodError'{0x00000000826a22a8}: 'java.lang.Object java.lang.invoke.DirectMethodHandle$Holder.newInvokeSpecial(java.lang.Object, java.lang.Object, java.lang.Object, java.lang.Object, int)'> (0x00000000826a22a8) 
thrown [s\src\hotspot\share\interpreter\linkResolver.cpp, line 784]
Event: 13.431 Thread 0x000001567ec55f70 Exception <a 'java/lang/NoSuchMethodError'{0x00000000826a72a0}: 'java.lang.Object java.lang.invoke.DirectMethodHandle$Holder.invokeSpecial(java.lang.Object, java.lang.Object, java.lang.Object, java.lang.Object, java.lang.Object, int)'> (0x00000000826a72a0) 
thrown [s\src\hotspot\share\interpreter\linkResolver.cpp, line 784]
Event: 13.431 Thread 0x000001567ec55f70 Exception <a 'java/lang/NoSuchMethodError'{0x00000000826aba20}: 'java.lang.Object java.lang.invoke.Invokers$Holder.linkToTargetMethod(java.lang.Object, java.lang.Object, java.lang.Object, int, java.lang.Object)'> (0x00000000826aba20) 
thrown [s\src\hotspot\share\interpreter\linkResolver.cpp, line 784]
Event: 13.517 Thread 0x000001567ec55f70 Exception <a 'java/lang/NoSuchMethodError'{0x000000008482a4e0}: 'int java.lang.invoke.DirectMethodHandle$Holder.invokeInterface(java.lang.Object, java.lang.Object, java.lang.Object, java.lang.Object)'> (0x000000008482a4e0) 
thrown [s\src\hotspot\share\interpreter\linkResolver.cpp, line 784]
Event: 13.595 Thread 0x000001567ec55f70 Exception <a 'java/lang/NoSuchMethodError'{0x0000000084682d00}: 'java.lang.Object java.lang.invoke.DirectMethodHandle$Holder.invokeStatic(java.lang.Object, long, java.lang.Object)'> (0x0000000084682d00) 
thrown [s\src\hotspot\share\interpreter\linkResolver.cpp, line 784]
Event: 13.596 Thread 0x000001567ec55f70 Exception <a 'java/lang/NoSuchMethodError'{0x0000000084689ef8}: 'java.lang.Object java.lang.invoke.DirectMethodHandle$Holder.newInvokeSpecial(java.lang.Object, long)'> (0x0000000084689ef8) 
thrown [s\src\hotspot\share\interpreter\linkResolver.cpp, line 784]
Event: 13.609 Thread 0x000001567ec55f70 Exception <a 'java/lang/NoSuchMethodError'{0x00000000846f39d8}: 'java.lang.Object java.lang.invoke.Invokers$Holder.linkToTargetMethod(java.lang.Object, java.lang.Object, java.lang.Object, java.lang.Object, long, java.lang.Object, java.lang.Object)'> (0x00000000846f39d8) 
thrown [s\src\hotspot\share\interpreter\linkResolver.cpp, line 784]
Event: 13.618 Thread 0x000001567ec55f70 Exception <a 'java/lang/NoSuchMethodError'{0x000000008453d138}: 'java.lang.Object java.lang.invoke.DirectMethodHandle$Holder.invokeSpecial(java.lang.Object, java.lang.Object, java.lang.Object, java.lang.Object, long, java.lang.Object)'> (0x000000008453d138) 
thrown [s\src\hotspot\share\interpreter\linkResolver.cpp, line 784]
Event: 13.618 Thread 0x000001567ec55f70 Exception <a 'java/lang/NoSuchMethodError'{0x0000000084541408}: 'java.lang.Object java.lang.invoke.Invokers$Holder.linkToTargetMethod(java.lang.Object, java.lang.Object, long, java.lang.Object, java.lang.Object)'> (0x0000000084541408) 
thrown [s\src\hotspot\share\interpreter\linkResolver.cpp, line 784]
Event: 13.688 Thread 0x000001567ec55f70 Exception <a 'java/lang/NoSuchMethodError'{0x00000000843ae3e0}: 'java.lang.Object java.lang.invoke.DirectMethodHandle$Holder.newInvokeSpecial(java.lang.Object, java.lang.Object, java.lang.Object, java.lang.Object, java.lang.Object, java.lang.Object, java.lang.Object, java.lang.Object, java.lang.Object, java.lang.Object, java.lang.Object, java.lang.Object, java.lang.Object, java.lang.Object, java.lang.Object, java.lang.Object, java.lang.Object, java.lang.Object, java.lang.Object, java.lang.Object, java.lang
Event: 13.779 Thread 0x000001567ec55f70 Implicit null exception at 0x0000015670c987fc to 0x0000015670c988ac
Event: 14.061 Thread 0x000001567ec55f70 Exception <a 'java/lang/IncompatibleClassChangeError'{0x0000000083861758}: Found class java.lang.Object, but interface was expected> (0x0000000083861758) 
thrown [s\src\hotspot\share\interpreter\linkResolver.cpp, line 851]
Event: 14.163 Thread 0x000001567ec55f70 Exception <a 'java/lang/NoSuchMethodError'{0x00000000835a9878}: 'java.lang.Object java.lang.invoke.DirectMethodHandle$Holder.newInvokeSpecial(java.lang.Object, int, java.lang.Object)'> (0x00000000835a9878) 
thrown [s\src\hotspot\share\interpreter\linkResolver.cpp, line 784]
Event: 14.250 Thread 0x000001567ec55f70 Exception <a 'java/lang/NoSuchMethodError'{0x00000000833e1c38}: 'java.lang.Object java.lang.invoke.DirectMethodHandle$Holder.invokeSpecial(java.lang.Object, java.lang.Object, long, java.lang.Object, java.lang.Object)'> (0x00000000833e1c38) 
thrown [s\src\hotspot\share\interpreter\linkResolver.cpp, line 784]
Event: 14.279 Thread 0x000001567ec55f70 Exception <a 'java/lang/NoSuchMethodError'{0x00000000832b28c0}: 'java.lang.Object java.lang.invoke.DirectMethodHandle$Holder.newInvokeSpecial(java.lang.Object, java.lang.Object, int, java.lang.Object)'> (0x00000000832b28c0) 
thrown [s\src\hotspot\share\interpreter\linkResolver.cpp, line 784]
Event: 14.280 Thread 0x000001567ec55f70 Exception <a 'java/lang/NoSuchMethodError'{0x00000000832b7100}: 'java.lang.Object java.lang.invoke.DirectMethodHandle$Holder.invokeSpecial(java.lang.Object, java.lang.Object, java.lang.Object, int, java.lang.Object)'> (0x00000000832b7100) 
thrown [s\src\hotspot\share\interpreter\linkResolver.cpp, line 784]

ZGC Phase Switch (0 events):
No events

VM Operations (20 events):
Event: 12.409 Executing VM operation: HandshakeAllThreads (Deoptimize) done
Event: 12.579 Executing VM operation: ICBufferFull
Event: 12.579 Executing VM operation: ICBufferFull done
Event: 12.794 Executing VM operation: G1CollectForAllocation (G1 Evacuation Pause)
Event: 12.806 Executing VM operation: G1CollectForAllocation (G1 Evacuation Pause) done
Event: 12.983 Executing VM operation: HandshakeAllThreads (Deoptimize)
Event: 12.983 Executing VM operation: HandshakeAllThreads (Deoptimize) done
Event: 13.045 Executing VM operation: HandshakeAllThreads (Deoptimize)
Event: 13.045 Executing VM operation: HandshakeAllThreads (Deoptimize) done
Event: 13.048 Executing VM operation: HandshakeAllThreads (Deoptimize)
Event: 13.049 Executing VM operation: HandshakeAllThreads (Deoptimize) done
Event: 13.413 Executing VM operation: HandshakeAllThreads (Deoptimize)
Event: 13.413 Executing VM operation: HandshakeAllThreads (Deoptimize) done
Event: 13.475 Executing VM operation: G1CollectForAllocation (G1 Evacuation Pause)
Event: 13.485 Executing VM operation: G1CollectForAllocation (G1 Evacuation Pause) done
Event: 13.516 Executing VM operation: HandshakeAllThreads (Deoptimize)
Event: 13.516 Executing VM operation: HandshakeAllThreads (Deoptimize) done
Event: 14.313 Executing VM operation: HandshakeAllThreads (Deoptimize)
Event: 14.313 Executing VM operation: HandshakeAllThreads (Deoptimize) done
Event: 14.656 Executing VM operation: G1CollectForAllocation (G1 Evacuation Pause)

Memory protections (0 events):
No events

Nmethod flushes (20 events):
Event: 10.835 Thread 0x0000015663b9dde0 flushing  nmethod 0x000001566914ca90
Event: 10.835 Thread 0x0000015663b9dde0 flushing  nmethod 0x000001566914e090
Event: 10.835 Thread 0x0000015663b9dde0 flushing  nmethod 0x000001566914e710
Event: 10.835 Thread 0x0000015663b9dde0 flushing  nmethod 0x0000015669153490
Event: 10.835 Thread 0x0000015663b9dde0 flushing  nmethod 0x0000015669155290
Event: 10.835 Thread 0x0000015663b9dde0 flushing  nmethod 0x0000015669181010
Event: 10.835 Thread 0x0000015663b9dde0 flushing  nmethod 0x0000015669184e90
Event: 10.835 Thread 0x0000015663b9dde0 flushing  nmethod 0x00000156691a3f90
Event: 10.835 Thread 0x0000015663b9dde0 flushing  nmethod 0x00000156691a4c90
Event: 10.835 Thread 0x0000015663b9dde0 flushing  nmethod 0x000001566921c710
Event: 10.835 Thread 0x0000015663b9dde0 flushing  nmethod 0x0000015669347f10
Event: 10.835 Thread 0x0000015663b9dde0 flushing  nmethod 0x000001566934d810
Event: 10.835 Thread 0x0000015663b9dde0 flushing  nmethod 0x000001566938de10
Event: 10.835 Thread 0x0000015663b9dde0 flushing  nmethod 0x0000015669392e90
Event: 10.835 Thread 0x0000015663b9dde0 flushing  nmethod 0x0000015669393890
Event: 10.835 Thread 0x0000015663b9dde0 flushing  nmethod 0x00000156693d2990
Event: 10.835 Thread 0x0000015663b9dde0 flushing  nmethod 0x00000156693f8a90
Event: 10.835 Thread 0x0000015663b9dde0 flushing  nmethod 0x00000156693faa10
Event: 10.835 Thread 0x0000015663b9dde0 flushing  nmethod 0x00000156693fad10
Event: 10.835 Thread 0x0000015663b9dde0 flushing  nmethod 0x00000156693fb590

Events (20 events):
Event: 6.378 Thread 0x000001567ec56600 Thread added: 0x000001567ec558e0
Event: 6.428 Thread 0x000001567e77f060 Thread exited: 0x000001567e77f060
Event: 6.441 Thread 0x000001567ec56600 Thread added: 0x000001567ec57320
Event: 6.461 Thread 0x000001567ec56600 Thread added: 0x000001567ec55f70
Event: 6.485 Thread 0x000001567ec55f70 Thread added: 0x000001567ec56c90
Event: 6.495 Thread 0x000001567ec55f70 Thread added: 0x000001567ec579b0
Event: 6.500 Thread 0x000001567ec55f70 Thread added: 0x000001567ec54530
Event: 7.462 Thread 0x000001567ec55f70 Thread added: 0x000001567ea4f910
Event: 7.480 Thread 0x000001567ec55f70 Thread added: 0x000001567ea51350
Event: 7.536 Thread 0x000001567ec55f70 Thread added: 0x000001567ea53ab0
Event: 8.603 Thread 0x000001567d750a30 Thread added: 0x00000156045c3650
Event: 9.070 Thread 0x000001567ec55f70 Thread added: 0x000001567ea4e560
Event: 9.787 Thread 0x000001567ec55f70 Thread added: 0x000001567ea52070
Event: 9.823 Thread 0x000001567ec55f70 Thread added: 0x000001567ea519e0
Event: 10.484 Thread 0x000001567ec55f70 Thread added: 0x000001567ea54140
Event: 10.498 Thread 0x000001567ec55f70 Thread added: 0x000001567ea4d1b0
Event: 11.002 Thread 0x000001567ec55f70 Thread added: 0x000001567ea4ffa0
Event: 11.239 Thread 0x000001567ec55f70 Thread added: 0x000001567ea4ebf0
Event: 11.402 Thread 0x000001567ec55f70 Thread added: 0x000001567ea53420
Event: 11.726 Thread 0x00000156045c3650 Thread exited: 0x00000156045c3650


Dynamic libraries:
0x00007ff75e460000 - 0x00007ff75e46a000 	C:\Program Files\Android\Android Studio\jbr\bin\java.exe
0x00007ffc605f0000 - 0x00007ffc607e8000 	C:\windows\SYSTEM32\ntdll.dll
0x00007ffc5ec00000 - 0x00007ffc5ecc2000 	C:\windows\System32\KERNEL32.DLL
0x00007ffc5e0d0000 - 0x00007ffc5e3c6000 	C:\windows\System32\KERNELBASE.dll
0x00007ffc5e520000 - 0x00007ffc5e620000 	C:\windows\System32\ucrtbase.dll
0x00007ffc4e620000 - 0x00007ffc4e63b000 	C:\Program Files\Android\Android Studio\jbr\bin\VCRUNTIME140.dll
0x00007ffc41e90000 - 0x00007ffc41ea8000 	C:\Program Files\Android\Android Studio\jbr\bin\jli.dll
0x00007ffc60120000 - 0x00007ffc602bd000 	C:\windows\System32\USER32.dll
0x00007ffc46ce0000 - 0x00007ffc46f7a000 	C:\windows\WinSxS\amd64_microsoft.windows.common-controls_6595b64144ccf1df_6.0.19041.5794_none_60bcd33171f2783c\COMCTL32.dll
0x00007ffc5e4f0000 - 0x00007ffc5e512000 	C:\windows\System32\win32u.dll
0x00007ffc5e6c0000 - 0x00007ffc5e6eb000 	C:\windows\System32\GDI32.dll
0x00007ffc5e620000 - 0x00007ffc5e6be000 	C:\windows\System32\msvcrt.dll
0x00007ffc5e3d0000 - 0x00007ffc5e4ea000 	C:\windows\System32\gdi32full.dll
0x00007ffc5ddd0000 - 0x00007ffc5de6d000 	C:\windows\System32\msvcp_win.dll
0x00007ffc5f000000 - 0x00007ffc5f02f000 	C:\windows\System32\IMM32.DLL
0x00007ffc555f0000 - 0x00007ffc555fc000 	C:\Program Files\Android\Android Studio\jbr\bin\vcruntime140_1.dll
0x00007ffc29a10000 - 0x00007ffc29a9d000 	C:\Program Files\Android\Android Studio\jbr\bin\msvcp140.dll
0x00007ffc06b20000 - 0x00007ffc077ab000 	C:\Program Files\Android\Android Studio\jbr\bin\server\jvm.dll
0x00007ffc603e0000 - 0x00007ffc6048f000 	C:\windows\System32\ADVAPI32.dll
0x00007ffc602c0000 - 0x00007ffc6035f000 	C:\windows\System32\sechost.dll
0x00007ffc5ecd0000 - 0x00007ffc5edf3000 	C:\windows\System32\RPCRT4.dll
0x00007ffc5e0a0000 - 0x00007ffc5e0c7000 	C:\windows\System32\bcrypt.dll
0x00007ffc5f610000 - 0x00007ffc5f67b000 	C:\windows\System32\WS2_32.dll
0x00007ffc5daf0000 - 0x00007ffc5db3b000 	C:\windows\SYSTEM32\POWRPROF.dll
0x00007ffc540a0000 - 0x00007ffc540c7000 	C:\windows\SYSTEM32\WINMM.dll
0x00007ffc56080000 - 0x00007ffc5608a000 	C:\windows\SYSTEM32\VERSION.dll
0x00007ffc5dad0000 - 0x00007ffc5dae2000 	C:\windows\SYSTEM32\UMPDC.dll
0x00007ffc5bb10000 - 0x00007ffc5bb22000 	C:\windows\SYSTEM32\kernel.appcore.dll
0x00007ffc554b0000 - 0x00007ffc554ba000 	C:\Program Files\Android\Android Studio\jbr\bin\jimage.dll
0x00007ffc44400000 - 0x00007ffc44601000 	C:\windows\SYSTEM32\DBGHELP.DLL
0x00007ffc44af0000 - 0x00007ffc44b24000 	C:\windows\SYSTEM32\dbgcore.DLL
0x00007ffc5dc90000 - 0x00007ffc5dd12000 	C:\windows\System32\bcryptPrimitives.dll
0x00007ffc4a350000 - 0x00007ffc4a35e000 	C:\Program Files\Android\Android Studio\jbr\bin\instrument.dll
0x00007ffc4e4c0000 - 0x00007ffc4e4e0000 	C:\Program Files\Android\Android Studio\jbr\bin\java.dll
0x00007ffc4e470000 - 0x00007ffc4e488000 	C:\Program Files\Android\Android Studio\jbr\bin\zip.dll
0x00007ffc5f6f0000 - 0x00007ffc5fe5e000 	C:\windows\System32\SHELL32.dll
0x00007ffc5bd10000 - 0x00007ffc5c4b3000 	C:\windows\SYSTEM32\windows.storage.dll
0x00007ffc5e6f0000 - 0x00007ffc5ea43000 	C:\windows\System32\combase.dll
0x00007ffc5d5f0000 - 0x00007ffc5d61b000 	C:\windows\SYSTEM32\Wldp.dll
0x00007ffc5fe70000 - 0x00007ffc5ff3d000 	C:\windows\System32\OLEAUT32.dll
0x00007ffc60500000 - 0x00007ffc605ad000 	C:\windows\System32\SHCORE.dll
0x00007ffc5f690000 - 0x00007ffc5f6e5000 	C:\windows\System32\shlwapi.dll
0x00007ffc5dbc0000 - 0x00007ffc5dbe5000 	C:\windows\SYSTEM32\profapi.dll
0x00007ffc55330000 - 0x00007ffc55340000 	C:\Program Files\Android\Android Studio\jbr\bin\net.dll
0x00007ffc56850000 - 0x00007ffc5695a000 	C:\windows\SYSTEM32\WINHTTP.dll
0x00007ffc5d350000 - 0x00007ffc5d3bc000 	C:\windows\system32\mswsock.dll
0x00007ffc4df80000 - 0x00007ffc4df96000 	C:\Program Files\Android\Android Studio\jbr\bin\nio.dll
0x00007ffc54ad0000 - 0x00007ffc54ae0000 	C:\Program Files\Android\Android Studio\jbr\bin\verify.dll
0x00007ffc3f3b0000 - 0x00007ffc3f3d7000 	C:\Users\Efi\.gradle\native\c067742578af261105cb4f569cf0c3c89f3d7b1fecec35dd04571415982c5e48\windows-amd64\native-platform.dll
0x00007ffc278f0000 - 0x00007ffc27a34000 	C:\Users\Efi\.gradle\native\100fb08df4bc3b14c8652ba06237920a3bd2aa13389f12d3474272988ae205f9\windows-amd64\native-platform-file-events.dll
0x00007ffc4e150000 - 0x00007ffc4e159000 	C:\Program Files\Android\Android Studio\jbr\bin\management.dll
0x00007ffc4df70000 - 0x00007ffc4df7b000 	C:\Program Files\Android\Android Studio\jbr\bin\management_ext.dll
0x00007ffc604f0000 - 0x00007ffc604f8000 	C:\windows\System32\PSAPI.DLL
0x00007ffc5d550000 - 0x00007ffc5d568000 	C:\windows\SYSTEM32\CRYPTSP.dll
0x00007ffc5cc70000 - 0x00007ffc5cca8000 	C:\windows\system32\rsaenh.dll
0x00007ffc5db80000 - 0x00007ffc5dbae000 	C:\windows\SYSTEM32\USERENV.dll
0x00007ffc5d540000 - 0x00007ffc5d54c000 	C:\windows\SYSTEM32\CRYPTBASE.dll
0x00007ffc5d030000 - 0x00007ffc5d06b000 	C:\windows\SYSTEM32\IPHLPAPI.DLL
0x00007ffc5fe60000 - 0x00007ffc5fe68000 	C:\windows\System32\NSI.dll
0x00007ffc4e510000 - 0x00007ffc4e519000 	C:\Program Files\Android\Android Studio\jbr\bin\extnet.dll
0x00007ffc4e5a0000 - 0x00007ffc4e5a7000 	C:\windows\system32\wshunix.dll

dbghelp: loaded successfully - version: 4.0.5 - missing functions: none
symbol engine: initialized successfully - sym options: 0x614 - pdb path: .;C:\Program Files\Android\Android Studio\jbr\bin;C:\windows\SYSTEM32;C:\windows\WinSxS\amd64_microsoft.windows.common-controls_6595b64144ccf1df_6.0.19041.5794_none_60bcd33171f2783c;C:\Program Files\Android\Android Studio\jbr\bin\server;C:\Users\Efi\.gradle\native\c067742578af261105cb4f569cf0c3c89f3d7b1fecec35dd04571415982c5e48\windows-amd64;C:\Users\Efi\.gradle\native\100fb08df4bc3b14c8652ba06237920a3bd2aa13389f12d3474272988ae205f9\windows-amd64

VM Arguments:
jvm_args: --add-opens=java.base/java.lang=ALL-UNNAMED --add-opens=java.base/java.lang.invoke=ALL-UNNAMED --add-opens=java.base/java.util=ALL-UNNAMED --add-opens=java.prefs/java.util.prefs=ALL-UNNAMED --add-exports=jdk.compiler/com.sun.tools.javac.api=ALL-UNNAMED --add-exports=jdk.compiler/com.sun.tools.javac.util=ALL-UNNAMED --add-opens=java.base/java.util=ALL-UNNAMED --add-opens=java.prefs/java.util.prefs=ALL-UNNAMED --add-opens=java.base/java.nio.charset=ALL-UNNAMED --add-opens=java.base/java.net=ALL-UNNAMED --add-opens=java.base/java.util.concurrent.atomic=ALL-UNNAMED --add-opens=java.xml/javax.xml.namespace=ALL-UNNAMED -Xmx2048m -Dfile.encoding=UTF-8 -Duser.country=GR -Duser.language=el -Duser.variant -javaagent:C:\Users\Efi\.gradle\wrapper\dists\gradle-8.11.1-bin\bpt9gzteqjrbo1mjrsomdt32c\gradle-8.11.1\lib\agents\gradle-instrumentation-agent-8.11.1.jar 
java_command: org.gradle.launcher.daemon.bootstrap.GradleDaemon 8.11.1
java_class_path (initial): C:\Users\Efi\.gradle\wrapper\dists\gradle-8.11.1-bin\bpt9gzteqjrbo1mjrsomdt32c\gradle-8.11.1\lib\gradle-daemon-main-8.11.1.jar
Launcher Type: SUN_STANDARD

[Global flags]
     intx CICompilerCount                          = 4                                         {product} {ergonomic}
     uint ConcGCThreads                            = 2                                         {product} {ergonomic}
     uint G1ConcRefinementThreads                  = 8                                         {product} {ergonomic}
   size_t G1HeapRegionSize                         = 1048576                                   {product} {ergonomic}
    uintx GCDrainStackTargetSize                   = 64                                        {product} {ergonomic}
   size_t InitialHeapSize                          = 100663296                                 {product} {ergonomic}
   size_t MarkStackSize                            = 4194304                                   {product} {ergonomic}
   size_t MaxHeapSize                              = 2147483648                                {product} {command line}
   size_t MaxNewSize                               = 1287651328                                {product} {ergonomic}
   size_t MinHeapDeltaBytes                        = 1048576                                   {product} {ergonomic}
   size_t MinHeapSize                              = 8388608                                   {product} {ergonomic}
    uintx NonNMethodCodeHeapSize                   = 5839372                                {pd product} {ergonomic}
    uintx NonProfiledCodeHeapSize                  = 122909434                              {pd product} {ergonomic}
    uintx ProfiledCodeHeapSize                     = 122909434                              {pd product} {ergonomic}
    uintx ReservedCodeCacheSize                    = 251658240                              {pd product} {ergonomic}
     bool SegmentedCodeCache                       = true                                      {product} {ergonomic}
   size_t SoftMaxHeapSize                          = 2147483648                             {manageable} {ergonomic}
     bool UseCompressedOops                        = true                           {product lp64_product} {ergonomic}
     bool UseG1GC                                  = true                                      {product} {ergonomic}
     bool UseLargePagesIndividualAllocation        = false                                  {pd product} {ergonomic}

Logging:
Log output configuration:
 #0: stdout all=warning uptime,level,tags foldmultilines=false
 #1: stderr all=off uptime,level,tags foldmultilines=false

Environment Variables:
JAVA_HOME=C:\Program Files\Java\jdk-20
PATH=C:\Program Files\Common Files\Oracle\Java\javapath;C:\Program Files (x86)\Common Files\Oracle\Java\javapath;C:\windows\system32;C:\windows;C:\windows\System32\Wbem;C:\windows\System32\WindowsPowerShell\v1.0\;C:\windows\System32\OpenSSH\;C:\Program Files\PuTTY\;C:\Program Files\Common Files\Autodesk Shared\;C:\Program Files\Microsoft SQL Server\120\Tools\Binn\;C:\Program Files\Java\jdk-17.0.3.1\bin;C:\Program Files\Java\jdk-17.0.3.1\bin;C:\Program Files\Java\jdk-17\bin;C:\Program Files\Microsoft SQL Server\150\Tools\Binn\;C:\Program Files\Microsoft SQL Server\Client SDK\ODBC\170\Tools\Binn\;C:\Program Files\dotnet\;C:\Program Files\Java\jdk-20\bin;;C:\Program Files\HP\HP One Agent;C:\Users\Efi\AppData\Local\Microsoft\WindowsApps;
USERNAME=Efi
OS=Windows_NT
PROCESSOR_IDENTIFIER=AMD64 Family 23 Model 24 Stepping 1, AuthenticAMD
TMP=C:\Users\Efi\AppData\Local\Temp
TEMP=C:\Users\Efi\AppData\Local\Temp




Periodic native trim disabled

JNI global refs:
JNI global refs: 26, weak refs: 2

JNI global refs memory usage: 835, weak refs: 833

Process memory usage:
Resident Set Size: 255468K (4% of 6236300K total physical memory with 307852K free physical memory)

OOME stack traces (most recent first):
Classloader memory used:
Loader org.gradle.internal.classloader.VisitableURLClassLoader                         : 26118K
Loader bootstrap                                                                       : 21557K
Loader org.gradle.initialization.MixInLegacyTypesClassLoader                           : 5456K
Loader jdk.internal.loader.ClassLoaders$PlatformClassLoader                            : 527K
Loader jdk.internal.loader.ClassLoaders$AppClassLoader                                 : 234K
Loader org.gradle.internal.classloader.VisitableURLClassLoader                         : 19216B

Classes loaded by more than one classloader:
Class org.gradle.internal.classloader.FilteringClassLoader                            : loaded 2 times (x 101B)
Class org.gradle.internal.classloader.ClassLoaderHierarchy                            : loaded 2 times (x 66B)
Class org.gradle.api.internal.classpath.ManifestUtil                                  : loaded 2 times (x 67B)
Class org.gradle.internal.classloader.DefaultClassLoaderFactory                       : loaded 2 times (x 78B)
Class org.gradle.internal.classloader.ClassLoaderVisitor                              : loaded 2 times (x 72B)
Class org.gradle.api.internal.classpath.EffectiveClassPath                            : loaded 2 times (x 86B)
Class org.gradle.api.internal.DefaultClassPathProvider                                : loaded 2 times (x 72B)
Class [Lorg.gradle.api.internal.ClassPathProvider;                                    : loaded 2 times (x 65B)
Class org.gradle.api.internal.ClassPathProvider                                       : loaded 2 times (x 66B)
Class org.gradle.internal.service.UnknownServiceException                             : loaded 2 times (x 79B)
Class org.gradle.internal.classpath.TransformedClassPath                              : loaded 2 times (x 92B)
Class org.gradle.internal.classloader.InstrumentingClassLoader                        : loaded 2 times (x 66B)
Class org.gradle.internal.service.ServiceLocator                                      : loaded 2 times (x 66B)
Class org.gradle.internal.InternalTransformer                                         : loaded 2 times (x 66B)
Class org.gradle.internal.classloader.ClasspathUtil$1                                 : loaded 2 times (x 72B)
Class org.gradle.api.internal.classpath.DefaultModuleRegistry$DefaultModule           : loaded 2 times (x 82B)
Class org.gradle.api.internal.classpath.Module                                        : loaded 2 times (x 66B)
Class org.gradle.api.internal.classpath.UnknownModuleException                        : loaded 2 times (x 78B)
Class org.gradle.api.internal.DefaultClassPathRegistry                                : loaded 2 times (x 72B)
Class org.gradle.api.internal.ClassPathRegistry                                       : loaded 2 times (x 66B)
Class org.gradle.internal.classpath.DefaultClassPath$ImmutableUniqueList              : loaded 2 times (x 195B)
Class org.gradle.internal.classpath.ClassPath                                         : loaded 2 times (x 66B)
Class org.gradle.api.UncheckedIOException                                             : loaded 2 times (x 78B)
Class org.gradle.internal.installation.GradleInstallation$1                           : loaded 2 times (x 71B)
Class org.gradle.api.internal.classpath.ModuleRegistry                                : loaded 2 times (x 66B)
Class org.gradle.api.internal.classpath.DefaultModuleRegistry                         : loaded 2 times (x 82B)
Class org.gradle.internal.service.ServiceLookupException                              : loaded 2 times (x 78B)
Class org.gradle.internal.classloader.ClassLoaderFactory                              : loaded 2 times (x 66B)
Class org.gradle.internal.service.CachingServiceLocator                               : loaded 2 times (x 78B)
Class org.gradle.internal.classloader.ClasspathUtil                                   : loaded 2 times (x 67B)
Class org.gradle.api.specs.Spec                                                       : loaded 2 times (x 66B)
Class org.gradle.internal.classloader.VisitableURLClassLoader$InstrumentingVisitableURLClassLoader: loaded 2 times (x 119B)
Class org.gradle.internal.classloader.VisitableURLClassLoader$Spec                    : loaded 2 times (x 70B)
Class org.gradle.internal.classpath.DefaultClassPath                                  : loaded 2 times (x 86B)
Class org.gradle.internal.classloader.ClassLoaderSpec                                 : loaded 2 times (x 67B)
Class org.gradle.internal.classloader.VisitableURLClassLoader                         : loaded 2 times (x 113B)
Class org.gradle.internal.Cast                                                        : loaded 2 times (x 67B)
Class org.gradle.api.Action                                                           : loaded 2 times (x 66B)
Class org.gradle.internal.classpath.DefaultClassPath$ImmutableUniqueList$Builder      : loaded 2 times (x 71B)
Class org.gradle.api.GradleException                                                  : loaded 2 times (x 78B)
Class org.gradle.internal.IoActions                                                   : loaded 2 times (x 67B)
Class org.gradle.internal.classloader.SystemClassLoaderSpec                           : loaded 2 times (x 67B)
Class org.gradle.api.internal.classpath.GlobalCacheRootsProvider                      : loaded 2 times (x 66B)
Class org.gradle.internal.installation.CurrentGradleInstallationLocator               : loaded 2 times (x 67B)
Class org.gradle.internal.service.DefaultServiceLocator                               : loaded 2 times (x 79B)
Class org.gradle.internal.installation.CurrentGradleInstallation                      : loaded 2 times (x 69B)
Class org.gradle.util.internal.GUtil                                                  : loaded 2 times (x 67B)
Class org.gradle.internal.installation.GradleInstallation                             : loaded 2 times (x 71B)

---------------  S Y S T E M  ---------------

OS:
 Windows 10 , 64 bit Build 19041 (10.0.19041.5794)
OS uptime: 1 days 0:47 hours

CPU: total 8 (initial active 8) (8 cores per cpu, 2 threads per core) family 23 model 24 stepping 1 microcode 0x0, cx8, cmov, fxsr, ht, mmx, 3dnowpref, sse, sse2, sse3, ssse3, sse4a, sse4.1, sse4.2, popcnt, lzcnt, tsc, tscinvbit, avx, avx2, aes, clmul, bmi1, bmi2, adx, sha, fma, vzeroupper, clflush, clflushopt, rdtscp, f16c
Processor Information for the first 8 processors :
  Max Mhz: 2100, Current Mhz: 2100, Mhz Limit: 2100

Memory: 4k page, system-wide physical 6090M (297M free)
TotalPageFile size 24522M (AvailPageFile size 12M)
current process WorkingSet (physical memory assigned to process): 249M, peak: 249M
current process commit charge ("private bytes"): 285M, peak: 302M

vm_info: OpenJDK 64-Bit Server VM (21.0.6+-13355223-b631.42) for windows-amd64 JRE (21.0.6+-13355223-b631.42), built on 2025-04-14T18:21:23Z by "builder" with MS VC++ 16.10 / 16.11 (VS2019)

END.
