#
# There is insufficient memory for the Java Runtime Environment to continue.
# Native memory allocation (malloc) failed to allocate 902096 bytes. Error detail: Chunk::new
# Possible reasons:
#   The system is out of physical RAM or swap space
#   This process is running with CompressedOops enabled, and the Java Heap may be blocking the growth of the native heap
# Possible solutions:
#   Reduce memory load on the system
#   Increase physical memory or swap space
#   Check if swap backing store is full
#   Decrease Java heap size (-Xmx/-Xms)
#   Decrease number of Java threads
#   Decrease Java thread stack sizes (-Xss)
#   Set larger code cache with -XX:ReservedCodeCacheSize=
#   JVM is running with Unscaled Compressed Oops mode in which the Java heap is
#     placed in the first 4GB address space. The Java Heap base address is the
#     maximum limit for the native heap growth. Please use -XX:HeapBaseMinAddress
#     to set the Java Heap base and to place the Java Heap above 4GB virtual address.
# This output file may be truncated or incomplete.
#
#  Out of Memory Error (arena.cpp:168), pid=6848, tid=1228
#
# JRE version: OpenJDK Runtime Environment (21.0.6) (build 21.0.6+-13355223-b631.42)
# Java VM: OpenJDK 64-Bit Server VM (21.0.6+-13355223-b631.42, mixed mode, tiered, compressed oops, compressed class ptrs, g1 gc, windows-amd64)
# No core dump will be written. Minidumps are not enabled by default on client versions of Windows
#

---------------  S U M M A R Y ------------

Command Line: --add-opens=java.base/java.lang=ALL-UNNAMED --add-opens=java.base/java.lang.invoke=ALL-UNNAMED --add-opens=java.base/java.util=ALL-UNNAMED --add-opens=java.prefs/java.util.prefs=ALL-UNNAMED --add-exports=jdk.compiler/com.sun.tools.javac.api=ALL-UNNAMED --add-exports=jdk.compiler/com.sun.tools.javac.util=ALL-UNNAMED --add-opens=java.base/java.util=ALL-UNNAMED --add-opens=java.prefs/java.util.prefs=ALL-UNNAMED --add-opens=java.base/java.nio.charset=ALL-UNNAMED --add-opens=java.base/java.net=ALL-UNNAMED --add-opens=java.base/java.util.concurrent.atomic=ALL-UNNAMED --add-opens=java.xml/javax.xml.namespace=ALL-UNNAMED -Xmx2048m -Dfile.encoding=UTF-8 -Duser.country=GR -Duser.language=el -Duser.variant -javaagent:C:\Users\Efi\.gradle\wrapper\dists\gradle-8.11.1-bin\bpt9gzteqjrbo1mjrsomdt32c\gradle-8.11.1\lib\agents\gradle-instrumentation-agent-8.11.1.jar org.gradle.launcher.daemon.bootstrap.GradleDaemon 8.11.1

Host: AMD Ryzen 5 3500U with Radeon Vega Mobile Gfx  , 8 cores, 5G,  Windows 10 , 64 bit Build 19041 (10.0.19041.5794)
Time: Fri May 30 22:27:02 2025  Windows 10 , 64 bit Build 19041 (10.0.19041.5794) elapsed time: 23.353353 seconds (0d 0h 0m 23s)

---------------  T H R E A D  ---------------

Current thread (0x000001b152b92370):  JavaThread "C2 CompilerThread1" daemon [_thread_in_native, id=1228, stack(0x0000001cd6c00000,0x0000001cd6d00000) (1024K)]


Current CompileTask:
C2:23353 8169       4       java.net.URLClassLoader$1::run (5 bytes)

Stack: [0x0000001cd6c00000,0x0000001cd6d00000]
Native frames: (J=compiled Java code, j=interpreted, Vv=VM code, C=native code)
V  [jvm.dll+0x6d05a9]
V  [jvm.dll+0x85ea73]
V  [jvm.dll+0x860fce]
V  [jvm.dll+0x8616b3]
V  [jvm.dll+0x27e6e6]
V  [jvm.dll+0xbff6d]
V  [jvm.dll+0xc04a3]
V  [jvm.dll+0x2f2780]
V  [jvm.dll+0x5fa379]
V  [jvm.dll+0x250d92]
V  [jvm.dll+0x25114f]
V  [jvm.dll+0x2498f5]
V  [jvm.dll+0x24714e]
V  [jvm.dll+0x1c5f04]
V  [jvm.dll+0x2569ac]
V  [jvm.dll+0x254ef6]
V  [jvm.dll+0x3f0e56]
V  [jvm.dll+0x806e48]
V  [jvm.dll+0x6cee7d]
C  [ucrtbase.dll+0x21bb2]
C  [KERNEL32.DLL+0x17374]
C  [ntdll.dll+0x4cc91]


---------------  P R O C E S S  ---------------

Threads class SMR info:
_java_thread_list=0x000001b154784ff0, length=56, elements={
0x000001b1323f4000, 0x000001b150071730, 0x000001b150074450, 0x000001b15005a100,
0x000001b15005ab50, 0x000001b1500852b0, 0x000001b15005e900, 0x000001b1500b1f10,
0x000001b1500b2db0, 0x000001b1501f5c40, 0x000001b15039bac0, 0x000001b1518b0a60,
0x000001b1518b03d0, 0x000001b1518af6b0, 0x000001b1518afd40, 0x000001b15212ccd0,
0x000001b15212f430, 0x000001b15212c640, 0x000001b15212fac0, 0x000001b15212d360,
0x000001b15212ac00, 0x000001b15212b290, 0x000001b15212eda0, 0x000001b1521291c0,
0x000001b152128b30, 0x000001b152130150, 0x000001b152129850, 0x000001b152129ee0,
0x000001b15212a570, 0x000001b15212b920, 0x000001b15212e080, 0x000001b15212d9f0,
0x000001b154312830, 0x000001b1543121a0, 0x000001b154310df0, 0x000001b154311480,
0x000001b154312ec0, 0x000001b154313550, 0x000001b154313be0, 0x000001b155538140,
0x000001b15553a8a0, 0x000001b15553c970, 0x000001b155536070, 0x000001b155536d90,
0x000001b15553af30, 0x000001b15553d000, 0x000001b155537420, 0x000001b15553a210,
0x000001b15553bc50, 0x000001b155536700, 0x000001b15553b5c0, 0x000001b155537ab0,
0x000001b1555387d0, 0x000001b152b92370, 0x000001b1541f4c90, 0x000001b152b937e0
}

Java Threads: ( => current thread )
  0x000001b1323f4000 JavaThread "main"                              [_thread_blocked, id=20464, stack(0x0000001cd3d00000,0x0000001cd3e00000) (1024K)]
  0x000001b150071730 JavaThread "Reference Handler"          daemon [_thread_blocked, id=1436, stack(0x0000001cd4500000,0x0000001cd4600000) (1024K)]
  0x000001b150074450 JavaThread "Finalizer"                  daemon [_thread_blocked, id=756, stack(0x0000001cd4600000,0x0000001cd4700000) (1024K)]
  0x000001b15005a100 JavaThread "Signal Dispatcher"          daemon [_thread_blocked, id=12004, stack(0x0000001cd4700000,0x0000001cd4800000) (1024K)]
  0x000001b15005ab50 JavaThread "Attach Listener"            daemon [_thread_blocked, id=7060, stack(0x0000001cd4800000,0x0000001cd4900000) (1024K)]
  0x000001b1500852b0 JavaThread "Service Thread"             daemon [_thread_blocked, id=12336, stack(0x0000001cd4900000,0x0000001cd4a00000) (1024K)]
  0x000001b15005e900 JavaThread "Monitor Deflation Thread"   daemon [_thread_blocked, id=21096, stack(0x0000001cd4a00000,0x0000001cd4b00000) (1024K)]
  0x000001b1500b1f10 JavaThread "C2 CompilerThread0"         daemon [_thread_in_native, id=2556, stack(0x0000001cd4b00000,0x0000001cd4c00000) (1024K)]
  0x000001b1500b2db0 JavaThread "C1 CompilerThread0"         daemon [_thread_blocked, id=14732, stack(0x0000001cd4c00000,0x0000001cd4d00000) (1024K)]
  0x000001b1501f5c40 JavaThread "Common-Cleaner"             daemon [_thread_blocked, id=21028, stack(0x0000001cd4d00000,0x0000001cd4e00000) (1024K)]
  0x000001b15039bac0 JavaThread "Notification Thread"        daemon [_thread_blocked, id=19136, stack(0x0000001cd4e00000,0x0000001cd4f00000) (1024K)]
  0x000001b1518b0a60 JavaThread "Daemon health stats"               [_thread_blocked, id=17296, stack(0x0000001cd5300000,0x0000001cd5400000) (1024K)]
  0x000001b1518b03d0 JavaThread "Incoming local TCP Connector on port 60703"        [_thread_in_native, id=6752, stack(0x0000001cd5400000,0x0000001cd5500000) (1024K)]
  0x000001b1518af6b0 JavaThread "Daemon periodic checks"            [_thread_blocked, id=19948, stack(0x0000001cd5500000,0x0000001cd5600000) (1024K)]
  0x000001b1518afd40 JavaThread "Daemon"                            [_thread_blocked, id=19208, stack(0x0000001cd5600000,0x0000001cd5700000) (1024K)]
  0x000001b15212ccd0 JavaThread "Handler for socket connection from /127.0.0.1:60703 to /127.0.0.1:60704"        [_thread_in_native, id=6672, stack(0x0000001cd5700000,0x0000001cd5800000) (1024K)]
  0x000001b15212f430 JavaThread "Cancel handler"                    [_thread_blocked, id=19348, stack(0x0000001cd5800000,0x0000001cd5900000) (1024K)]
  0x000001b15212c640 JavaThread "Daemon worker"                     [_thread_in_native, id=11528, stack(0x0000001cd5900000,0x0000001cd5a00000) (1024K)]
  0x000001b15212fac0 JavaThread "Asynchronous log dispatcher for DefaultDaemonConnection: socket connection from /127.0.0.1:60703 to /127.0.0.1:60704"        [_thread_blocked, id=9256, stack(0x0000001cd5a00000,0x0000001cd5b00000) (1024K)]
  0x000001b15212d360 JavaThread "Stdin handler"                     [_thread_blocked, id=11344, stack(0x0000001cd5b00000,0x0000001cd5c00000) (1024K)]
  0x000001b15212ac00 JavaThread "Daemon client event forwarder"        [_thread_blocked, id=13652, stack(0x0000001cd5c00000,0x0000001cd5d00000) (1024K)]
  0x000001b15212b290 JavaThread "Cache worker for journal cache (C:\Users\Efi\.gradle\caches\journal-1)"        [_thread_blocked, id=11500, stack(0x0000001cd6100000,0x0000001cd6200000) (1024K)]
  0x000001b15212eda0 JavaThread "File lock request listener"        [_thread_in_native, id=17240, stack(0x0000001cd6200000,0x0000001cd6300000) (1024K)]
  0x000001b1521291c0 JavaThread "Cache worker for file hash cache (C:\Users\Efi\.gradle\caches\8.11.1\fileHashes)"        [_thread_blocked, id=10596, stack(0x0000001cd6300000,0x0000001cd6400000) (1024K)]
  0x000001b152128b30 JavaThread "Cache worker for file content cache (C:\Users\Efi\.gradle\caches\8.11.1\fileContent)"        [_thread_blocked, id=8012, stack(0x0000001cd6400000,0x0000001cd6500000) (1024K)]
  0x000001b152130150 JavaThread "Cache worker for file hash cache (C:\Users\Efi\AndroidStudioProjects\JustInTimeApp\.gradle\8.11.1\fileHashes)"        [_thread_blocked, id=14416, stack(0x0000001cd6500000,0x0000001cd6600000) (1024K)]
  0x000001b152129850 JavaThread "Cache worker for Build Output Cleanup Cache (C:\Users\Efi\AndroidStudioProjects\JustInTimeApp\.gradle\buildOutputCleanup)"        [_thread_blocked, id=5232, stack(0x0000001cd6600000,0x0000001cd6700000) (1024K)]
  0x000001b152129ee0 JavaThread "File watcher server"        daemon [_thread_in_native, id=1188, stack(0x0000001cd6700000,0x0000001cd6800000) (1024K)]
  0x000001b15212a570 JavaThread "File watcher consumer"      daemon [_thread_blocked, id=19168, stack(0x0000001cd6800000,0x0000001cd6900000) (1024K)]
  0x000001b15212b920 JavaThread "Cache worker for checksums cache (C:\Users\Efi\AndroidStudioProjects\JustInTimeApp\.gradle\8.11.1\checksums)"        [_thread_blocked, id=3156, stack(0x0000001cd6900000,0x0000001cd6a00000) (1024K)]
  0x000001b15212e080 JavaThread "Cache worker for cache directory md-rule (C:\Users\Efi\.gradle\caches\8.11.1\md-rule)"        [_thread_blocked, id=3948, stack(0x0000001cd6a00000,0x0000001cd6b00000) (1024K)]
  0x000001b15212d9f0 JavaThread "Cache worker for cache directory md-supplier (C:\Users\Efi\.gradle\caches\8.11.1\md-supplier)"        [_thread_blocked, id=6876, stack(0x0000001cd6b00000,0x0000001cd6c00000) (1024K)]
  0x000001b154312830 JavaThread "Unconstrained build operations"        [_thread_blocked, id=17884, stack(0x0000001cd6d00000,0x0000001cd6e00000) (1024K)]
  0x000001b1543121a0 JavaThread "Unconstrained build operations Thread 2"        [_thread_blocked, id=20452, stack(0x0000001cd6e00000,0x0000001cd6f00000) (1024K)]
  0x000001b154310df0 JavaThread "Unconstrained build operations Thread 3"        [_thread_blocked, id=18708, stack(0x0000001cd6f00000,0x0000001cd7000000) (1024K)]
  0x000001b154311480 JavaThread "Unconstrained build operations Thread 4"        [_thread_blocked, id=8876, stack(0x0000001cd7000000,0x0000001cd7100000) (1024K)]
  0x000001b154312ec0 JavaThread "Unconstrained build operations Thread 5"        [_thread_blocked, id=12848, stack(0x0000001cd7100000,0x0000001cd7200000) (1024K)]
  0x000001b154313550 JavaThread "Unconstrained build operations Thread 6"        [_thread_blocked, id=2596, stack(0x0000001cd7200000,0x0000001cd7300000) (1024K)]
  0x000001b154313be0 JavaThread "Unconstrained build operations Thread 7"        [_thread_blocked, id=18084, stack(0x0000001cd7300000,0x0000001cd7400000) (1024K)]
  0x000001b155538140 JavaThread "Unconstrained build operations Thread 8"        [_thread_blocked, id=16900, stack(0x0000001cd7400000,0x0000001cd7500000) (1024K)]
  0x000001b15553a8a0 JavaThread "Unconstrained build operations Thread 9"        [_thread_blocked, id=11288, stack(0x0000001cd7500000,0x0000001cd7600000) (1024K)]
  0x000001b15553c970 JavaThread "Unconstrained build operations Thread 10"        [_thread_blocked, id=7548, stack(0x0000001cd7600000,0x0000001cd7700000) (1024K)]
  0x000001b155536070 JavaThread "Unconstrained build operations Thread 11"        [_thread_blocked, id=21464, stack(0x0000001cd7700000,0x0000001cd7800000) (1024K)]
  0x000001b155536d90 JavaThread "Unconstrained build operations Thread 12"        [_thread_blocked, id=12256, stack(0x0000001cd7800000,0x0000001cd7900000) (1024K)]
  0x000001b15553af30 JavaThread "Unconstrained build operations Thread 13"        [_thread_blocked, id=15776, stack(0x0000001cd7900000,0x0000001cd7a00000) (1024K)]
  0x000001b15553d000 JavaThread "Unconstrained build operations Thread 14"        [_thread_blocked, id=4412, stack(0x0000001cd7a00000,0x0000001cd7b00000) (1024K)]
  0x000001b155537420 JavaThread "Unconstrained build operations Thread 15"        [_thread_blocked, id=4064, stack(0x0000001cd7c00000,0x0000001cd7d00000) (1024K)]
  0x000001b15553a210 JavaThread "Unconstrained build operations Thread 16"        [_thread_blocked, id=4012, stack(0x0000001cd7d00000,0x0000001cd7e00000) (1024K)]
  0x000001b15553bc50 JavaThread "Unconstrained build operations Thread 17"        [_thread_blocked, id=976, stack(0x0000001cd7e00000,0x0000001cd7f00000) (1024K)]
  0x000001b155536700 JavaThread "Unconstrained build operations Thread 18"        [_thread_blocked, id=8472, stack(0x0000001cd7f00000,0x0000001cd8000000) (1024K)]
  0x000001b15553b5c0 JavaThread "Unconstrained build operations Thread 19"        [_thread_blocked, id=18228, stack(0x0000001cd8000000,0x0000001cd8100000) (1024K)]
  0x000001b155537ab0 JavaThread "Unconstrained build operations Thread 20"        [_thread_blocked, id=3204, stack(0x0000001cd8100000,0x0000001cd8200000) (1024K)]
  0x000001b1555387d0 JavaThread "Unconstrained build operations Thread 21"        [_thread_blocked, id=15728, stack(0x0000001cd8200000,0x0000001cd8300000) (1024K)]
=>0x000001b152b92370 JavaThread "C2 CompilerThread1"         daemon [_thread_in_native, id=1228, stack(0x0000001cd6c00000,0x0000001cd6d00000) (1024K)]
  0x000001b1541f4c90 JavaThread "build event listener"              [_thread_blocked, id=5156, stack(0x0000001cd7b00000,0x0000001cd7c00000) (1024K)]
  0x000001b152b937e0 JavaThread "C2 CompilerThread2"         daemon [_thread_in_native, id=13416, stack(0x0000001cd8300000,0x0000001cd8400000) (1024K)]
Total: 56

Other Threads:
  0x000001b14be2c100 VMThread "VM Thread"                           [id=2020, stack(0x0000001cd4400000,0x0000001cd4500000) (1024K)]
  0x000001b14bdd4130 WatcherThread "VM Periodic Task Thread"        [id=20512, stack(0x0000001cd4300000,0x0000001cd4400000) (1024K)]
  0x000001b1347a6450 WorkerThread "GC Thread#0"                     [id=4520, stack(0x0000001cd3e00000,0x0000001cd3f00000) (1024K)]
  0x000001b150809800 WorkerThread "GC Thread#1"                     [id=19116, stack(0x0000001cd4f00000,0x0000001cd5000000) (1024K)]
  0x000001b1506f7c90 WorkerThread "GC Thread#2"                     [id=12440, stack(0x0000001cd5000000,0x0000001cd5100000) (1024K)]
  0x000001b15075df60 WorkerThread "GC Thread#3"                     [id=13808, stack(0x0000001cd5100000,0x0000001cd5200000) (1024K)]
  0x000001b1511001a0 WorkerThread "GC Thread#4"                     [id=17452, stack(0x0000001cd5200000,0x0000001cd5300000) (1024K)]
  0x000001b150d00940 WorkerThread "GC Thread#5"                     [id=9584, stack(0x0000001cd5d00000,0x0000001cd5e00000) (1024K)]
  0x000001b150d00ce0 WorkerThread "GC Thread#6"                     [id=10420, stack(0x0000001cd5e00000,0x0000001cd5f00000) (1024K)]
  0x000001b150d02a30 WorkerThread "GC Thread#7"                     [id=15336, stack(0x0000001cd5f00000,0x0000001cd6000000) (1024K)]
  0x000001b1347b7340 ConcurrentGCThread "G1 Main Marker"            [id=11920, stack(0x0000001cd3f00000,0x0000001cd4000000) (1024K)]
  0x000001b1347b7d50 WorkerThread "G1 Conc#0"                       [id=8452, stack(0x0000001cd4000000,0x0000001cd4100000) (1024K)]
  0x000001b150d022f0 WorkerThread "G1 Conc#1"                       [id=6956, stack(0x0000001cd6000000,0x0000001cd6100000) (1024K)]
  0x000001b14bca9d90 ConcurrentGCThread "G1 Refine#0"               [id=13048, stack(0x0000001cd4100000,0x0000001cd4200000) (1024K)]
  0x000001b14bcab5c0 ConcurrentGCThread "G1 Service"                [id=9416, stack(0x0000001cd4200000,0x0000001cd4300000) (1024K)]
Total: 15

Threads with active compile tasks:
C2 CompilerThread0  23413 8155   !   4       java.net.URLClassLoader::defineClass (224 bytes)
C2 CompilerThread1  23414 8169       4       java.net.URLClassLoader$1::run (5 bytes)
C2 CompilerThread2  23414 8184       4       com.google.common.cache.LocalCache::getIfPresent (49 bytes)
Total: 3

VM state: not at safepoint (normal execution)

VM Mutex/Monitor currently owned by a thread: None

Heap address: 0x0000000080000000, size: 2048 MB, Compressed Oops mode: 32-bit

CDS archive(s) not mapped
Compressed class space mapped at: 0x0000000100000000-0x0000000140000000, reserved size: 1073741824
Narrow klass base: 0x0000000000000000, Narrow klass shift: 3, Narrow klass range: 0x140000000

GC Precious Log:
 CardTable entry size: 512
 Card Set container configuration: InlinePtr #cards 5 size 8 Array Of Cards #cards 12 size 40 Howl #buckets 4 coarsen threshold 1843 Howl Bitmap #cards 512 size 80 coarsen threshold 460 Card regions per heap region 1 cards per card region 2048
 CPUs: 8 total, 8 available
 Memory: 6090M
 Large Page Support: Disabled
 NUMA Support: Disabled
 Compressed Oops: Enabled (32-bit)
 Heap Region Size: 1M
 Heap Min Capacity: 8M
 Heap Initial Capacity: 96M
 Heap Max Capacity: 2G
 Pre-touch: Disabled
 Parallel Workers: 8
 Concurrent Workers: 2
 Concurrent Refinement Workers: 8
 Periodic GC: Disabled

Heap:
 garbage-first heap   total 107520K, used 84138K [0x0000000080000000, 0x0000000100000000)
  region size 1024K, 31 young (31744K), 6 survivors (6144K)
 Metaspace       used 72224K, committed 73920K, reserved 1114112K
  class space    used 9747K, committed 10624K, reserved 1048576K

Heap Regions: E=young(eden), S=young(survivor), O=old, HS=humongous(starts), HC=humongous(continues), CS=collection set, F=free, TAMS=top-at-mark-start, PB=parsable bottom
|   0|0x0000000080000000, 0x0000000080100000, 0x0000000080100000|100%| O|  |TAMS 0x0000000080000000| PB 0x0000000080000000| Untracked 
|   1|0x0000000080100000, 0x0000000080200000, 0x0000000080200000|100%|HS|  |TAMS 0x0000000080100000| PB 0x0000000080100000| Complete 
|   2|0x0000000080200000, 0x0000000080300000, 0x0000000080300000|100%|HC|  |TAMS 0x0000000080200000| PB 0x0000000080200000| Complete 
|   3|0x0000000080300000, 0x0000000080400000, 0x0000000080400000|100%|HC|  |TAMS 0x0000000080300000| PB 0x0000000080300000| Complete 
|   4|0x0000000080400000, 0x0000000080500000, 0x0000000080500000|100%| O|  |TAMS 0x0000000080400000| PB 0x0000000080400000| Untracked 
|   5|0x0000000080500000, 0x0000000080600000, 0x0000000080600000|100%| O|  |TAMS 0x0000000080500000| PB 0x0000000080500000| Untracked 
|   6|0x0000000080600000, 0x0000000080700000, 0x0000000080700000|100%| O|  |TAMS 0x0000000080600000| PB 0x0000000080600000| Untracked 
|   7|0x0000000080700000, 0x0000000080800000, 0x0000000080800000|100%|HS|  |TAMS 0x0000000080700000| PB 0x0000000080700000| Complete 
|   8|0x0000000080800000, 0x0000000080900000, 0x0000000080900000|100%| O|  |TAMS 0x0000000080800000| PB 0x0000000080800000| Untracked 
|   9|0x0000000080900000, 0x0000000080a00000, 0x0000000080a00000|100%| O|  |TAMS 0x0000000080900000| PB 0x0000000080900000| Untracked 
|  10|0x0000000080a00000, 0x0000000080b00000, 0x0000000080b00000|100%| O|  |TAMS 0x0000000080a00000| PB 0x0000000080a00000| Untracked 
|  11|0x0000000080b00000, 0x0000000080c00000, 0x0000000080c00000|100%| O|  |TAMS 0x0000000080b00000| PB 0x0000000080b00000| Untracked 
|  12|0x0000000080c00000, 0x0000000080d00000, 0x0000000080d00000|100%| O|  |TAMS 0x0000000080c00000| PB 0x0000000080c00000| Untracked 
|  13|0x0000000080d00000, 0x0000000080e00000, 0x0000000080e00000|100%| O|  |TAMS 0x0000000080d00000| PB 0x0000000080d00000| Untracked 
|  14|0x0000000080e00000, 0x0000000080f00000, 0x0000000080f00000|100%| O|  |TAMS 0x0000000080e00000| PB 0x0000000080e00000| Untracked 
|  15|0x0000000080f00000, 0x0000000081000000, 0x0000000081000000|100%| O|  |TAMS 0x0000000080f00000| PB 0x0000000080f00000| Untracked 
|  16|0x0000000081000000, 0x0000000081100000, 0x0000000081100000|100%| O|  |TAMS 0x0000000081000000| PB 0x0000000081000000| Untracked 
|  17|0x0000000081100000, 0x0000000081200000, 0x0000000081200000|100%| O|  |TAMS 0x0000000081100000| PB 0x0000000081100000| Untracked 
|  18|0x0000000081200000, 0x0000000081300000, 0x0000000081300000|100%| O|  |TAMS 0x0000000081200000| PB 0x0000000081200000| Untracked 
|  19|0x0000000081300000, 0x0000000081400000, 0x0000000081400000|100%| O|  |TAMS 0x0000000081300000| PB 0x0000000081300000| Untracked 
|  20|0x0000000081400000, 0x0000000081500000, 0x0000000081500000|100%| O|  |TAMS 0x0000000081400000| PB 0x0000000081400000| Untracked 
|  21|0x0000000081500000, 0x0000000081600000, 0x0000000081600000|100%| O|  |TAMS 0x0000000081500000| PB 0x0000000081500000| Untracked 
|  22|0x0000000081600000, 0x0000000081700000, 0x0000000081700000|100%| O|  |TAMS 0x0000000081600000| PB 0x0000000081600000| Untracked 
|  23|0x0000000081700000, 0x0000000081800000, 0x0000000081800000|100%| O|  |TAMS 0x0000000081700000| PB 0x0000000081700000| Untracked 
|  24|0x0000000081800000, 0x0000000081900000, 0x0000000081900000|100%| O|  |TAMS 0x0000000081800000| PB 0x0000000081800000| Untracked 
|  25|0x0000000081900000, 0x0000000081a00000, 0x0000000081a00000|100%| O|  |TAMS 0x0000000081900000| PB 0x0000000081900000| Untracked 
|  26|0x0000000081a00000, 0x0000000081b00000, 0x0000000081b00000|100%| O|Cm|TAMS 0x0000000081a00000| PB 0x0000000081a00000| Complete 
|  27|0x0000000081b00000, 0x0000000081c00000, 0x0000000081c00000|100%| O|  |TAMS 0x0000000081b00000| PB 0x0000000081b00000| Untracked 
|  28|0x0000000081c00000, 0x0000000081d00000, 0x0000000081d00000|100%| O|  |TAMS 0x0000000081c00000| PB 0x0000000081c00000| Untracked 
|  29|0x0000000081d00000, 0x0000000081e00000, 0x0000000081e00000|100%| O|  |TAMS 0x0000000081d00000| PB 0x0000000081d00000| Untracked 
|  30|0x0000000081e00000, 0x0000000081f00000, 0x0000000081f00000|100%| O|Cm|TAMS 0x0000000081e00000| PB 0x0000000081e00000| Complete 
|  31|0x0000000081f00000, 0x0000000082000000, 0x0000000082000000|100%| O|  |TAMS 0x0000000081f00000| PB 0x0000000081f00000| Untracked 
|  32|0x0000000082000000, 0x0000000082100000, 0x0000000082100000|100%| O|  |TAMS 0x0000000082000000| PB 0x0000000082000000| Untracked 
|  33|0x0000000082100000, 0x0000000082200000, 0x0000000082200000|100%| O|  |TAMS 0x0000000082100000| PB 0x0000000082100000| Untracked 
|  34|0x0000000082200000, 0x0000000082300000, 0x0000000082300000|100%| O|  |TAMS 0x0000000082200000| PB 0x0000000082200000| Untracked 
|  35|0x0000000082300000, 0x0000000082400000, 0x0000000082400000|100%| O|  |TAMS 0x0000000082300000| PB 0x0000000082300000| Untracked 
|  36|0x0000000082400000, 0x0000000082500000, 0x0000000082500000|100%| O|  |TAMS 0x0000000082400000| PB 0x0000000082400000| Untracked 
|  37|0x0000000082500000, 0x0000000082600000, 0x0000000082600000|100%| O|  |TAMS 0x0000000082500000| PB 0x0000000082500000| Untracked 
|  38|0x0000000082600000, 0x0000000082700000, 0x0000000082700000|100%| O|  |TAMS 0x0000000082600000| PB 0x0000000082600000| Untracked 
|  39|0x0000000082700000, 0x0000000082800000, 0x0000000082800000|100%|HS|  |TAMS 0x0000000082700000| PB 0x0000000082700000| Complete 
|  40|0x0000000082800000, 0x0000000082900000, 0x0000000082900000|100%|HS|  |TAMS 0x0000000082800000| PB 0x0000000082800000| Complete 
|  41|0x0000000082900000, 0x0000000082a00000, 0x0000000082a00000|100%|HS|  |TAMS 0x0000000082900000| PB 0x0000000082900000| Complete 
|  42|0x0000000082a00000, 0x0000000082b00000, 0x0000000082b00000|100%|HS|  |TAMS 0x0000000082a00000| PB 0x0000000082a00000| Complete 
|  43|0x0000000082b00000, 0x0000000082b00000, 0x0000000082c00000|  0%| F|  |TAMS 0x0000000082b00000| PB 0x0000000082b00000| Untracked 
|  44|0x0000000082c00000, 0x0000000082d00000, 0x0000000082d00000|100%| O|  |TAMS 0x0000000082c00000| PB 0x0000000082c00000| Untracked 
|  45|0x0000000082d00000, 0x0000000082e00000, 0x0000000082e00000|100%| O|  |TAMS 0x0000000082d00000| PB 0x0000000082d00000| Untracked 
|  46|0x0000000082e00000, 0x0000000082f00000, 0x0000000082f00000|100%| O|  |TAMS 0x0000000082e00000| PB 0x0000000082e00000| Untracked 
|  47|0x0000000082f00000, 0x0000000083000000, 0x0000000083000000|100%| O|  |TAMS 0x0000000082f00000| PB 0x0000000082f00000| Untracked 
|  48|0x0000000083000000, 0x0000000083100000, 0x0000000083100000|100%| O|  |TAMS 0x0000000083000000| PB 0x0000000083000000| Untracked 
|  49|0x0000000083100000, 0x0000000083200000, 0x0000000083200000|100%|HS|  |TAMS 0x0000000083100000| PB 0x0000000083100000| Complete 
|  50|0x0000000083200000, 0x0000000083300000, 0x0000000083300000|100%|HS|  |TAMS 0x0000000083200000| PB 0x0000000083200000| Complete 
|  51|0x0000000083300000, 0x0000000083400000, 0x0000000083400000|100%| S|CS|TAMS 0x0000000083300000| PB 0x0000000083300000| Complete 
|  52|0x0000000083400000, 0x0000000083500000, 0x0000000083500000|100%| S|CS|TAMS 0x0000000083400000| PB 0x0000000083400000| Complete 
|  53|0x0000000083500000, 0x0000000083600000, 0x0000000083600000|100%| S|CS|TAMS 0x0000000083500000| PB 0x0000000083500000| Complete 
|  54|0x0000000083600000, 0x0000000083600000, 0x0000000083700000|  0%| F|  |TAMS 0x0000000083600000| PB 0x0000000083600000| Untracked 
|  55|0x0000000083700000, 0x0000000083700000, 0x0000000083800000|  0%| F|  |TAMS 0x0000000083700000| PB 0x0000000083700000| Untracked 
|  56|0x0000000083800000, 0x0000000083800000, 0x0000000083900000|  0%| F|  |TAMS 0x0000000083800000| PB 0x0000000083800000| Untracked 
|  57|0x0000000083900000, 0x0000000083900000, 0x0000000083a00000|  0%| F|  |TAMS 0x0000000083900000| PB 0x0000000083900000| Untracked 
|  58|0x0000000083a00000, 0x0000000083a00000, 0x0000000083b00000|  0%| F|  |TAMS 0x0000000083a00000| PB 0x0000000083a00000| Untracked 
|  59|0x0000000083b00000, 0x0000000083b00000, 0x0000000083c00000|  0%| F|  |TAMS 0x0000000083b00000| PB 0x0000000083b00000| Untracked 
|  60|0x0000000083c00000, 0x0000000083c00000, 0x0000000083d00000|  0%| F|  |TAMS 0x0000000083c00000| PB 0x0000000083c00000| Untracked 
|  61|0x0000000083d00000, 0x0000000083d00000, 0x0000000083e00000|  0%| F|  |TAMS 0x0000000083d00000| PB 0x0000000083d00000| Untracked 
|  62|0x0000000083e00000, 0x0000000083e00000, 0x0000000083f00000|  0%| F|  |TAMS 0x0000000083e00000| PB 0x0000000083e00000| Untracked 
|  63|0x0000000083f00000, 0x0000000083f00000, 0x0000000084000000|  0%| F|  |TAMS 0x0000000083f00000| PB 0x0000000083f00000| Untracked 
|  64|0x0000000084000000, 0x0000000084000000, 0x0000000084100000|  0%| F|  |TAMS 0x0000000084000000| PB 0x0000000084000000| Untracked 
|  65|0x0000000084100000, 0x0000000084100000, 0x0000000084200000|  0%| F|  |TAMS 0x0000000084100000| PB 0x0000000084100000| Untracked 
|  66|0x0000000084200000, 0x0000000084200000, 0x0000000084300000|  0%| F|  |TAMS 0x0000000084200000| PB 0x0000000084200000| Untracked 
|  67|0x0000000084300000, 0x0000000084300000, 0x0000000084400000|  0%| F|  |TAMS 0x0000000084300000| PB 0x0000000084300000| Untracked 
|  68|0x0000000084400000, 0x0000000084400000, 0x0000000084500000|  0%| F|  |TAMS 0x0000000084400000| PB 0x0000000084400000| Untracked 
|  69|0x0000000084500000, 0x0000000084500000, 0x0000000084600000|  0%| F|  |TAMS 0x0000000084500000| PB 0x0000000084500000| Untracked 
|  70|0x0000000084600000, 0x0000000084600000, 0x0000000084700000|  0%| F|  |TAMS 0x0000000084600000| PB 0x0000000084600000| Untracked 
|  71|0x0000000084700000, 0x0000000084700000, 0x0000000084800000|  0%| F|  |TAMS 0x0000000084700000| PB 0x0000000084700000| Untracked 
|  72|0x0000000084800000, 0x0000000084800000, 0x0000000084900000|  0%| F|  |TAMS 0x0000000084800000| PB 0x0000000084800000| Untracked 
|  73|0x0000000084900000, 0x000000008498b158, 0x0000000084a00000| 54%| E|  |TAMS 0x0000000084900000| PB 0x0000000084900000| Complete 
|  74|0x0000000084a00000, 0x0000000084b00000, 0x0000000084b00000|100%| E|  |TAMS 0x0000000084a00000| PB 0x0000000084a00000| Complete 
|  75|0x0000000084b00000, 0x0000000084c00000, 0x0000000084c00000|100%| E|CS|TAMS 0x0000000084b00000| PB 0x0000000084b00000| Complete 
|  76|0x0000000084c00000, 0x0000000084d00000, 0x0000000084d00000|100%| E|CS|TAMS 0x0000000084c00000| PB 0x0000000084c00000| Complete 
|  77|0x0000000084d00000, 0x0000000084e00000, 0x0000000084e00000|100%| E|CS|TAMS 0x0000000084d00000| PB 0x0000000084d00000| Complete 
|  78|0x0000000084e00000, 0x0000000084f00000, 0x0000000084f00000|100%| E|CS|TAMS 0x0000000084e00000| PB 0x0000000084e00000| Complete 
|  79|0x0000000084f00000, 0x0000000085000000, 0x0000000085000000|100%| E|CS|TAMS 0x0000000084f00000| PB 0x0000000084f00000| Complete 
|  80|0x0000000085000000, 0x0000000085100000, 0x0000000085100000|100%| E|CS|TAMS 0x0000000085000000| PB 0x0000000085000000| Complete 
|  81|0x0000000085100000, 0x0000000085200000, 0x0000000085200000|100%| E|CS|TAMS 0x0000000085100000| PB 0x0000000085100000| Complete 
|  82|0x0000000085200000, 0x0000000085300000, 0x0000000085300000|100%| E|CS|TAMS 0x0000000085200000| PB 0x0000000085200000| Complete 
|  83|0x0000000085300000, 0x0000000085400000, 0x0000000085400000|100%| E|CS|TAMS 0x0000000085300000| PB 0x0000000085300000| Complete 
|  84|0x0000000085400000, 0x0000000085500000, 0x0000000085500000|100%| E|CS|TAMS 0x0000000085400000| PB 0x0000000085400000| Complete 
|  85|0x0000000085500000, 0x0000000085600000, 0x0000000085600000|100%| E|CS|TAMS 0x0000000085500000| PB 0x0000000085500000| Complete 
|  86|0x0000000085600000, 0x0000000085700000, 0x0000000085700000|100%| E|CS|TAMS 0x0000000085600000| PB 0x0000000085600000| Complete 
|  87|0x0000000085700000, 0x0000000085800000, 0x0000000085800000|100%| E|CS|TAMS 0x0000000085700000| PB 0x0000000085700000| Complete 
|  88|0x0000000085800000, 0x0000000085900000, 0x0000000085900000|100%| E|CS|TAMS 0x0000000085800000| PB 0x0000000085800000| Complete 
|  89|0x0000000085900000, 0x0000000085a00000, 0x0000000085a00000|100%| E|CS|TAMS 0x0000000085900000| PB 0x0000000085900000| Complete 
|  90|0x0000000085a00000, 0x0000000085b00000, 0x0000000085b00000|100%| E|CS|TAMS 0x0000000085a00000| PB 0x0000000085a00000| Complete 
|  91|0x0000000085b00000, 0x0000000085c00000, 0x0000000085c00000|100%| E|CS|TAMS 0x0000000085b00000| PB 0x0000000085b00000| Complete 
|  92|0x0000000085c00000, 0x0000000085d00000, 0x0000000085d00000|100%| E|CS|TAMS 0x0000000085c00000| PB 0x0000000085c00000| Complete 
|  93|0x0000000085d00000, 0x0000000085e00000, 0x0000000085e00000|100%| E|CS|TAMS 0x0000000085d00000| PB 0x0000000085d00000| Complete 
|  94|0x0000000085e00000, 0x0000000085f00000, 0x0000000085f00000|100%| E|CS|TAMS 0x0000000085e00000| PB 0x0000000085e00000| Complete 
|  95|0x0000000085f00000, 0x0000000086000000, 0x0000000086000000|100%| E|CS|TAMS 0x0000000085f00000| PB 0x0000000085f00000| Complete 
|  96|0x0000000086000000, 0x0000000086100000, 0x0000000086100000|100%| E|CS|TAMS 0x0000000086000000| PB 0x0000000086000000| Complete 
|  97|0x0000000086100000, 0x0000000086200000, 0x0000000086200000|100%| E|CS|TAMS 0x0000000086100000| PB 0x0000000086100000| Complete 
|  98|0x0000000086200000, 0x0000000086300000, 0x0000000086300000|100%| S|CS|TAMS 0x0000000086200000| PB 0x0000000086200000| Complete 
|  99|0x0000000086300000, 0x0000000086400000, 0x0000000086400000|100%| S|CS|TAMS 0x0000000086300000| PB 0x0000000086300000| Complete 
| 100|0x0000000086400000, 0x0000000086500000, 0x0000000086500000|100%| S|CS|TAMS 0x0000000086400000| PB 0x0000000086400000| Complete 
|2044|0x00000000ffc00000, 0x00000000ffc2abb8, 0x00000000ffd00000| 16%| O|  |TAMS 0x00000000ffc00000| PB 0x00000000ffc00000| Untracked 
|2045|0x00000000ffd00000, 0x00000000ffe00000, 0x00000000ffe00000|100%| O|  |TAMS 0x00000000ffd00000| PB 0x00000000ffd00000| Untracked 
|2046|0x00000000ffe00000, 0x00000000fff00000, 0x00000000fff00000|100%| O|  |TAMS 0x00000000ffe00000| PB 0x00000000ffe00000| Untracked 
|2047|0x00000000fff00000, 0x0000000100000000, 0x0000000100000000|100%| O|  |TAMS 0x00000000fff00000| PB 0x00000000fff00000| Untracked 

Card table byte_map: [0x000001b146fe0000,0x000001b1473e0000] _byte_map_base: 0x000001b146be0000

Marking Bits: (CMBitMap*) 0x000001b1347a6a60
 Bits: [0x000001b1473e0000, 0x000001b1493e0000)

Polling page: 0x000001b133f20000

Metaspace:

Usage:
  Non-class:     61.07 MB used.
      Class:      9.52 MB used.
       Both:     70.59 MB used.

Virtual space:
  Non-class space:       64.00 MB reserved,      61.88 MB ( 97%) committed,  1 nodes.
      Class space:        1.00 GB reserved,      10.38 MB (  1%) committed,  1 nodes.
             Both:        1.06 GB reserved,      72.25 MB (  7%) committed. 

Chunk freelists:
   Non-Class:  1.94 MB
       Class:  5.62 MB
        Both:  7.56 MB

MaxMetaspaceSize: unlimited
CompressedClassSpaceSize: 1.00 GB
Initial GC threshold: 21.00 MB
Current GC threshold: 111.81 MB
CDS: off
 - commit_granule_bytes: 65536.
 - commit_granule_words: 8192.
 - virtual_space_node_default_size: 8388608.
 - enlarge_chunks_in_place: 1.
 - use_allocation_guard: 0.


Internal statistics:

num_allocs_failed_limit: 12.
num_arena_births: 3226.
num_arena_deaths: 0.
num_vsnodes_births: 2.
num_vsnodes_deaths: 0.
num_space_committed: 1156.
num_space_uncommitted: 0.
num_chunks_returned_to_freelist: 12.
num_chunks_taken_from_freelist: 6235.
num_chunk_merges: 9.
num_chunk_splits: 4036.
num_chunks_enlarged: 2496.
num_inconsistent_stats: 0.

CodeHeap 'non-profiled nmethods': size=120000Kb used=3929Kb max_used=4031Kb free=116071Kb
 bounds [0x000001b13f380000, 0x000001b13f770000, 0x000001b1468b0000]
CodeHeap 'profiled nmethods': size=120000Kb used=13470Kb max_used=13927Kb free=106529Kb
 bounds [0x000001b1378b0000, 0x000001b138660000, 0x000001b13ede0000]
CodeHeap 'non-nmethods': size=5760Kb used=2000Kb max_used=2055Kb free=3759Kb
 bounds [0x000001b13ede0000, 0x000001b13f050000, 0x000001b13f380000]
 total_blobs=8073 nmethods=7304 adapters=672
 compilation: enabled
              stopped_count=0, restarted_count=0
 full_count=0

Compilation events (20 events):
Event: 23.134 Thread 0x000001b1500b2db0 nmethod 8177 0x000001b137e71190 code [0x000001b137e713e0, 0x000001b137e71d98]
Event: 23.134 Thread 0x000001b1500b2db0 8178       3       org.gradle.internal.instantiation.generator.Jsr330ConstructorSelector$$Lambda/0x00000001002b7660::<init> (15 bytes)
Event: 23.134 Thread 0x000001b1500b2db0 nmethod 8178 0x000001b137efd510 code [0x000001b137efd6c0, 0x000001b137efd8e0]
Event: 23.157 Thread 0x000001b1500b2db0 8179       3       org.objectweb.asm.ClassVisitor::<init> (79 bytes)
Event: 23.158 Thread 0x000001b1500b2db0 nmethod 8179 0x000001b137998110 code [0x000001b137998360, 0x000001b137998c28]
Event: 23.165 Thread 0x000001b1500b2db0 8180   !   3       org.gradle.internal.instantiation.generator.AbstractClassGenerator::generateUnderLock (702 bytes)
Event: 23.177 Thread 0x000001b1500b2db0 nmethod 8180 0x000001b138649e90 code [0x000001b13864a980, 0x000001b138651e98]
Event: 23.177 Thread 0x000001b1500b2db0 8181       3       org.gradle.internal.instantiation.generator.AsmBackedClassGenerator$ClassBuilderImpl::addSetter (9 bytes)
Event: 23.178 Thread 0x000001b1500b2db0 nmethod 8181 0x000001b137c4a990 code [0x000001b137c4ab40, 0x000001b137c4ac88]
Event: 23.178 Thread 0x000001b1500b2db0 8182       3       org.gradle.internal.instantiation.generator.AsmBackedClassGenerator$ClassBuilderImpl::addSetter (16 bytes)
Event: 23.179 Thread 0x000001b1500b2db0 nmethod 8182 0x000001b137e66790 code [0x000001b137e669a0, 0x000001b137e670c0]
Event: 23.179 Thread 0x000001b1500b2db0 8183       3       java.lang.Class::searchFields (43 bytes)
Event: 23.180 Thread 0x000001b1500b2db0 nmethod 8183 0x000001b137e02490 code [0x000001b137e02660, 0x000001b137e028f0]
Event: 23.236 Thread 0x000001b1500b2db0 8186       3       jdk.internal.reflect.ClassFileAssembler::opc_invokespecial (26 bytes)
Event: 23.237 Thread 0x000001b1500b2db0 nmethod 8186 0x000001b137ed0790 code [0x000001b137ed09a0, 0x000001b137ed0ed8]
Event: 23.237 Thread 0x000001b1500b2db0 8187       3       jdk.internal.reflect.ClassFileAssembler::emitInt (46 bytes)
Event: 23.238 Thread 0x000001b152b937e0 8156       4       sun.util.locale.LocaleUtils::toLowerString (95 bytes)
Event: 23.238 Thread 0x000001b1500b2db0 nmethod 8187 0x000001b137f71890 code [0x000001b137f71aa0, 0x000001b137f71f98]
Event: 23.259 Thread 0x000001b152b937e0 nmethod 8156 0x000001b13f53fe90 code [0x000001b13f540080, 0x000001b13f540830]
Event: 23.259 Thread 0x000001b152b937e0 8162       4       sun.util.locale.BaseLocale::getInstance (150 bytes)

GC Heap History (20 events):
Event: 10.942 GC heap before
{Heap before GC invocations=9 (full 0):
 garbage-first heap   total 82944K, used 70384K [0x0000000080000000, 0x0000000100000000)
  region size 1024K, 46 young (47104K), 3 survivors (3072K)
 Metaspace       used 42015K, committed 43264K, reserved 1114112K
  class space    used 5701K, committed 6336K, reserved 1048576K
}
Event: 10.951 GC heap after
{Heap after GC invocations=10 (full 0):
 garbage-first heap   total 82944K, used 29372K [0x0000000080000000, 0x0000000100000000)
  region size 1024K, 6 young (6144K), 6 survivors (6144K)
 Metaspace       used 42015K, committed 43264K, reserved 1114112K
  class space    used 5701K, committed 6336K, reserved 1048576K
}
Event: 12.013 GC heap before
{Heap before GC invocations=10 (full 0):
 garbage-first heap   total 82944K, used 69308K [0x0000000080000000, 0x0000000100000000)
  region size 1024K, 46 young (47104K), 6 survivors (6144K)
 Metaspace       used 46718K, committed 47936K, reserved 1114112K
  class space    used 6248K, committed 6848K, reserved 1048576K
}
Event: 12.026 GC heap after
{Heap after GC invocations=11 (full 0):
 garbage-first heap   total 82944K, used 32253K [0x0000000080000000, 0x0000000100000000)
  region size 1024K, 6 young (6144K), 6 survivors (6144K)
 Metaspace       used 46718K, committed 47936K, reserved 1114112K
  class space    used 6248K, committed 6848K, reserved 1048576K
}
Event: 13.470 GC heap before
{Heap before GC invocations=11 (full 0):
 garbage-first heap   total 82944K, used 71165K [0x0000000080000000, 0x0000000100000000)
  region size 1024K, 44 young (45056K), 6 survivors (6144K)
 Metaspace       used 49249K, committed 50624K, reserved 1114112K
  class space    used 6657K, committed 7360K, reserved 1048576K
}
Event: 13.480 GC heap after
{Heap after GC invocations=12 (full 0):
 garbage-first heap   total 100352K, used 34709K [0x0000000080000000, 0x0000000100000000)
  region size 1024K, 6 young (6144K), 6 survivors (6144K)
 Metaspace       used 49249K, committed 50624K, reserved 1114112K
  class space    used 6657K, committed 7360K, reserved 1048576K
}
Event: 16.409 GC heap before
{Heap before GC invocations=12 (full 0):
 garbage-first heap   total 100352K, used 88981K [0x0000000080000000, 0x0000000100000000)
  region size 1024K, 57 young (58368K), 6 survivors (6144K)
 Metaspace       used 56819K, committed 58368K, reserved 1114112K
  class space    used 7659K, committed 8448K, reserved 1048576K
}
Event: 16.417 GC heap after
{Heap after GC invocations=13 (full 0):
 garbage-first heap   total 100352K, used 36979K [0x0000000080000000, 0x0000000100000000)
  region size 1024K, 5 young (5120K), 5 survivors (5120K)
 Metaspace       used 56819K, committed 58368K, reserved 1114112K
  class space    used 7659K, committed 8448K, reserved 1048576K
}
Event: 17.109 GC heap before
{Heap before GC invocations=13 (full 0):
 garbage-first heap   total 100352K, used 53363K [0x0000000080000000, 0x0000000100000000)
  region size 1024K, 22 young (22528K), 5 survivors (5120K)
 Metaspace       used 59318K, committed 60800K, reserved 1114112K
  class space    used 8024K, committed 8768K, reserved 1048576K
}
Event: 17.116 GC heap after
{Heap after GC invocations=14 (full 0):
 garbage-first heap   total 100352K, used 37976K [0x0000000080000000, 0x0000000100000000)
  region size 1024K, 3 young (3072K), 3 survivors (3072K)
 Metaspace       used 59318K, committed 60800K, reserved 1114112K
  class space    used 8024K, committed 8768K, reserved 1048576K
}
Event: 19.155 GC heap before
{Heap before GC invocations=15 (full 0):
 garbage-first heap   total 100352K, used 90200K [0x0000000080000000, 0x0000000100000000)
  region size 1024K, 54 young (55296K), 3 survivors (3072K)
 Metaspace       used 65366K, committed 67008K, reserved 1114112K
  class space    used 8948K, committed 9792K, reserved 1048576K
}
Event: 19.167 GC heap after
{Heap after GC invocations=16 (full 0):
 garbage-first heap   total 100352K, used 42276K [0x0000000080000000, 0x0000000100000000)
  region size 1024K, 7 young (7168K), 7 survivors (7168K)
 Metaspace       used 65366K, committed 67008K, reserved 1114112K
  class space    used 8948K, committed 9792K, reserved 1048576K
}
Event: 20.260 GC heap before
{Heap before GC invocations=16 (full 0):
 garbage-first heap   total 100352K, used 85284K [0x0000000080000000, 0x0000000100000000)
  region size 1024K, 50 young (51200K), 7 survivors (7168K)
 Metaspace       used 66496K, committed 68160K, reserved 1114112K
  class space    used 9077K, committed 9920K, reserved 1048576K
}
Event: 20.273 GC heap after
{Heap after GC invocations=17 (full 0):
 garbage-first heap   total 100352K, used 45515K [0x0000000080000000, 0x0000000100000000)
  region size 1024K, 4 young (4096K), 4 survivors (4096K)
 Metaspace       used 66496K, committed 68160K, reserved 1114112K
  class space    used 9077K, committed 9920K, reserved 1048576K
}
Event: 20.924 GC heap before
{Heap before GC invocations=17 (full 0):
 garbage-first heap   total 100352K, used 88523K [0x0000000080000000, 0x0000000100000000)
  region size 1024K, 47 young (48128K), 4 survivors (4096K)
 Metaspace       used 66732K, committed 68416K, reserved 1114112K
  class space    used 9077K, committed 9920K, reserved 1048576K
}
Event: 20.929 GC heap after
{Heap after GC invocations=18 (full 0):
 garbage-first heap   total 100352K, used 47016K [0x0000000080000000, 0x0000000100000000)
  region size 1024K, 3 young (3072K), 3 survivors (3072K)
 Metaspace       used 66732K, committed 68416K, reserved 1114112K
  class space    used 9077K, committed 9920K, reserved 1048576K
}
Event: 21.269 GC heap before
{Heap before GC invocations=18 (full 0):
 garbage-first heap   total 100352K, used 70568K [0x0000000080000000, 0x0000000100000000)
  region size 1024K, 28 young (28672K), 3 survivors (3072K)
 Metaspace       used 66980K, committed 68672K, reserved 1114112K
  class space    used 9116K, committed 9984K, reserved 1048576K
}
Event: 21.273 GC heap after
{Heap after GC invocations=19 (full 0):
 garbage-first heap   total 100352K, used 48253K [0x0000000080000000, 0x0000000100000000)
  region size 1024K, 4 young (4096K), 4 survivors (4096K)
 Metaspace       used 66980K, committed 68672K, reserved 1114112K
  class space    used 9116K, committed 9984K, reserved 1048576K
}
Event: 22.337 GC heap before
{Heap before GC invocations=20 (full 0):
 garbage-first heap   total 100352K, used 95357K [0x0000000080000000, 0x0000000100000000)
  region size 1024K, 44 young (45056K), 4 survivors (4096K)
 Metaspace       used 69782K, committed 71488K, reserved 1114112K
  class space    used 9489K, committed 10368K, reserved 1048576K
}
Event: 22.347 GC heap after
{Heap after GC invocations=21 (full 0):
 garbage-first heap   total 107520K, used 60586K [0x0000000080000000, 0x0000000100000000)
  region size 1024K, 6 young (6144K), 6 survivors (6144K)
 Metaspace       used 69782K, committed 71488K, reserved 1114112K
  class space    used 9489K, committed 10368K, reserved 1048576K
}

Dll operation events (3 events):
Event: 0.025 Loaded shared library C:\Program Files\Android\Android Studio\jbr\bin\java.dll
Event: 0.039 Loaded shared library C:\Program Files\Android\Android Studio\jbr\bin\zip.dll
Event: 1.343 Loaded shared library C:\Program Files\Android\Android Studio\jbr\bin\verify.dll

Deoptimization events (20 events):
Event: 22.111 Thread 0x000001b15212c640 Uncommon trap: trap_request=0xffffffc6 fr.pc=0x000001b13f72fad4 relative=0x0000000000000374
Event: 22.111 Thread 0x000001b15212c640 Uncommon trap: reason=bimorphic_or_optimized_type_check action=maybe_recompile pc=0x000001b13f72fad4 method=com.google.common.cache.LocalCache$Segment.getEntry(Ljava/lang/Object;I)Lcom/google/common/cache/ReferenceEntry; @ 11 c2
Event: 22.111 Thread 0x000001b15212c640 DEOPT PACKING pc=0x000001b13f72fad4 sp=0x0000001cd59f6e00
Event: 22.111 Thread 0x000001b15212c640 DEOPT UNPACKING pc=0x000001b13ee346a2 sp=0x0000001cd59f6d98 mode 2
Event: 22.367 Thread 0x000001b15212c640 Uncommon trap: trap_request=0xffffff45 fr.pc=0x000001b13f4a02d4 relative=0x0000000000001ed4
Event: 22.367 Thread 0x000001b15212c640 Uncommon trap: reason=unstable_if action=reinterpret pc=0x000001b13f4a02d4 method=java.util.zip.InflaterInputStream.read([BII)I @ 94 c2
Event: 22.367 Thread 0x000001b15212c640 DEOPT PACKING pc=0x000001b13f4a02d4 sp=0x0000001cd59f50a0
Event: 22.367 Thread 0x000001b15212c640 DEOPT UNPACKING pc=0x000001b13ee346a2 sp=0x0000001cd59f50f0 mode 2
Event: 22.798 Thread 0x000001b15212c640 DEOPT PACKING pc=0x000001b137f6b1a2 sp=0x0000001cd59f2e80
Event: 22.799 Thread 0x000001b15212c640 DEOPT UNPACKING pc=0x000001b13ee34e42 sp=0x0000001cd59f2390 mode 0
Event: 22.971 Thread 0x000001b15212c640 DEOPT PACKING pc=0x000001b137f6b1a2 sp=0x0000001cd59f6e30
Event: 22.971 Thread 0x000001b15212c640 DEOPT UNPACKING pc=0x000001b13ee34e42 sp=0x0000001cd59f6340 mode 0
Event: 23.008 Thread 0x000001b15212c640 Uncommon trap: trap_request=0xffffffde fr.pc=0x000001b13f661704 relative=0x0000000000006ac4
Event: 23.008 Thread 0x000001b15212c640 Uncommon trap: reason=class_check action=maybe_recompile pc=0x000001b13f661704 method=java.util.jar.JarFile.getManifestFromReference()Ljava/util/jar/Manifest; @ 152 c2
Event: 23.008 Thread 0x000001b15212c640 DEOPT PACKING pc=0x000001b13f661704 sp=0x0000001cd59f6810
Event: 23.008 Thread 0x000001b15212c640 DEOPT UNPACKING pc=0x000001b13ee346a2 sp=0x0000001cd59f6618 mode 2
Event: 23.290 Thread 0x000001b15212c640 Uncommon trap: trap_request=0xffffff45 fr.pc=0x000001b13f633e54 relative=0x0000000000000134
Event: 23.290 Thread 0x000001b15212c640 Uncommon trap: reason=unstable_if action=reinterpret pc=0x000001b13f633e54 method=org.objectweb.asm.ByteVector.putInt(I)Lorg/objectweb/asm/ByteVector; @ 13 c2
Event: 23.290 Thread 0x000001b15212c640 DEOPT PACKING pc=0x000001b13f633e54 sp=0x0000001cd59f6a20
Event: 23.290 Thread 0x000001b15212c640 DEOPT UNPACKING pc=0x000001b13ee346a2 sp=0x0000001cd59f69a8 mode 2

Classes loaded (20 events):
Event: 21.635 Loading class sun/misc/SharedSecrets
Event: 21.635 Loading class sun/misc/SharedSecrets done
Event: 21.639 Loading class sun/invoke/util/ValueConversions$1
Event: 21.640 Loading class sun/invoke/util/ValueConversions$1 done
Event: 21.641 Loading class java/lang/invoke/BoundMethodHandle$Species_LI
Event: 21.641 Loading class java/lang/invoke/BoundMethodHandle$Species_LI done
Event: 22.309 Loading class java/lang/invoke/BoundMethodHandle$Species_LJ
Event: 22.309 Loading class java/lang/invoke/BoundMethodHandle$Species_LJ done
Event: 22.403 Loading class java/io/StringReader
Event: 22.404 Loading class java/io/StringReader done
Event: 22.538 Loading class java/util/concurrent/atomic/AtomicIntegerArray
Event: 22.539 Loading class java/util/concurrent/atomic/AtomicIntegerArray done
Event: 22.562 Loading class java/util/Currency
Event: 22.579 Loading class java/util/Currency done
Event: 22.773 Loading class java/util/concurrent/atomic/AtomicLongArray
Event: 22.774 Loading class java/util/concurrent/atomic/AtomicLongArray done
Event: 23.053 Loading class sun/text/resources/cldr/FormatData_en
Event: 23.055 Loading class sun/text/resources/cldr/FormatData_en done
Event: 23.056 Loading class sun/text/resources/cldr/FormatData_en_US
Event: 23.056 Loading class sun/text/resources/cldr/FormatData_en_US done

Classes unloaded (0 events):
No events

Classes redefined (0 events):
No events

Internal exceptions (20 events):
Event: 21.168 Thread 0x000001b15212c640 Exception <a 'java/lang/NoSuchMethodError'{0x0000000084e95ba8}: 'void java.lang.invoke.DirectMethodHandle$Holder.invokeInterface(java.lang.Object, java.lang.Object, java.lang.Object, java.lang.Object)'> (0x0000000084e95ba8) 
thrown [s\src\hotspot\share\interpreter\linkResolver.cpp, line 784]
Event: 21.171 Thread 0x000001b15212c640 Exception <a 'java/lang/NoSuchMethodError'{0x0000000084eb92d0}: 'long java.lang.invoke.DirectMethodHandle$Holder.invokeVirtual(java.lang.Object, java.lang.Object)'> (0x0000000084eb92d0) 
thrown [s\src\hotspot\share\interpreter\linkResolver.cpp, line 784]
Event: 21.176 Thread 0x000001b15212ac00 Exception <a 'java/lang/NoSuchMethodError'{0x0000000084d08158}: static Lorg/gradle/internal/build/event/types/DefaultOperationFinishedProgressEvent;.<clinit>()V> (0x0000000084d08158) 
thrown [s\src\hotspot\share\prims\jni.cpp, line 1135]
Event: 21.182 Thread 0x000001b15212ac00 Exception <a 'java/lang/NoSuchMethodError'{0x0000000084d30590}: static Lorg/gradle/internal/build/event/types/DefaultProjectConfigurationSuccessResult;.<clinit>()V> (0x0000000084d30590) 
thrown [s\src\hotspot\share\prims\jni.cpp, line 1135]
Event: 21.183 Thread 0x000001b15212ac00 Exception <a 'java/lang/NoSuchMethodError'{0x0000000084d31910}: static Lorg/gradle/internal/build/event/types/AbstractProjectConfigurationResult;.<clinit>()V> (0x0000000084d31910) 
thrown [s\src\hotspot\share\prims\jni.cpp, line 1135]
Event: 21.183 Thread 0x000001b15212ac00 Exception <a 'java/lang/NoSuchMethodError'{0x0000000084d32f78}: static Lorg/gradle/internal/build/event/types/AbstractOperationResult;.<clinit>()V> (0x0000000084d32f78) 
thrown [s\src\hotspot\share\prims\jni.cpp, line 1135]
Event: 21.183 Thread 0x000001b15212ac00 Exception <a 'java/lang/NoSuchMethodError'{0x0000000084d341d0}: static Lorg/gradle/internal/build/event/types/AbstractResult;.<clinit>()V> (0x0000000084d341d0) 
thrown [s\src\hotspot\share\prims\jni.cpp, line 1135]
Event: 21.186 Thread 0x000001b15212ac00 Exception <a 'java/lang/NoSuchMethodError'{0x0000000084db1ea8}: static Lorg/gradle/internal/build/event/types/DefaultPluginApplicationResult;.<clinit>()V> (0x0000000084db1ea8) 
thrown [s\src\hotspot\share\prims\jni.cpp, line 1135]
Event: 21.188 Thread 0x000001b15212ac00 Exception <a 'java/lang/NoSuchMethodError'{0x0000000084dbe080}: static Lorg/gradle/internal/build/event/types/DefaultBinaryPluginIdentifier;.<clinit>()V> (0x0000000084dbe080) 
thrown [s\src\hotspot\share\prims\jni.cpp, line 1135]
Event: 21.192 Thread 0x000001b15212ac00 Exception <a 'java/lang/NoSuchMethodError'{0x0000000084c008c8}: static Lorg/gradle/internal/build/event/types/DefaultScriptPluginIdentifier;.<clinit>()V> (0x0000000084c008c8) 
thrown [s\src\hotspot\share\prims\jni.cpp, line 1135]
Event: 21.253 Thread 0x000001b15212c640 Implicit null exception at 0x000001b13f6aa85d to 0x000001b13f6aad68
Event: 21.341 Thread 0x000001b15212c640 Exception <a 'java/lang/NoSuchMethodError'{0x0000000086016958}: 'void java.lang.invoke.Invokers$Holder.invoke_MT(java.lang.Object, java.lang.Object, java.lang.Object, java.lang.Object)'> (0x0000000086016958) 
thrown [s\src\hotspot\share\interpreter\linkResolver.cpp, line 784]
Event: 21.355 Thread 0x000001b15212c640 Exception <a 'java/lang/NoSuchMethodError'{0x00000000860852a0}: 'java.lang.Object java.lang.invoke.DirectMethodHandle$Holder.invokeStaticInit(java.lang.Object, java.lang.Object, java.lang.Object, java.lang.Object, java.lang.Object, java.lang.Object, java.lang.Object)'> (0x00000000860852a0) 
thrown [s\src\hotspot\share\interpreter\linkResolver.cpp, line 784]
Event: 21.362 Thread 0x000001b15212c640 Exception <a 'java/lang/NoSuchMethodError'{0x00000000860aabc8}: 'java.lang.Object java.lang.invoke.DirectMethodHandle$Holder.invokeSpecial(java.lang.Object, java.lang.Object, java.lang.Object, int, java.lang.Object, java.lang.Object)'> (0x00000000860aabc8) 
thrown [s\src\hotspot\share\interpreter\linkResolver.cpp, line 784]
Event: 21.635 Thread 0x000001b15212c640 Exception <a 'java/lang/ClassNotFoundException'{0x0000000085735dc0}: sun/misc/SharedSecrets> (0x0000000085735dc0) 
thrown [s\src\hotspot\share\classfile\systemDictionary.cpp, line 312]
Event: 21.635 Thread 0x000001b15212c640 Exception <a 'java/lang/ClassNotFoundException'{0x00000000857373d8}: org/gradle/api/internal/plugins/DefaultObjectConfigurationActionBeanInfo> (0x00000000857373d8) 
thrown [s\src\hotspot\share\classfile\systemDictionary.cpp, line 312]
Event: 21.636 Thread 0x000001b15212c640 Exception <a 'java/lang/ClassNotFoundException'{0x000000008574b290}: org/gradle/api/internal/plugins/DefaultObjectConfigurationActionCustomizer> (0x000000008574b290) 
thrown [s\src\hotspot\share\classfile\systemDictionary.cpp, line 312]
Event: 21.639 Thread 0x000001b15212c640 Implicit null exception at 0x000001b13f4e9ce5 to 0x000001b13f4e9f70
Event: 21.640 Thread 0x000001b15212c640 Exception <a 'java/lang/NoSuchMethodError'{0x0000000085758a98}: 'int java.lang.invoke.DirectMethodHandle$Holder.invokeSpecial(java.lang.Object, java.lang.Object, java.lang.Object, int)'> (0x0000000085758a98) 
thrown [s\src\hotspot\share\interpreter\linkResolver.cpp, line 784]
Event: 21.642 Thread 0x000001b15212c640 Exception <a 'java/lang/NoSuchMethodError'{0x0000000085769a68}: 'java.lang.Object java.lang.invoke.DirectMethodHandle$Holder.invokeStatic(java.lang.Object, java.lang.Object, java.lang.Object, java.lang.Object, int)'> (0x0000000085769a68) 
thrown [s\src\hotspot\share\interpreter\linkResolver.cpp, line 784]

ZGC Phase Switch (0 events):
No events

VM Operations (20 events):
Event: 19.935 Executing VM operation: ICBufferFull
Event: 19.935 Executing VM operation: ICBufferFull done
Event: 20.260 Executing VM operation: G1CollectForAllocation (G1 Evacuation Pause)
Event: 20.273 Executing VM operation: G1CollectForAllocation (G1 Evacuation Pause) done
Event: 20.841 Executing VM operation: ICBufferFull
Event: 20.841 Executing VM operation: ICBufferFull done
Event: 20.924 Executing VM operation: G1CollectForAllocation (G1 Evacuation Pause)
Event: 20.929 Executing VM operation: G1CollectForAllocation (G1 Evacuation Pause) done
Event: 21.253 Executing VM operation: ICBufferFull
Event: 21.253 Executing VM operation: ICBufferFull done
Event: 21.269 Executing VM operation: G1TryInitiateConcMark (G1 Humongous Allocation)
Event: 21.273 Executing VM operation: G1TryInitiateConcMark (G1 Humongous Allocation) done
Event: 21.330 Executing VM operation: G1PauseRemark
Event: 21.335 Executing VM operation: G1PauseRemark done
Event: 21.363 Executing VM operation: G1PauseCleanup
Event: 21.363 Executing VM operation: G1PauseCleanup done
Event: 21.442 Executing VM operation: HandshakeAllThreads (Deoptimize)
Event: 21.442 Executing VM operation: HandshakeAllThreads (Deoptimize) done
Event: 22.337 Executing VM operation: G1CollectForAllocation (G1 Evacuation Pause)
Event: 22.347 Executing VM operation: G1CollectForAllocation (G1 Evacuation Pause) done

Memory protections (0 events):
No events

Nmethod flushes (20 events):
Event: 21.334 Thread 0x000001b14be2c100 flushing  nmethod 0x000001b137b98590
Event: 21.334 Thread 0x000001b14be2c100 flushing  nmethod 0x000001b137b99410
Event: 21.334 Thread 0x000001b14be2c100 flushing  nmethod 0x000001b137bbfa10
Event: 21.334 Thread 0x000001b14be2c100 flushing  nmethod 0x000001b137bc0090
Event: 21.334 Thread 0x000001b14be2c100 flushing  nmethod 0x000001b137bfe310
Event: 21.334 Thread 0x000001b14be2c100 flushing  nmethod 0x000001b137bfe810
Event: 21.334 Thread 0x000001b14be2c100 flushing  nmethod 0x000001b137bff410
Event: 21.334 Thread 0x000001b14be2c100 flushing  nmethod 0x000001b137c02e90
Event: 21.334 Thread 0x000001b14be2c100 flushing  nmethod 0x000001b137c9c510
Event: 21.334 Thread 0x000001b14be2c100 flushing  nmethod 0x000001b137d37f90
Event: 21.334 Thread 0x000001b14be2c100 flushing  nmethod 0x000001b137d3aa90
Event: 21.334 Thread 0x000001b14be2c100 flushing  nmethod 0x000001b137e37b90
Event: 21.334 Thread 0x000001b14be2c100 flushing  nmethod 0x000001b137e8a090
Event: 21.334 Thread 0x000001b14be2c100 flushing  nmethod 0x000001b137fa1710
Event: 21.334 Thread 0x000001b14be2c100 flushing  nmethod 0x000001b137fa3810
Event: 21.334 Thread 0x000001b14be2c100 flushing  nmethod 0x000001b137feb090
Event: 21.334 Thread 0x000001b14be2c100 flushing  nmethod 0x000001b137ff3890
Event: 21.334 Thread 0x000001b14be2c100 flushing  nmethod 0x000001b137ff6190
Event: 21.334 Thread 0x000001b14be2c100 flushing  nmethod 0x000001b13805d690
Event: 21.334 Thread 0x000001b14be2c100 flushing  nmethod 0x000001b13805e790

Events (20 events):
Event: 19.397 Thread 0x000001b15212c640 Thread added: 0x000001b155538140
Event: 19.402 Thread 0x000001b15212c640 Thread added: 0x000001b15553a8a0
Event: 19.405 Thread 0x000001b15212c640 Thread added: 0x000001b15553c970
Event: 19.411 Thread 0x000001b15212c640 Thread added: 0x000001b155536070
Event: 19.415 Thread 0x000001b15212c640 Thread added: 0x000001b155536d90
Event: 19.419 Thread 0x000001b15212c640 Thread added: 0x000001b15553af30
Event: 19.423 Thread 0x000001b15212c640 Thread added: 0x000001b15553d000
Event: 19.449 Thread 0x000001b1500b2db0 Thread added: 0x000001b152b93eb0
Event: 20.015 Thread 0x000001b15212c640 Thread added: 0x000001b155537420
Event: 20.017 Thread 0x000001b15212c640 Thread added: 0x000001b15553a210
Event: 20.019 Thread 0x000001b15212c640 Thread added: 0x000001b15553bc50
Event: 20.022 Thread 0x000001b15212c640 Thread added: 0x000001b155536700
Event: 20.024 Thread 0x000001b15212c640 Thread added: 0x000001b15553b5c0
Event: 20.025 Thread 0x000001b15212c640 Thread added: 0x000001b155537ab0
Event: 20.027 Thread 0x000001b15212c640 Thread added: 0x000001b1555387d0
Event: 21.909 Thread 0x000001b152b93eb0 Thread exited: 0x000001b152b93eb0
Event: 21.930 Thread 0x000001b152b937e0 Thread exited: 0x000001b152b937e0
Event: 23.088 Thread 0x000001b1500b2db0 Thread added: 0x000001b152b92370
Event: 23.220 Thread 0x000001b15212c640 Thread added: 0x000001b1541f4c90
Event: 23.237 Thread 0x000001b1500b2db0 Thread added: 0x000001b152b937e0


Dynamic libraries:
0x00007ff62cca0000 - 0x00007ff62ccaa000 	C:\Program Files\Android\Android Studio\jbr\bin\java.exe
0x00007ffc605f0000 - 0x00007ffc607e8000 	C:\windows\SYSTEM32\ntdll.dll
0x00007ffc5ec00000 - 0x00007ffc5ecc2000 	C:\windows\System32\KERNEL32.DLL
0x00007ffc5e0d0000 - 0x00007ffc5e3c6000 	C:\windows\System32\KERNELBASE.dll
0x00007ffc5e520000 - 0x00007ffc5e620000 	C:\windows\System32\ucrtbase.dll
0x00007ffc4e620000 - 0x00007ffc4e63b000 	C:\Program Files\Android\Android Studio\jbr\bin\VCRUNTIME140.dll
0x00007ffc5a070000 - 0x00007ffc5a088000 	C:\Program Files\Android\Android Studio\jbr\bin\jli.dll
0x00007ffc60120000 - 0x00007ffc602bd000 	C:\windows\System32\USER32.dll
0x00007ffc5e4f0000 - 0x00007ffc5e512000 	C:\windows\System32\win32u.dll
0x00007ffc46ce0000 - 0x00007ffc46f7a000 	C:\windows\WinSxS\amd64_microsoft.windows.common-controls_6595b64144ccf1df_6.0.19041.5794_none_60bcd33171f2783c\COMCTL32.dll
0x00007ffc5e6c0000 - 0x00007ffc5e6eb000 	C:\windows\System32\GDI32.dll
0x00007ffc5e620000 - 0x00007ffc5e6be000 	C:\windows\System32\msvcrt.dll
0x00007ffc5e3d0000 - 0x00007ffc5e4ea000 	C:\windows\System32\gdi32full.dll
0x00007ffc5ddd0000 - 0x00007ffc5de6d000 	C:\windows\System32\msvcp_win.dll
0x00007ffc5f000000 - 0x00007ffc5f02f000 	C:\windows\System32\IMM32.DLL
0x00007ffc555f0000 - 0x00007ffc555fc000 	C:\Program Files\Android\Android Studio\jbr\bin\vcruntime140_1.dll
0x00007ffc2b4e0000 - 0x00007ffc2b56d000 	C:\Program Files\Android\Android Studio\jbr\bin\msvcp140.dll
0x00007ffc06b20000 - 0x00007ffc077ab000 	C:\Program Files\Android\Android Studio\jbr\bin\server\jvm.dll
0x00007ffc603e0000 - 0x00007ffc6048f000 	C:\windows\System32\ADVAPI32.dll
0x00007ffc602c0000 - 0x00007ffc6035f000 	C:\windows\System32\sechost.dll
0x00007ffc5ecd0000 - 0x00007ffc5edf3000 	C:\windows\System32\RPCRT4.dll
0x00007ffc5e0a0000 - 0x00007ffc5e0c7000 	C:\windows\System32\bcrypt.dll
0x00007ffc5f610000 - 0x00007ffc5f67b000 	C:\windows\System32\WS2_32.dll
0x00007ffc5daf0000 - 0x00007ffc5db3b000 	C:\windows\SYSTEM32\POWRPROF.dll
0x00007ffc56080000 - 0x00007ffc5608a000 	C:\windows\SYSTEM32\VERSION.dll
0x00007ffc540a0000 - 0x00007ffc540c7000 	C:\windows\SYSTEM32\WINMM.dll
0x00007ffc5dad0000 - 0x00007ffc5dae2000 	C:\windows\SYSTEM32\UMPDC.dll
0x00007ffc5bb10000 - 0x00007ffc5bb22000 	C:\windows\SYSTEM32\kernel.appcore.dll
0x00007ffc554b0000 - 0x00007ffc554ba000 	C:\Program Files\Android\Android Studio\jbr\bin\jimage.dll
0x00007ffc44400000 - 0x00007ffc44601000 	C:\windows\SYSTEM32\DBGHELP.DLL
0x00007ffc44af0000 - 0x00007ffc44b24000 	C:\windows\SYSTEM32\dbgcore.DLL
0x00007ffc5dc90000 - 0x00007ffc5dd12000 	C:\windows\System32\bcryptPrimitives.dll
0x00007ffc5b310000 - 0x00007ffc5b31e000 	C:\Program Files\Android\Android Studio\jbr\bin\instrument.dll
0x00007ffc4e4c0000 - 0x00007ffc4e4e0000 	C:\Program Files\Android\Android Studio\jbr\bin\java.dll
0x00007ffc4e470000 - 0x00007ffc4e488000 	C:\Program Files\Android\Android Studio\jbr\bin\zip.dll
0x00007ffc5f6f0000 - 0x00007ffc5fe5e000 	C:\windows\System32\SHELL32.dll
0x00007ffc5bd10000 - 0x00007ffc5c4b3000 	C:\windows\SYSTEM32\windows.storage.dll
0x00007ffc5e6f0000 - 0x00007ffc5ea43000 	C:\windows\System32\combase.dll
0x00007ffc5d5f0000 - 0x00007ffc5d61b000 	C:\windows\SYSTEM32\Wldp.dll
0x00007ffc5fe70000 - 0x00007ffc5ff3d000 	C:\windows\System32\OLEAUT32.dll
0x00007ffc60500000 - 0x00007ffc605ad000 	C:\windows\System32\SHCORE.dll
0x00007ffc5f690000 - 0x00007ffc5f6e5000 	C:\windows\System32\shlwapi.dll
0x00007ffc5dbc0000 - 0x00007ffc5dbe5000 	C:\windows\SYSTEM32\profapi.dll
0x00007ffc55330000 - 0x00007ffc55340000 	C:\Program Files\Android\Android Studio\jbr\bin\net.dll
0x00007ffc56850000 - 0x00007ffc5695a000 	C:\windows\SYSTEM32\WINHTTP.dll
0x00007ffc5d350000 - 0x00007ffc5d3bc000 	C:\windows\system32\mswsock.dll
0x00007ffc4df80000 - 0x00007ffc4df96000 	C:\Program Files\Android\Android Studio\jbr\bin\nio.dll
0x00007ffc54ad0000 - 0x00007ffc54ae0000 	C:\Program Files\Android\Android Studio\jbr\bin\verify.dll
0x00007ffc3f3b0000 - 0x00007ffc3f3d7000 	C:\Users\Efi\.gradle\native\c067742578af261105cb4f569cf0c3c89f3d7b1fecec35dd04571415982c5e48\windows-amd64\native-platform.dll
0x00007ffc2b390000 - 0x00007ffc2b4d4000 	C:\Users\Efi\.gradle\native\100fb08df4bc3b14c8652ba06237920a3bd2aa13389f12d3474272988ae205f9\windows-amd64\native-platform-file-events.dll
0x00007ffc4e150000 - 0x00007ffc4e159000 	C:\Program Files\Android\Android Studio\jbr\bin\management.dll
0x00007ffc4df70000 - 0x00007ffc4df7b000 	C:\Program Files\Android\Android Studio\jbr\bin\management_ext.dll
0x00007ffc604f0000 - 0x00007ffc604f8000 	C:\windows\System32\PSAPI.DLL
0x00007ffc5d550000 - 0x00007ffc5d568000 	C:\windows\SYSTEM32\CRYPTSP.dll
0x00007ffc5cc70000 - 0x00007ffc5cca8000 	C:\windows\system32\rsaenh.dll
0x00007ffc5db80000 - 0x00007ffc5dbae000 	C:\windows\SYSTEM32\USERENV.dll
0x00007ffc5d540000 - 0x00007ffc5d54c000 	C:\windows\SYSTEM32\CRYPTBASE.dll
0x00007ffc5d030000 - 0x00007ffc5d06b000 	C:\windows\SYSTEM32\IPHLPAPI.DLL
0x00007ffc5fe60000 - 0x00007ffc5fe68000 	C:\windows\System32\NSI.dll
0x00007ffc4e510000 - 0x00007ffc4e519000 	C:\Program Files\Android\Android Studio\jbr\bin\extnet.dll
0x00007ffc4e5a0000 - 0x00007ffc4e5a7000 	C:\windows\system32\wshunix.dll

dbghelp: loaded successfully - version: 4.0.5 - missing functions: none
symbol engine: initialized successfully - sym options: 0x614 - pdb path: .;C:\Program Files\Android\Android Studio\jbr\bin;C:\windows\SYSTEM32;C:\windows\WinSxS\amd64_microsoft.windows.common-controls_6595b64144ccf1df_6.0.19041.5794_none_60bcd33171f2783c;C:\Program Files\Android\Android Studio\jbr\bin\server;C:\Users\Efi\.gradle\native\c067742578af261105cb4f569cf0c3c89f3d7b1fecec35dd04571415982c5e48\windows-amd64;C:\Users\Efi\.gradle\native\100fb08df4bc3b14c8652ba06237920a3bd2aa13389f12d3474272988ae205f9\windows-amd64

VM Arguments:
jvm_args: --add-opens=java.base/java.lang=ALL-UNNAMED --add-opens=java.base/java.lang.invoke=ALL-UNNAMED --add-opens=java.base/java.util=ALL-UNNAMED --add-opens=java.prefs/java.util.prefs=ALL-UNNAMED --add-exports=jdk.compiler/com.sun.tools.javac.api=ALL-UNNAMED --add-exports=jdk.compiler/com.sun.tools.javac.util=ALL-UNNAMED --add-opens=java.base/java.util=ALL-UNNAMED --add-opens=java.prefs/java.util.prefs=ALL-UNNAMED --add-opens=java.base/java.nio.charset=ALL-UNNAMED --add-opens=java.base/java.net=ALL-UNNAMED --add-opens=java.base/java.util.concurrent.atomic=ALL-UNNAMED --add-opens=java.xml/javax.xml.namespace=ALL-UNNAMED -Xmx2048m -Dfile.encoding=UTF-8 -Duser.country=GR -Duser.language=el -Duser.variant -javaagent:C:\Users\Efi\.gradle\wrapper\dists\gradle-8.11.1-bin\bpt9gzteqjrbo1mjrsomdt32c\gradle-8.11.1\lib\agents\gradle-instrumentation-agent-8.11.1.jar 
java_command: org.gradle.launcher.daemon.bootstrap.GradleDaemon 8.11.1
java_class_path (initial): C:\Users\Efi\.gradle\wrapper\dists\gradle-8.11.1-bin\bpt9gzteqjrbo1mjrsomdt32c\gradle-8.11.1\lib\gradle-daemon-main-8.11.1.jar
Launcher Type: SUN_STANDARD

[Global flags]
     intx CICompilerCount                          = 4                                         {product} {ergonomic}
     uint ConcGCThreads                            = 2                                         {product} {ergonomic}
     uint G1ConcRefinementThreads                  = 8                                         {product} {ergonomic}
   size_t G1HeapRegionSize                         = 1048576                                   {product} {ergonomic}
    uintx GCDrainStackTargetSize                   = 64                                        {product} {ergonomic}
   size_t InitialHeapSize                          = 100663296                                 {product} {ergonomic}
   size_t MarkStackSize                            = 4194304                                   {product} {ergonomic}
   size_t MaxHeapSize                              = 2147483648                                {product} {command line}
   size_t MaxNewSize                               = 1287651328                                {product} {ergonomic}
   size_t MinHeapDeltaBytes                        = 1048576                                   {product} {ergonomic}
   size_t MinHeapSize                              = 8388608                                   {product} {ergonomic}
    uintx NonNMethodCodeHeapSize                   = 5839372                                {pd product} {ergonomic}
    uintx NonProfiledCodeHeapSize                  = 122909434                              {pd product} {ergonomic}
    uintx ProfiledCodeHeapSize                     = 122909434                              {pd product} {ergonomic}
    uintx ReservedCodeCacheSize                    = 251658240                              {pd product} {ergonomic}
     bool SegmentedCodeCache                       = true                                      {product} {ergonomic}
   size_t SoftMaxHeapSize                          = 2147483648                             {manageable} {ergonomic}
     bool UseCompressedOops                        = true                           {product lp64_product} {ergonomic}
     bool UseG1GC                                  = true                                      {product} {ergonomic}
     bool UseLargePagesIndividualAllocation        = false                                  {pd product} {ergonomic}

Logging:
Log output configuration:
 #0: stdout all=warning uptime,level,tags foldmultilines=false
 #1: stderr all=off uptime,level,tags foldmultilines=false

Environment Variables:
JAVA_HOME=C:\Program Files\Java\jdk-20
PATH=C:\Program Files\Common Files\Oracle\Java\javapath;C:\Program Files (x86)\Common Files\Oracle\Java\javapath;C:\windows\system32;C:\windows;C:\windows\System32\Wbem;C:\windows\System32\WindowsPowerShell\v1.0\;C:\windows\System32\OpenSSH\;C:\Program Files\PuTTY\;C:\Program Files\Common Files\Autodesk Shared\;C:\Program Files\Microsoft SQL Server\120\Tools\Binn\;C:\Program Files\Java\jdk-17.0.3.1\bin;C:\Program Files\Java\jdk-17.0.3.1\bin;C:\Program Files\Java\jdk-17\bin;C:\Program Files\Microsoft SQL Server\150\Tools\Binn\;C:\Program Files\Microsoft SQL Server\Client SDK\ODBC\170\Tools\Binn\;C:\Program Files\dotnet\;C:\Program Files\Java\jdk-20\bin;;C:\Program Files\HP\HP One Agent;C:\Users\Efi\AppData\Local\Microsoft\WindowsApps;
USERNAME=Efi
OS=Windows_NT
PROCESSOR_IDENTIFIER=AMD64 Family 23 Model 24 Stepping 1, AuthenticAMD
TMP=C:\Users\Efi\AppData\Local\Temp
TEMP=C:\Users\Efi\AppData\Local\Temp




Periodic native trim disabled

JNI global refs:
JNI global refs: 28, weak refs: 0

JNI global refs memory usage: 835, weak refs: 833

Process memory usage:
Resident Set Size: 338588K (5% of 6236300K total physical memory with 677836K free physical memory)

OOME stack traces (most recent first):
Classloader memory used:
Loader org.gradle.internal.classloader.VisitableURLClassLoader                         : 34336K
Loader bootstrap                                                                       : 23082K
Loader org.gradle.initialization.MixInLegacyTypesClassLoader                           : 9514K
Loader org.gradle.internal.classloader.VisitableURLClassLoader$InstrumentingVisitableURLClassLoader: 4408K
Loader jdk.internal.loader.ClassLoaders$PlatformClassLoader                            : 529K
Loader jdk.internal.loader.ClassLoaders$AppClassLoader                                 : 234K
Loader jdk.internal.reflect.DelegatingClassLoader                                      : 143K
Loader org.gradle.internal.classloader.VisitableURLClassLoader                         : 116K

Classes loaded by more than one classloader:
Class Program                                                                         : loaded 4 times (x 70B)
Class org.gradle.internal.classloader.FilteringClassLoader                            : loaded 2 times (x 101B)
Class [Lcom.google.common.base.AbstractIterator$State;                                : loaded 2 times (x 65B)
Class com.google.common.base.CharMatcher$IsEither                                     : loaded 2 times (x 107B)
Class org.gradle.internal.classloader.ClassLoaderHierarchy                            : loaded 2 times (x 66B)
Class com.google.common.collect.ImmutableList$1                                       : loaded 2 times (x 93B)
Class org.gradle.api.internal.classpath.ManifestUtil                                  : loaded 2 times (x 67B)
Class com.google.common.collect.RegularImmutableMap                                   : loaded 2 times (x 117B)
Class com.google.common.collect.ImmutableMap$MapViewOfValuesAsSingletonSets           : loaded 2 times (x 121B)
Class com.google.common.collect.UnmodifiableListIterator                              : loaded 2 times (x 91B)
Class org.gradle.internal.classloader.DefaultClassLoaderFactory                       : loaded 2 times (x 78B)
Class com.google.common.base.CharMatcher$None                                         : loaded 2 times (x 108B)
Class org.gradle.internal.classloader.ClassLoaderVisitor                              : loaded 2 times (x 72B)
Class [Lcom.google.common.collect.ImmutableMapEntry;                                  : loaded 2 times (x 65B)
Class org.gradle.api.internal.classpath.EffectiveClassPath                            : loaded 2 times (x 86B)
Class com.google.common.collect.ImmutableEnumMap                                      : loaded 2 times (x 121B)
Class com.google.common.collect.ListMultimap                                          : loaded 2 times (x 66B)
Class com.google.common.base.Splitter                                                 : loaded 2 times (x 68B)
Class org.gradle.api.internal.DefaultClassPathProvider                                : loaded 2 times (x 72B)
Class [Lorg.gradle.api.internal.ClassPathProvider;                                    : loaded 2 times (x 65B)
Class org.gradle.api.internal.ClassPathProvider                                       : loaded 2 times (x 66B)
Class com.google.common.base.AbstractIterator$State                                   : loaded 2 times (x 75B)
Class org.gradle.internal.service.UnknownServiceException                             : loaded 2 times (x 79B)
Class com.google.common.collect.MapDifference                                         : loaded 2 times (x 66B)
Class com.google.common.base.Splitter$1                                               : loaded 2 times (x 73B)
Class org.gradle.internal.classpath.TransformedClassPath                              : loaded 2 times (x 92B)
Class org.gradle.internal.classloader.InstrumentingClassLoader                        : loaded 2 times (x 66B)
Class com.google.common.collect.Iterators$ArrayItr                                    : loaded 2 times (x 93B)
Class com.google.common.collect.ImmutableCollection$Builder                           : loaded 2 times (x 72B)
Class com.google.common.collect.Platform                                              : loaded 2 times (x 67B)
Class com.google.common.collect.UnmodifiableIterator                                  : loaded 2 times (x 76B)
Class org.gradle.internal.service.ServiceLocator                                      : loaded 2 times (x 66B)
Class com.google.common.collect.AbstractMapEntry                                      : loaded 2 times (x 77B)
Class com.google.common.collect.AbstractMultimap                                      : loaded 2 times (x 119B)
Class com.google.common.collect.RegularImmutableAsList                                : loaded 2 times (x 212B)
Class com.google.common.collect.Iterators                                             : loaded 2 times (x 67B)
Class com.google.common.base.CharMatcher$RangesMatcher                                : loaded 2 times (x 108B)
Class com.google.common.collect.Lists$StringAsImmutableList                           : loaded 2 times (x 203B)
Class org.gradle.kotlin.dsl.VersionCatalogAccessorsKt                                 : loaded 2 times (x 67B)
Class com.google.common.base.CharMatcher$JavaLetterOrDigit                            : loaded 2 times (x 107B)
Class org.gradle.internal.InternalTransformer                                         : loaded 2 times (x 66B)
Class com.google.common.base.CharMatcher$And                                          : loaded 2 times (x 108B)
Class org.gradle.internal.classloader.ClasspathUtil$1                                 : loaded 2 times (x 72B)
Class com.google.common.collect.IndexedImmutableSet                                   : loaded 2 times (x 146B)
Class com.google.common.collect.ImmutableMap$1                                        : loaded 2 times (x 77B)
Class com.google.common.collect.BiMap                                                 : loaded 2 times (x 66B)
Class org.gradle.api.internal.classpath.DefaultModuleRegistry$DefaultModule           : loaded 2 times (x 82B)
Class com.google.common.collect.AbstractIterator                                      : loaded 2 times (x 78B)
Class com.google.common.math.MathPreconditions                                        : loaded 2 times (x 67B)
Class com.google.common.collect.Multiset                                              : loaded 2 times (x 66B)
Class com.google.common.collect.ArrayListMultimapGwtSerializationDependencies         : loaded 2 times (x 168B)
Class com.google.common.collect.ObjectArrays                                          : loaded 2 times (x 67B)
Class com.google.common.collect.AbstractIndexedListIterator                           : loaded 2 times (x 92B)
Class com.google.common.collect.ImmutableMapEntrySet                                  : loaded 2 times (x 147B)
Class org.gradle.api.internal.classpath.Module                                        : loaded 2 times (x 66B)
Class org.gradle.api.internal.classpath.UnknownModuleException                        : loaded 2 times (x 78B)
Class com.google.common.collect.ImmutableMap$Builder                                  : loaded 2 times (x 78B)
Class com.google.common.base.NullnessCasts                                            : loaded 2 times (x 67B)
Class org.gradle.api.internal.DefaultClassPathRegistry                                : loaded 2 times (x 72B)
Class com.google.common.collect.Multimap                                              : loaded 2 times (x 66B)
Class org.gradle.api.internal.ClassPathRegistry                                       : loaded 2 times (x 66B)
Class org.gradle.internal.classpath.DefaultClassPath$ImmutableUniqueList              : loaded 2 times (x 195B)
Class com.google.common.cache.CacheBuilder                                            : loaded 2 times (x 68B)
Class com.google.common.collect.SingletonImmutableList                                : loaded 2 times (x 203B)
Class com.google.common.collect.RegularImmutableMap$KeySet                            : loaded 2 times (x 146B)
Class Settings_gradle$1                                                               : loaded 2 times (x 70B)
Class org.gradle.internal.classpath.ClassPath                                         : loaded 2 times (x 66B)
Class org.gradle.api.UncheckedIOException                                             : loaded 2 times (x 78B)
Class com.google.common.collect.ImmutableList$ReverseImmutableList                    : loaded 2 times (x 204B)
Class com.google.common.base.JdkPattern                                               : loaded 2 times (x 71B)
Class com.google.common.collect.Iterators$1                                           : loaded 2 times (x 77B)
Class com.google.common.collect.SingletonImmutableSet                                 : loaded 2 times (x 142B)
Class com.google.common.collect.ImmutableMap$IteratorBasedImmutableMap                : loaded 2 times (x 121B)
Class com.google.common.cache.CacheLoader                                             : loaded 2 times (x 70B)
Class com.google.common.collect.Iterators$4                                           : loaded 2 times (x 78B)
Class com.google.common.collect.ImmutableBiMap                                        : loaded 2 times (x 139B)
Class com.google.common.collect.AbstractListMultimap                                  : loaded 2 times (x 168B)
Class org.gradle.internal.installation.GradleInstallation$1                           : loaded 2 times (x 71B)
Class org.gradle.api.internal.classpath.ModuleRegistry                                : loaded 2 times (x 66B)
Class com.google.common.collect.Iterators$5                                           : loaded 2 times (x 78B)
Class com.google.common.collect.ImmutableSet$JdkBackedSetBuilderImpl                  : loaded 2 times (x 72B)
Class com.google.common.base.Splitter$SplittingIterator                               : loaded 2 times (x 80B)
Class com.google.common.base.CharMatcher$ForPredicate                                 : loaded 2 times (x 108B)
Class com.google.common.collect.ImmutableCollection                                   : loaded 2 times (x 121B)
Class com.google.common.base.CharMatcher$AnyOf                                        : loaded 2 times (x 108B)
Class org.gradle.api.internal.classpath.DefaultModuleRegistry                         : loaded 2 times (x 82B)
Class com.google.common.collect.ImmutableSet$CachingAsList                            : loaded 2 times (x 143B)
Class com.google.common.base.Converter                                                : loaded 2 times (x 86B)
Class com.google.common.collect.Lists                                                 : loaded 2 times (x 67B)
Class com.google.common.base.CharMatcher$Any                                          : loaded 2 times (x 108B)
Class com.google.common.collect.Iterators$9                                           : loaded 2 times (x 77B)
Class com.google.common.collect.AbstractMapBasedMultimap                              : loaded 2 times (x 135B)
Class com.google.common.collect.ImmutableAsList                                       : loaded 2 times (x 205B)
Class com.google.common.collect.Maps$EntryTransformer                                 : loaded 2 times (x 66B)
Class org.gradle.internal.service.ServiceLookupException                              : loaded 2 times (x 78B)
Class com.google.common.base.CharMatcher$JavaLetter                                   : loaded 2 times (x 107B)
Class org.gradle.internal.classloader.ClassLoaderFactory                              : loaded 2 times (x 66B)
Class com.google.common.base.CharMatcher$IsNot                                        : loaded 2 times (x 107B)
Class com.google.common.base.CommonPattern                                            : loaded 2 times (x 70B)
Class org.gradle.internal.service.CachingServiceLocator                               : loaded 2 times (x 78B)
Class com.google.common.math.IntMath                                                  : loaded 2 times (x 67B)
Class com.google.common.collect.Iterators$10                                          : loaded 2 times (x 77B)
Class com.google.common.collect.ImmutableMapEntry                                     : loaded 2 times (x 81B)
Class com.google.common.base.CharMatcher$JavaDigit                                    : loaded 2 times (x 107B)
Class com.google.common.collect.ImmutableMapEntry$NonTerminalImmutableMapEntry        : loaded 2 times (x 81B)
Class com.google.common.base.Function                                                 : loaded 2 times (x 66B)
Class com.google.common.collect.RegularImmutableList                                  : loaded 2 times (x 208B)
Class com.google.common.collect.ImmutableBiMapFauxverideShim                          : loaded 2 times (x 116B)
Class org.gradle.internal.classloader.ClasspathUtil                                   : loaded 2 times (x 67B)
Class com.google.common.collect.Maps                                                  : loaded 2 times (x 67B)
Class com.google.common.base.CharMatcher$JavaUpperCase                                : loaded 2 times (x 107B)
Class org.gradle.api.specs.Spec                                                       : loaded 2 times (x 66B)
Class [Lcom.google.common.collect.ImmutableEntry;                                     : loaded 2 times (x 65B)
Class Build_gradle$1                                                                  : loaded 2 times (x 74B)
Class com.google.common.collect.Maps$8                                                : loaded 2 times (x 78B)
Class com.google.common.base.CharMatcher$Invisible                                    : loaded 2 times (x 108B)
Class org.gradle.internal.classloader.VisitableURLClassLoader$InstrumentingVisitableURLClassLoader: loaded 2 times (x 119B)
Class com.google.common.math.IntMath$1                                                : loaded 2 times (x 67B)
Class org.gradle.internal.classloader.VisitableURLClassLoader$Spec                    : loaded 2 times (x 70B)
Class org.gradle.internal.classpath.DefaultClassPath                                  : loaded 2 times (x 86B)
Class com.google.common.base.AbstractIterator                                         : loaded 2 times (x 76B)
Class com.google.common.collect.RegularImmutableMap$Values                            : loaded 2 times (x 203B)
Class com.google.common.collect.ImmutableSet                                          : loaded 2 times (x 141B)
Class com.google.common.base.CharMatcher$BitSetMatcher                                : loaded 2 times (x 108B)
Class com.google.common.base.CharMatcher$Ascii                                        : loaded 2 times (x 108B)
Class org.gradle.internal.classloader.ClassLoaderSpec                                 : loaded 2 times (x 67B)
Class com.google.common.base.CharMatcher$Or                                           : loaded 2 times (x 108B)
Class Settings_gradle$1$1                                                             : loaded 2 times (x 70B)
Class org.gradle.internal.classloader.VisitableURLClassLoader                         : loaded 2 times (x 113B)
Class Settings_gradle                                                                 : loaded 2 times (x 124B)
Class org.gradle.internal.Cast                                                        : loaded 2 times (x 67B)
Class org.gradle.api.Action                                                           : loaded 2 times (x 66B)
Class com.google.common.base.Ticker                                                   : loaded 2 times (x 68B)
Class com.google.common.base.CharMatcher$FastMatcher                                  : loaded 2 times (x 107B)
Class com.google.common.collect.ImmutableMap                                          : loaded 2 times (x 116B)
Class com.google.common.base.Predicate                                                : loaded 2 times (x 66B)
Class org.gradle.internal.classpath.DefaultClassPath$ImmutableUniqueList$Builder      : loaded 2 times (x 71B)
Class com.google.common.base.CharMatcher$NegatedFastMatcher                           : loaded 2 times (x 109B)
Class [Lcom.google.common.collect.AbstractMapEntry;                                   : loaded 2 times (x 65B)
Class com.google.common.collect.ImmutableEntry                                        : loaded 2 times (x 78B)
Class com.google.common.collect.ArrayListMultimap                                     : loaded 2 times (x 168B)
Class com.google.common.base.AbstractIterator$1                                       : loaded 2 times (x 67B)
Class com.google.common.base.CharMatcher$Digit                                        : loaded 2 times (x 108B)
Class org.gradle.api.GradleException                                                  : loaded 2 times (x 78B)
Class com.google.common.collect.CollectPreconditions                                  : loaded 2 times (x 67B)
Class com.google.common.base.CharMatcher$JavaIsoControl                               : loaded 2 times (x 108B)
Class com.google.common.collect.SortedMapDifference                                   : loaded 2 times (x 66B)
Class com.google.common.base.CharMatcher$JavaLowerCase                                : loaded 2 times (x 107B)
Class com.google.common.base.Splitter$1$1                                             : loaded 2 times (x 82B)
Class com.google.common.base.CharMatcher$Whitespace                                   : loaded 2 times (x 108B)
Class org.gradle.internal.IoActions                                                   : loaded 2 times (x 67B)
Class com.google.common.collect.ImmutableSet$RegularSetBuilderImpl                    : loaded 2 times (x 73B)
Class com.google.common.base.CharMatcher$SingleWidth                                  : loaded 2 times (x 108B)
Class org.gradle.internal.classloader.SystemClassLoaderSpec                           : loaded 2 times (x 67B)
Class com.google.common.collect.RegularImmutableMap$BucketOverflowException           : loaded 2 times (x 78B)
Class com.google.common.base.CharMatcher$Negated                                      : loaded 2 times (x 109B)
Class com.google.common.base.CharMatcher$Is                                           : loaded 2 times (x 107B)
Class com.google.common.collect.Hashing                                               : loaded 2 times (x 67B)
Class com.google.common.base.Preconditions                                            : loaded 2 times (x 67B)
Class com.google.common.collect.PeekingIterator                                       : loaded 2 times (x 66B)
Class com.google.common.base.CharMatcher                                              : loaded 2 times (x 107B)
Class com.google.common.base.CharMatcher$1                                            : loaded 2 times (x 109B)
Class com.google.common.base.CharMatcher$NamedFastMatcher                             : loaded 2 times (x 108B)
Class org.gradle.api.internal.classpath.GlobalCacheRootsProvider                      : loaded 2 times (x 66B)
Class com.google.common.collect.ImmutableMapEntrySet$RegularEntrySet                  : loaded 2 times (x 147B)
Class com.google.common.collect.Maps$BiMapConverter                                   : loaded 2 times (x 86B)
Class com.google.common.collect.ImmutableSet$Builder                                  : loaded 2 times (x 81B)
Class com.google.common.base.CharMatcher$InRange                                      : loaded 2 times (x 107B)
Class Build_gradle                                                                    : loaded 2 times (x 68B)
Class org.gradle.internal.installation.CurrentGradleInstallationLocator               : loaded 2 times (x 67B)
Class com.google.common.collect.ImmutableSet$EmptySetBuilderImpl                      : loaded 2 times (x 72B)
Class com.google.common.collect.ImmutableList                                         : loaded 2 times (x 202B)
Class org.gradle.internal.service.DefaultServiceLocator                               : loaded 2 times (x 79B)
Class com.google.common.collect.ImmutableSet$SetBuilderImpl                           : loaded 2 times (x 72B)
Class org.gradle.internal.installation.CurrentGradleInstallation                      : loaded 2 times (x 69B)
Class com.google.common.collect.ImmutableList$SubList                                 : loaded 2 times (x 204B)
Class org.gradle.util.internal.GUtil                                                  : loaded 2 times (x 67B)
Class com.google.common.collect.Iterators$MergingIterator                             : loaded 2 times (x 77B)
Class com.google.common.collect.RegularImmutableSet                                   : loaded 2 times (x 144B)
Class org.gradle.internal.installation.GradleInstallation                             : loaded 2 times (x 71B)
Class com.google.common.collect.Iterables                                             : loaded 2 times (x 67B)
Class com.google.common.base.Splitter$Strategy                                        : loaded 2 times (x 66B)

---------------  S Y S T E M  ---------------

OS:
 Windows 10 , 64 bit Build 19041 (10.0.19041.5794)
OS uptime: 1 days 0:40 hours

CPU: total 8 (initial active 8) (8 cores per cpu, 2 threads per core) family 23 model 24 stepping 1 microcode 0x0, cx8, cmov, fxsr, ht, mmx, 3dnowpref, sse, sse2, sse3, ssse3, sse4a, sse4.1, sse4.2, popcnt, lzcnt, tsc, tscinvbit, avx, avx2, aes, clmul, bmi1, bmi2, adx, sha, fma, vzeroupper, clflush, clflushopt, rdtscp, f16c
Processor Information for the first 8 processors :
  Max Mhz: 2100, Current Mhz: 2100, Mhz Limit: 2100

Memory: 4k page, system-wide physical 6090M (658M free)
TotalPageFile size 24522M (AvailPageFile size 5M)
current process WorkingSet (physical memory assigned to process): 330M, peak: 330M
current process commit charge ("private bytes"): 368M, peak: 370M

vm_info: OpenJDK 64-Bit Server VM (21.0.6+-13355223-b631.42) for windows-amd64 JRE (21.0.6+-13355223-b631.42), built on 2025-04-14T18:21:23Z by "builder" with MS VC++ 16.10 / 16.11 (VS2019)

END.
